[0.224s] Invoking command in '/home/kien/colcon_ws/build/cnn_msgs': CMAKE_PREFIX_PATH=${CMAKE_PREFIX_PATH}:/home/kien/colcon_ws/install/drl_vo_controller:/home/kien/colcon_ws/install/apf_python_example:/opt/ros/humble PS1=(.venv) \[\e]0;\u@\h: \w\a\]${debian_chroot:+($debian_chroot)}\[\033[01;32m\]\u@\h\[\033[00m\]:\[\033[01;34m\]\w\[\033[00m\]\$ /usr/bin/cmake /home/kien/colcon_ws/src/nav2_pyif/cnn_msgs -DAMENT_CMAKE_SYMLINK_INSTALL=1 -DCMAKE_INSTALL_PREFIX=/home/kien/colcon_ws/install/cnn_msgs
[0.274s] -- The C compiler identification is GNU 11.4.0
[0.323s] -- The CXX compiler identification is GNU 11.4.0
[0.330s] -- Detecting C compiler ABI info
[0.396s] -- Detecting C compiler ABI info - done
[0.401s] -- Check for working C compiler: /usr/bin/cc - skipped
[0.401s] -- Detecting C compile features
[0.402s] -- Detecting C compile features - done
[0.404s] -- Detecting CXX compiler ABI info
[0.477s] -- Detecting CXX compiler ABI info - done
[0.482s] -- Check for working CXX compiler: /usr/bin/c++ - skipped
[0.482s] -- Detecting CXX compile features
[0.483s] -- Detecting CXX compile features - done
[0.485s] -- Found ament_cmake: 1.3.11 (/opt/ros/humble/share/ament_cmake/cmake)
[0.628s] -- Found Python3: /home/kien/colcon_ws/.venv/bin/python3 (found version "3.10.12") found components: Interpreter 
[0.688s] -- Override CMake install command with custom implementation using symlinks instead of copying resources
[0.718s] -- Found rosidl_default_generators: 1.2.0 (/opt/ros/humble/share/rosidl_default_generators/cmake)
[0.721s] -- Using all available rosidl_typesupport_c: rosidl_typesupport_fastrtps_c;rosidl_typesupport_introspection_c
[0.727s] -- Found rosidl_adapter: 3.1.6 (/opt/ros/humble/share/rosidl_adapter/cmake)
[0.764s] -- Using all available rosidl_typesupport_cpp: rosidl_typesupport_fastrtps_cpp;rosidl_typesupport_introspection_cpp
[0.793s] -- Found std_msgs: 4.2.4 (/opt/ros/humble/share/std_msgs/cmake)
[0.929s] [31mCMake Error at /opt/ros/humble/share/rosidl_adapter/cmake/rosidl_adapt_interfaces.cmake:59 (message):
[0.929s]   execute_process(/home/kien/colcon_ws/.venv/bin/python3 -m rosidl_adapter
[0.929s]   --package-name cnn_msgs --arguments-file
[0.929s]   /home/kien/colcon_ws/build/cnn_msgs/rosidl_adapter__arguments__cnn_msgs.json
[0.929s]   --output-dir /home/kien/colcon_ws/build/cnn_msgs/rosidl_adapter/cnn_msgs
[0.929s]   --output-file
[0.929s]   /home/kien/colcon_ws/build/cnn_msgs/rosidl_adapter/cnn_msgs.idls) returned
[0.929s]   error code 1:
[0.930s] 
[0.930s]   Traceback (most recent call last):
[0.930s] 
[0.930s]     File "/usr/lib/python3.10/runpy.py", line 196, in _run_module_as_main
[0.930s]       return _run_code(code, main_globals, None,
[0.930s]     File "/usr/lib/python3.10/runpy.py", line 86, in _run_code
[0.930s]       exec(code, run_globals)
[0.930s]     File "/opt/ros/humble/local/lib/python3.10/dist-packages/rosidl_adapter/__main__.py", line 19, in <module>
[0.930s]       sys.exit(main())
[0.930s]     File "/opt/ros/humble/local/lib/python3.10/dist-packages/rosidl_adapter/main.py", line 53, in main
[0.930s]       abs_idl_file = convert_to_idl(
[0.930s]     File "/opt/ros/humble/local/lib/python3.10/dist-packages/rosidl_adapter/__init__.py", line 19, in convert_to_idl
[0.930s]       return convert_msg_to_idl(
[0.930s]     File "/opt/ros/humble/local/lib/python3.10/dist-packages/rosidl_adapter/msg/__init__.py", line 28, in convert_msg_to_idl
[0.931s]       msg = parse_message_string(package_name, input_file.stem, content)
[0.931s]     File "/opt/ros/humble/local/lib/python3.10/dist-packages/rosidl_adapter/parser.py", line 544, in parse_message_string
[0.931s]       msg = MessageSpecification(pkg_name, msg_name, fields, constants)
[0.931s]     File "/opt/ros/humble/local/lib/python3.10/dist-packages/rosidl_adapter/parser.py", line 388, in __init__
[0.931s]       self.base_type = BaseType(
[0.931s]     File "/opt/ros/humble/local/lib/python3.10/dist-packages/rosidl_adapter/parser.py", line 205, in __init__
[0.931s]       raise InvalidResourceName(
[0.931s] 
[0.931s]   rosidl_adapter.parser.InvalidResourceName: 'CNN_data' is an invalid message
[0.931s]   name.  It should have the pattern '^[A-Z][A-Za-z0-9]*$'
[0.931s] 
[0.931s] Call Stack (most recent call first):
[0.931s]   /opt/ros/humble/share/rosidl_cmake/cmake/rosidl_generate_interfaces.cmake:130 (rosidl_adapt_interfaces)
[0.932s]   CMakeLists.txt:10 (rosidl_generate_interfaces)
[0.932s] 
[0.932s] [0m
[0.932s] -- Configuring incomplete, errors occurred!
[0.932s] See also "/home/kien/colcon_ws/build/cnn_msgs/CMakeFiles/CMakeOutput.log".
[0.939s] Invoked command in '/home/kien/colcon_ws/build/cnn_msgs' returned '1': CMAKE_PREFIX_PATH=${CMAKE_PREFIX_PATH}:/home/kien/colcon_ws/install/drl_vo_controller:/home/kien/colcon_ws/install/apf_python_example:/opt/ros/humble PS1=(.venv) \[\e]0;\u@\h: \w\a\]${debian_chroot:+($debian_chroot)}\[\033[01;32m\]\u@\h\[\033[00m\]:\[\033[01;34m\]\w\[\033[00m\]\$ /usr/bin/cmake /home/kien/colcon_ws/src/nav2_pyif/cnn_msgs -DAMENT_CMAKE_SYMLINK_INSTALL=1 -DCMAKE_INSTALL_PREFIX=/home/kien/colcon_ws/install/cnn_msgs
