[35m[1mConsolidate compiler generated dependencies of target cnn_msgs__rosidl_generator_c[0m
[  3%] Built target cnn_msgs__cpp
[ 12%] Built target cnn_msgs__rosidl_generator_c
[ 12%] Built target ament_cmake_python_symlink_cnn_msgs
[35m[1mConsolidate compiler generated dependencies of target cnn_msgs__rosidl_typesupport_cpp[0m
[35m[1mConsolidate compiler generated dependencies of target cnn_msgs__rosidl_typesupport_introspection_cpp[0m
[35m[1mConsolidate compiler generated dependencies of target cnn_msgs__rosidl_typesupport_fastrtps_cpp[0m
[35m[1mConsolidate compiler generated dependencies of target cnn_msgs__rosidl_typesupport_c[0m
[35m[1mConsolidate compiler generated dependencies of target cnn_msgs__rosidl_typesupport_fastrtps_c[0m
[35m[1mConsolidate compiler generated dependencies of target cnn_msgs__rosidl_typesupport_introspection_c[0m
[ 22%] Built target cnn_msgs__rosidl_typesupport_c
[ 32%] Built target cnn_msgs__rosidl_typesupport_cpp
[ 41%] Built target cnn_msgs__rosidl_typesupport_introspection_c
[ 51%] Built target cnn_msgs__rosidl_typesupport_introspection_cpp
[ 61%] Built target cnn_msgs__rosidl_typesupport_fastrtps_c
[ 70%] Built target cnn_msgs__rosidl_typesupport_fastrtps_cpp
[ 70%] Built target cnn_msgs
[ 74%] Built target cnn_msgs__py
[35m[1mConsolidate compiler generated dependencies of target cnn_msgs__rosidl_generator_py[0m
[ 80%] Built target cnn_msgs__rosidl_generator_py
[35m[1mConsolidate compiler generated dependencies of target cnn_msgs__rosidl_typesupport_introspection_c__pyext[0m
[35m[1mConsolidate compiler generated dependencies of target cnn_msgs__rosidl_typesupport_c__pyext[0m
[35m[1mConsolidate compiler generated dependencies of target cnn_msgs__rosidl_typesupport_fastrtps_c__pyext[0m
[100%] Built target cnn_msgs__rosidl_typesupport_c__pyext
[100%] Built target cnn_msgs__rosidl_typesupport_fastrtps_c__pyext
[100%] Built target cnn_msgs__rosidl_typesupport_introspection_c__pyext
running egg_info
writing cnn_msgs.egg-info/PKG-INFO
writing dependency_links to cnn_msgs.egg-info/dependency_links.txt
writing top-level names to cnn_msgs.egg-info/top_level.txt
reading manifest file 'cnn_msgs.egg-info/SOURCES.txt'
writing manifest file 'cnn_msgs.egg-info/SOURCES.txt'
[100%] Built target ament_cmake_python_build_cnn_msgs_egg
