[0.229s] Invoking command in '/home/kien/colcon_ws/build/cnn_msgs': CMAKE_PREFIX_PATH=${CMAKE_PREFIX_PATH}:/home/kien/colcon_ws/install/drl_vo_controller:/home/kien/colcon_ws/install/apf_python_example:/opt/ros/humble PS1=(.venv) \[\e]0;\u@\h: \w\a\]${debian_chroot:+($debian_chroot)}\[\033[01;32m\]\u@\h\[\033[00m\]:\[\033[01;34m\]\w\[\033[00m\]\$ /usr/bin/cmake --build /home/kien/colcon_ws/build/cnn_msgs -- -j16 -l16
[0.265s] [35m[1mConsolidate compiler generated dependencies of target cnn_msgs__rosidl_generator_c[0m
[0.275s] [  3%] Built target cnn_msgs__cpp
[0.277s] [ 12%] Built target cnn_msgs__rosidl_generator_c
[0.285s] [ 12%] Built target ament_cmake_python_symlink_cnn_msgs
[0.285s] [35m[1mConsolidate compiler generated dependencies of target cnn_msgs__rosidl_typesupport_cpp[0m
[0.285s] [35m[1mConsolidate compiler generated dependencies of target cnn_msgs__rosidl_typesupport_introspection_cpp[0m
[0.285s] [35m[1mConsolidate compiler generated dependencies of target cnn_msgs__rosidl_typesupport_fastrtps_cpp[0m
[0.286s] [35m[1mConsolidate compiler generated dependencies of target cnn_msgs__rosidl_typesupport_c[0m
[0.286s] [35m[1mConsolidate compiler generated dependencies of target cnn_msgs__rosidl_typesupport_fastrtps_c[0m
[0.286s] [35m[1mConsolidate compiler generated dependencies of target cnn_msgs__rosidl_typesupport_introspection_c[0m
[0.297s] [ 22%] Built target cnn_msgs__rosidl_typesupport_c
[0.297s] [ 32%] Built target cnn_msgs__rosidl_typesupport_cpp
[0.297s] [ 41%] Built target cnn_msgs__rosidl_typesupport_introspection_c
[0.299s] [ 51%] Built target cnn_msgs__rosidl_typesupport_introspection_cpp
[0.300s] [ 61%] Built target cnn_msgs__rosidl_typesupport_fastrtps_c
[0.301s] [ 70%] Built target cnn_msgs__rosidl_typesupport_fastrtps_cpp
[0.321s] [ 70%] Built target cnn_msgs
[0.343s] [ 74%] Built target cnn_msgs__py
[0.354s] [35m[1mConsolidate compiler generated dependencies of target cnn_msgs__rosidl_generator_py[0m
[0.369s] [ 80%] Built target cnn_msgs__rosidl_generator_py
[0.380s] [35m[1mConsolidate compiler generated dependencies of target cnn_msgs__rosidl_typesupport_introspection_c__pyext[0m
[0.380s] [35m[1mConsolidate compiler generated dependencies of target cnn_msgs__rosidl_typesupport_c__pyext[0m
[0.380s] [35m[1mConsolidate compiler generated dependencies of target cnn_msgs__rosidl_typesupport_fastrtps_c__pyext[0m
[0.392s] [100%] Built target cnn_msgs__rosidl_typesupport_c__pyext
[0.392s] [100%] Built target cnn_msgs__rosidl_typesupport_fastrtps_c__pyext
[0.392s] [100%] Built target cnn_msgs__rosidl_typesupport_introspection_c__pyext
[0.454s] running egg_info
[0.455s] writing cnn_msgs.egg-info/PKG-INFO
[0.455s] writing dependency_links to cnn_msgs.egg-info/dependency_links.txt
[0.455s] writing top-level names to cnn_msgs.egg-info/top_level.txt
[0.456s] reading manifest file 'cnn_msgs.egg-info/SOURCES.txt'
[0.457s] writing manifest file 'cnn_msgs.egg-info/SOURCES.txt'
[0.482s] [100%] Built target ament_cmake_python_build_cnn_msgs_egg
