[0.219s] Invoking command in '/home/kien/colcon_ws/build/cnn_msgs': CMAKE_PREFIX_PATH=/opt/ros/humble /usr/bin/cmake --build /home/kien/colcon_ws/build/cnn_msgs -- -j16 -l16
[0.267s] [  9%] Built target cnn_msgs__rosidl_generator_c
[0.267s] [ 12%] Built target cnn_msgs__cpp
[0.276s] [ 12%] Built target ament_cmake_python_symlink_cnn_msgs
[0.286s] [ 32%] Built target cnn_msgs__rosidl_typesupport_c
[0.286s] [ 32%] Built target cnn_msgs__rosidl_typesupport_introspection_c
[0.286s] [ 41%] Built target cnn_msgs__rosidl_typesupport_fastrtps_c
[0.286s] [ 51%] Built target cnn_msgs__rosidl_typesupport_introspection_cpp
[0.287s] [ 61%] Built target cnn_msgs__rosidl_typesupport_fastrtps_cpp
[0.296s] [ 70%] Built target cnn_msgs__rosidl_typesupport_cpp
[0.317s] [ 70%] Built target cnn_msgs
[0.337s] [ 74%] Built target cnn_msgs__py
[0.359s] [ 80%] Built target cnn_msgs__rosidl_generator_py
[0.381s] [100%] Built target cnn_msgs__rosidl_typesupport_introspection_c__pyext
[0.381s] [100%] Built target cnn_msgs__rosidl_typesupport_fastrtps_c__pyext
[0.381s] [100%] Built target cnn_msgs__rosidl_typesupport_c__pyext
[0.439s] running egg_info
[0.440s] writing cnn_msgs.egg-info/PKG-INFO
[0.440s] writing dependency_links to cnn_msgs.egg-info/dependency_links.txt
[0.440s] writing top-level names to cnn_msgs.egg-info/top_level.txt
[0.441s] reading manifest file 'cnn_msgs.egg-info/SOURCES.txt'
[0.442s] writing manifest file 'cnn_msgs.egg-info/SOURCES.txt'
[0.470s] [100%] Built target ament_cmake_python_build_cnn_msgs_egg
[0.488s] Invoked command in '/home/kien/colcon_ws/build/cnn_msgs' returned '0': CMAKE_PREFIX_PATH=/opt/ros/humble /usr/bin/cmake --build /home/kien/colcon_ws/build/cnn_msgs -- -j16 -l16
[0.489s] Invoking command in '/home/kien/colcon_ws/build/cnn_msgs': CMAKE_PREFIX_PATH=/opt/ros/humble /usr/bin/cmake --install /home/kien/colcon_ws/build/cnn_msgs
[0.497s] -- Install configuration: ""
[0.498s] -- Execute custom install script
[0.498s] -- Up-to-date symlink: /home/kien/colcon_ws/install/cnn_msgs/share/ament_index/resource_index/rosidl_interfaces/cnn_msgs
[0.499s] -- Up-to-date symlink: /home/kien/colcon_ws/install/cnn_msgs/include/cnn_msgs/cnn_msgs/msg/cnn_data.h
[0.499s] -- Up-to-date symlink: /home/kien/colcon_ws/install/cnn_msgs/include/cnn_msgs/cnn_msgs/msg/detail/cnn_data__functions.h
[0.499s] -- Up-to-date symlink: /home/kien/colcon_ws/install/cnn_msgs/include/cnn_msgs/cnn_msgs/msg/detail/cnn_data__struct.h
[0.499s] -- Up-to-date symlink: /home/kien/colcon_ws/install/cnn_msgs/include/cnn_msgs/cnn_msgs/msg/detail/cnn_data__type_support.h
[0.499s] -- Up-to-date symlink: /home/kien/colcon_ws/install/cnn_msgs/include/cnn_msgs/cnn_msgs/msg/rosidl_generator_c__visibility_control.h
[0.499s] -- Up-to-date symlink: /home/kien/colcon_ws/install/cnn_msgs/share/cnn_msgs/environment/library_path.sh
[0.499s] -- Up-to-date symlink: /home/kien/colcon_ws/install/cnn_msgs/share/cnn_msgs/environment/library_path.dsv
[0.500s] -- Up-to-date symlink: /home/kien/colcon_ws/install/cnn_msgs/include/cnn_msgs/cnn_msgs/msg/detail/cnn_data__rosidl_typesupport_fastrtps_c.h
[0.500s] -- Up-to-date symlink: /home/kien/colcon_ws/install/cnn_msgs/include/cnn_msgs/cnn_msgs/msg/rosidl_typesupport_fastrtps_c__visibility_control.h
[0.500s] -- Up-to-date symlink: /home/kien/colcon_ws/install/cnn_msgs/include/cnn_msgs/cnn_msgs/msg/detail/cnn_data__rosidl_typesupport_introspection_c.h
[0.500s] -- Up-to-date symlink: /home/kien/colcon_ws/install/cnn_msgs/include/cnn_msgs/cnn_msgs/msg/rosidl_typesupport_introspection_c__visibility_control.h
[0.501s] -- Up-to-date symlink: /home/kien/colcon_ws/install/cnn_msgs/include/cnn_msgs/cnn_msgs/msg/cnn_data.hpp
[0.501s] -- Up-to-date symlink: /home/kien/colcon_ws/install/cnn_msgs/include/cnn_msgs/cnn_msgs/msg/detail/cnn_data__builder.hpp
[0.501s] -- Up-to-date symlink: /home/kien/colcon_ws/install/cnn_msgs/include/cnn_msgs/cnn_msgs/msg/detail/cnn_data__struct.hpp
[0.501s] -- Up-to-date symlink: /home/kien/colcon_ws/install/cnn_msgs/include/cnn_msgs/cnn_msgs/msg/detail/cnn_data__traits.hpp
[0.501s] -- Up-to-date symlink: /home/kien/colcon_ws/install/cnn_msgs/include/cnn_msgs/cnn_msgs/msg/detail/cnn_data__type_support.hpp
[0.501s] -- Up-to-date symlink: /home/kien/colcon_ws/install/cnn_msgs/include/cnn_msgs/cnn_msgs/msg/rosidl_generator_cpp__visibility_control.hpp
[0.502s] -- Up-to-date symlink: /home/kien/colcon_ws/install/cnn_msgs/include/cnn_msgs/cnn_msgs/msg/detail/cnn_data__rosidl_typesupport_fastrtps_cpp.hpp
[0.502s] -- Up-to-date symlink: /home/kien/colcon_ws/install/cnn_msgs/include/cnn_msgs/cnn_msgs/msg/rosidl_typesupport_fastrtps_cpp__visibility_control.h
[0.502s] -- Up-to-date symlink: /home/kien/colcon_ws/install/cnn_msgs/include/cnn_msgs/cnn_msgs/msg/detail/cnn_data__rosidl_typesupport_introspection_cpp.hpp
[0.502s] -- Up-to-date symlink: /home/kien/colcon_ws/install/cnn_msgs/share/cnn_msgs/environment/pythonpath.sh
[0.502s] -- Up-to-date symlink: /home/kien/colcon_ws/install/cnn_msgs/share/cnn_msgs/environment/pythonpath.dsv
[0.503s] -- Up-to-date symlink: /home/kien/colcon_ws/install/cnn_msgs/lib/python3.10/site-packages/cnn_msgs-0.0.0-py3.10.egg-info/PKG-INFO
[0.503s] -- Up-to-date symlink: /home/kien/colcon_ws/install/cnn_msgs/lib/python3.10/site-packages/cnn_msgs-0.0.0-py3.10.egg-info/SOURCES.txt
[0.503s] -- Up-to-date symlink: /home/kien/colcon_ws/install/cnn_msgs/lib/python3.10/site-packages/cnn_msgs-0.0.0-py3.10.egg-info/dependency_links.txt
[0.503s] -- Up-to-date symlink: /home/kien/colcon_ws/install/cnn_msgs/lib/python3.10/site-packages/cnn_msgs-0.0.0-py3.10.egg-info/top_level.txt
[0.504s] -- Up-to-date symlink: /home/kien/colcon_ws/install/cnn_msgs/lib/python3.10/site-packages/cnn_msgs/__init__.py
[0.504s] -- Up-to-date symlink: /home/kien/colcon_ws/install/cnn_msgs/lib/python3.10/site-packages/cnn_msgs/_cnn_msgs_s.ep.rosidl_typesupport_c.c
[0.504s] -- Up-to-date symlink: /home/kien/colcon_ws/install/cnn_msgs/lib/python3.10/site-packages/cnn_msgs/_cnn_msgs_s.ep.rosidl_typesupport_fastrtps_c.c
[0.504s] -- Up-to-date symlink: /home/kien/colcon_ws/install/cnn_msgs/lib/python3.10/site-packages/cnn_msgs/_cnn_msgs_s.ep.rosidl_typesupport_introspection_c.c
[0.504s] -- Up-to-date symlink: /home/kien/colcon_ws/install/cnn_msgs/lib/python3.10/site-packages/cnn_msgs/cnn_msgs_s__rosidl_typesupport_c.cpython-310-x86_64-linux-gnu.so
[0.504s] -- Up-to-date symlink: /home/kien/colcon_ws/install/cnn_msgs/lib/python3.10/site-packages/cnn_msgs/cnn_msgs_s__rosidl_typesupport_fastrtps_c.cpython-310-x86_64-linux-gnu.so
[0.504s] -- Up-to-date symlink: /home/kien/colcon_ws/install/cnn_msgs/lib/python3.10/site-packages/cnn_msgs/cnn_msgs_s__rosidl_typesupport_introspection_c.cpython-310-x86_64-linux-gnu.so
[0.504s] -- Up-to-date symlink: /home/kien/colcon_ws/install/cnn_msgs/lib/python3.10/site-packages/cnn_msgs/libcnn_msgs__rosidl_generator_py.so
[0.504s] -- Up-to-date symlink: /home/kien/colcon_ws/install/cnn_msgs/lib/python3.10/site-packages/cnn_msgs/msg/__init__.py
[0.505s] -- Up-to-date symlink: /home/kien/colcon_ws/install/cnn_msgs/lib/python3.10/site-packages/cnn_msgs/msg/_cnn_data.py
[0.505s] -- Up-to-date symlink: /home/kien/colcon_ws/install/cnn_msgs/lib/python3.10/site-packages/cnn_msgs/msg/_cnn_data_s.c
[0.505s] -- Up-to-date symlink: /home/kien/colcon_ws/install/cnn_msgs/lib/python3.10/site-packages/cnn_msgs/cnn_msgs_s__rosidl_typesupport_fastrtps_c.cpython-310-x86_64-linux-gnu.so
[0.505s] -- Up-to-date symlink: /home/kien/colcon_ws/install/cnn_msgs/lib/python3.10/site-packages/cnn_msgs/cnn_msgs_s__rosidl_typesupport_introspection_c.cpython-310-x86_64-linux-gnu.so
[0.505s] -- Up-to-date symlink: /home/kien/colcon_ws/install/cnn_msgs/lib/python3.10/site-packages/cnn_msgs/cnn_msgs_s__rosidl_typesupport_c.cpython-310-x86_64-linux-gnu.so
[0.505s] -- Up-to-date symlink: /home/kien/colcon_ws/install/cnn_msgs/share/cnn_msgs/msg/CNNData.idl
[0.505s] -- Up-to-date symlink: /home/kien/colcon_ws/install/cnn_msgs/share/cnn_msgs/msg/CNNData.msg
[0.505s] -- Up-to-date symlink: /home/kien/colcon_ws/install/cnn_msgs/share/ament_index/resource_index/package_run_dependencies/cnn_msgs
[0.506s] -- Up-to-date symlink: /home/kien/colcon_ws/install/cnn_msgs/share/ament_index/resource_index/parent_prefix_path/cnn_msgs
[0.506s] -- Up-to-date symlink: /home/kien/colcon_ws/install/cnn_msgs/share/cnn_msgs/environment/ament_prefix_path.sh
[0.506s] -- Up-to-date symlink: /home/kien/colcon_ws/install/cnn_msgs/share/cnn_msgs/environment/ament_prefix_path.dsv
[0.506s] -- Up-to-date symlink: /home/kien/colcon_ws/install/cnn_msgs/share/cnn_msgs/environment/path.sh
[0.506s] -- Up-to-date symlink: /home/kien/colcon_ws/install/cnn_msgs/share/cnn_msgs/environment/path.dsv
[0.506s] -- Up-to-date symlink: /home/kien/colcon_ws/install/cnn_msgs/share/cnn_msgs/local_setup.bash
[0.506s] -- Up-to-date symlink: /home/kien/colcon_ws/install/cnn_msgs/share/cnn_msgs/local_setup.sh
[0.506s] -- Up-to-date symlink: /home/kien/colcon_ws/install/cnn_msgs/share/cnn_msgs/local_setup.zsh
[0.507s] -- Up-to-date symlink: /home/kien/colcon_ws/install/cnn_msgs/share/cnn_msgs/local_setup.dsv
[0.507s] -- Symlinking: /home/kien/colcon_ws/install/cnn_msgs/share/cnn_msgs/package.dsv
[0.516s] -- Up-to-date symlink: /home/kien/colcon_ws/install/cnn_msgs/share/ament_index/resource_index/packages/cnn_msgs
[0.516s] -- Up-to-date symlink: /home/kien/colcon_ws/install/cnn_msgs/share/cnn_msgs/cmake/rosidl_cmake-extras.cmake
[0.517s] -- Up-to-date symlink: /home/kien/colcon_ws/install/cnn_msgs/share/cnn_msgs/cmake/ament_cmake_export_include_directories-extras.cmake
[0.517s] -- Up-to-date symlink: /home/kien/colcon_ws/install/cnn_msgs/share/cnn_msgs/cmake/ament_cmake_export_libraries-extras.cmake
[0.517s] -- Up-to-date symlink: /home/kien/colcon_ws/install/cnn_msgs/share/cnn_msgs/cmake/ament_cmake_export_targets-extras.cmake
[0.517s] -- Up-to-date symlink: /home/kien/colcon_ws/install/cnn_msgs/share/cnn_msgs/cmake/rosidl_cmake_export_typesupport_targets-extras.cmake
[0.517s] -- Up-to-date symlink: /home/kien/colcon_ws/install/cnn_msgs/share/cnn_msgs/cmake/ament_cmake_export_dependencies-extras.cmake
[0.517s] -- Up-to-date symlink: /home/kien/colcon_ws/install/cnn_msgs/share/cnn_msgs/cmake/rosidl_cmake_export_typesupport_libraries-extras.cmake
[0.517s] -- Up-to-date symlink: /home/kien/colcon_ws/install/cnn_msgs/share/cnn_msgs/cmake/cnn_msgsConfig.cmake
[0.517s] -- Up-to-date symlink: /home/kien/colcon_ws/install/cnn_msgs/share/cnn_msgs/cmake/cnn_msgsConfig-version.cmake
[0.517s] -- Up-to-date symlink: /home/kien/colcon_ws/install/cnn_msgs/share/cnn_msgs/package.xml
[0.517s] -- Up-to-date: /home/kien/colcon_ws/install/cnn_msgs/lib/libcnn_msgs__rosidl_generator_c.so
[0.518s] -- Up-to-date: /home/kien/colcon_ws/install/cnn_msgs/lib/libcnn_msgs__rosidl_typesupport_fastrtps_c.so
[0.518s] -- Up-to-date: /home/kien/colcon_ws/install/cnn_msgs/lib/libcnn_msgs__rosidl_typesupport_introspection_c.so
[0.518s] -- Up-to-date: /home/kien/colcon_ws/install/cnn_msgs/lib/libcnn_msgs__rosidl_typesupport_c.so
[0.518s] -- Up-to-date: /home/kien/colcon_ws/install/cnn_msgs/lib/libcnn_msgs__rosidl_typesupport_fastrtps_cpp.so
[0.519s] -- Up-to-date: /home/kien/colcon_ws/install/cnn_msgs/lib/libcnn_msgs__rosidl_typesupport_introspection_cpp.so
[0.519s] -- Up-to-date: /home/kien/colcon_ws/install/cnn_msgs/lib/libcnn_msgs__rosidl_typesupport_cpp.so
[0.546s] Listing '/home/kien/colcon_ws/install/cnn_msgs/lib/python3.10/site-packages/cnn_msgs'...
[0.546s] Listing '/home/kien/colcon_ws/install/cnn_msgs/lib/python3.10/site-packages/cnn_msgs/msg'...
[0.551s] -- Up-to-date: /home/kien/colcon_ws/install/cnn_msgs/lib/libcnn_msgs__rosidl_generator_py.so
[0.551s] -- Up-to-date: /home/kien/colcon_ws/install/cnn_msgs/share/cnn_msgs/cmake/export_cnn_msgs__rosidl_generator_cExport.cmake
[0.551s] -- Up-to-date: /home/kien/colcon_ws/install/cnn_msgs/share/cnn_msgs/cmake/export_cnn_msgs__rosidl_generator_cExport-noconfig.cmake
[0.551s] -- Up-to-date: /home/kien/colcon_ws/install/cnn_msgs/share/cnn_msgs/cmake/export_cnn_msgs__rosidl_typesupport_fastrtps_cExport.cmake
[0.551s] -- Up-to-date: /home/kien/colcon_ws/install/cnn_msgs/share/cnn_msgs/cmake/export_cnn_msgs__rosidl_typesupport_fastrtps_cExport-noconfig.cmake
[0.552s] -- Up-to-date: /home/kien/colcon_ws/install/cnn_msgs/share/cnn_msgs/cmake/cnn_msgs__rosidl_typesupport_introspection_cExport.cmake
[0.552s] -- Up-to-date: /home/kien/colcon_ws/install/cnn_msgs/share/cnn_msgs/cmake/cnn_msgs__rosidl_typesupport_introspection_cExport-noconfig.cmake
[0.552s] -- Up-to-date: /home/kien/colcon_ws/install/cnn_msgs/share/cnn_msgs/cmake/cnn_msgs__rosidl_typesupport_cExport.cmake
[0.552s] -- Up-to-date: /home/kien/colcon_ws/install/cnn_msgs/share/cnn_msgs/cmake/cnn_msgs__rosidl_typesupport_cExport-noconfig.cmake
[0.552s] -- Up-to-date: /home/kien/colcon_ws/install/cnn_msgs/share/cnn_msgs/cmake/export_cnn_msgs__rosidl_generator_cppExport.cmake
[0.552s] -- Up-to-date: /home/kien/colcon_ws/install/cnn_msgs/share/cnn_msgs/cmake/export_cnn_msgs__rosidl_typesupport_fastrtps_cppExport.cmake
[0.552s] -- Up-to-date: /home/kien/colcon_ws/install/cnn_msgs/share/cnn_msgs/cmake/export_cnn_msgs__rosidl_typesupport_fastrtps_cppExport-noconfig.cmake
[0.552s] -- Up-to-date: /home/kien/colcon_ws/install/cnn_msgs/share/cnn_msgs/cmake/cnn_msgs__rosidl_typesupport_introspection_cppExport.cmake
[0.552s] -- Up-to-date: /home/kien/colcon_ws/install/cnn_msgs/share/cnn_msgs/cmake/cnn_msgs__rosidl_typesupport_introspection_cppExport-noconfig.cmake
[0.552s] -- Up-to-date: /home/kien/colcon_ws/install/cnn_msgs/share/cnn_msgs/cmake/cnn_msgs__rosidl_typesupport_cppExport.cmake
[0.552s] -- Up-to-date: /home/kien/colcon_ws/install/cnn_msgs/share/cnn_msgs/cmake/cnn_msgs__rosidl_typesupport_cppExport-noconfig.cmake
[0.552s] -- Up-to-date: /home/kien/colcon_ws/install/cnn_msgs/share/cnn_msgs/cmake/export_cnn_msgs__rosidl_generator_pyExport.cmake
[0.552s] -- Up-to-date: /home/kien/colcon_ws/install/cnn_msgs/share/cnn_msgs/cmake/export_cnn_msgs__rosidl_generator_pyExport-noconfig.cmake
[0.555s] Invoked command in '/home/kien/colcon_ws/build/cnn_msgs' returned '0': CMAKE_PREFIX_PATH=/opt/ros/humble /usr/bin/cmake --install /home/kien/colcon_ws/build/cnn_msgs
