[0.767s] Invoking command in '/home/kien/colcon_ws/build/apf_python_example': PS1=(.venv) \[\e]0;\u@\h: \w\a\]${debian_chroot:+($debian_chroot)}\[\033[01;32m\]\u@\h\[\033[00m\]:\[\033[01;34m\]\w\[\033[00m\]\$ PYTHONPATH=/home/kien/colcon_ws/build/apf_python_example/prefix_override:/usr/lib/python3/dist-packages/colcon_core/task/python/colcon_distutils_commands:/home/kien/colcon_ws/install/apf_python_example/lib/python3.10/site-packages:${PYTHONPATH} /usr/bin/python3 -W ignore:setup.py install is deprecated -W ignore:easy_install command is deprecated setup.py develop --editable --build-directory /home/kien/colcon_ws/build/apf_python_example/build --no-deps symlink_data
[1.001s] running develop
[1.154s] running egg_info
[1.154s] creating apf_python_example.egg-info
[1.154s] writing apf_python_example.egg-info/PKG-INFO
[1.154s] writing dependency_links to apf_python_example.egg-info/dependency_links.txt
[1.154s] writing entry points to apf_python_example.egg-info/entry_points.txt
[1.154s] writing requirements to apf_python_example.egg-info/requires.txt
[1.154s] writing top-level names to apf_python_example.egg-info/top_level.txt
[1.155s] writing manifest file 'apf_python_example.egg-info/SOURCES.txt'
[1.156s] reading manifest file 'apf_python_example.egg-info/SOURCES.txt'
[1.157s] writing manifest file 'apf_python_example.egg-info/SOURCES.txt'
[1.158s] running build_ext
[1.158s] Creating /home/kien/colcon_ws/install/apf_python_example/lib/python3.10/site-packages/apf-python-example.egg-link (link to .)
[1.159s] 
[1.159s] Installed /home/kien/colcon_ws/build/apf_python_example
[1.159s] running symlink_data
[1.159s] creating /home/kien/colcon_ws/install/apf_python_example/share/ament_index
[1.159s] creating /home/kien/colcon_ws/install/apf_python_example/share/ament_index/resource_index
[1.159s] creating /home/kien/colcon_ws/install/apf_python_example/share/ament_index/resource_index/packages
[1.159s] symbolically linking /home/kien/colcon_ws/build/apf_python_example/resource/apf_python_example -> /home/kien/colcon_ws/install/apf_python_example/share/ament_index/resource_index/packages
[1.160s] symbolically linking /home/kien/colcon_ws/build/apf_python_example/package.xml -> /home/kien/colcon_ws/install/apf_python_example/share/apf_python_example
