[ 80%] [32mBuilding CXX object CMakeFiles/nav2_pyif.dir/src/std_msgs.cpp.o[0m
[ 80%] [32mBuilding CXX object CMakeFiles/nav2_pyif.dir/src/nav_msgs.cpp.o[0m
[ 80%] [32mBuilding CXX object CMakeFiles/nav2_pyif.dir/src/python_interface.cpp.o[0m
[ 80%] [32mBuilding CXX object CMakeFiles/nav2_pyif.dir/src/geo_msgs.cpp.o[0m
[100%] [32m[1mLinking CXX shared library libnav2_pyif.so[0m
[100%] Built target nav2_pyif
-- Install configuration: ""
-- Execute custom install script
-- Symlinking: /home/kien/colcon_ws/install/nav2_pyif/include/nav2_pyif/geo_msgs.hpp
-- Symlinking: /home/kien/colcon_ws/install/nav2_pyif/include/nav2_pyif/nav2_pyif_utils.hpp
-- Symlinking: /home/kien/colcon_ws/install/nav2_pyif/include/nav2_pyif/nav_msgs.hpp
-- Symlinking: /home/kien/colcon_ws/install/nav2_pyif/include/nav2_pyif/python_interface.hpp
-- Symlinking: /home/kien/colcon_ws/install/nav2_pyif/include/nav2_pyif/std_msgs.hpp
-- Symlinking: /home/kien/colcon_ws/install/nav2_pyif/share/nav2_pyif/environment/library_path.sh
-- Symlinking: /home/kien/colcon_ws/install/nav2_pyif/share/nav2_pyif/environment/library_path.dsv
-- Symlinking: /home/kien/colcon_ws/install/nav2_pyif/share/ament_index/resource_index/package_run_dependencies/nav2_pyif
-- Symlinking: /home/kien/colcon_ws/install/nav2_pyif/share/ament_index/resource_index/parent_prefix_path/nav2_pyif
-- Symlinking: /home/kien/colcon_ws/install/nav2_pyif/share/nav2_pyif/environment/ament_prefix_path.sh
-- Symlinking: /home/kien/colcon_ws/install/nav2_pyif/share/nav2_pyif/environment/ament_prefix_path.dsv
-- Symlinking: /home/kien/colcon_ws/install/nav2_pyif/share/nav2_pyif/environment/path.sh
-- Symlinking: /home/kien/colcon_ws/install/nav2_pyif/share/nav2_pyif/environment/path.dsv
-- Symlinking: /home/kien/colcon_ws/install/nav2_pyif/share/nav2_pyif/local_setup.bash
-- Symlinking: /home/kien/colcon_ws/install/nav2_pyif/share/nav2_pyif/local_setup.sh
-- Symlinking: /home/kien/colcon_ws/install/nav2_pyif/share/nav2_pyif/local_setup.zsh
-- Symlinking: /home/kien/colcon_ws/install/nav2_pyif/share/nav2_pyif/local_setup.dsv
-- Symlinking: /home/kien/colcon_ws/install/nav2_pyif/share/nav2_pyif/package.dsv
-- Symlinking: /home/kien/colcon_ws/install/nav2_pyif/share/ament_index/resource_index/packages/nav2_pyif
-- Symlinking: /home/kien/colcon_ws/install/nav2_pyif/share/nav2_pyif/cmake/ament_cmake_export_include_directories-extras.cmake
-- Symlinking: /home/kien/colcon_ws/install/nav2_pyif/share/nav2_pyif/cmake/ament_cmake_export_libraries-extras.cmake
-- Symlinking: /home/kien/colcon_ws/install/nav2_pyif/share/nav2_pyif/cmake/ament_cmake_export_dependencies-extras.cmake
-- Symlinking: /home/kien/colcon_ws/install/nav2_pyif/share/nav2_pyif/cmake/ament_cmake_export_targets-extras.cmake
-- Symlinking: /home/kien/colcon_ws/install/nav2_pyif/share/nav2_pyif/cmake/nav2_pyifConfig.cmake
-- Symlinking: /home/kien/colcon_ws/install/nav2_pyif/share/nav2_pyif/cmake/nav2_pyifConfig-version.cmake
-- Symlinking: /home/kien/colcon_ws/install/nav2_pyif/share/nav2_pyif/package.xml
-- Installing: /home/kien/colcon_ws/install/nav2_pyif/lib/libnav2_pyif.so
-- Set runtime path of "/home/kien/colcon_ws/install/nav2_pyif/lib/libnav2_pyif.so" to ""
-- Installing: /home/kien/colcon_ws/install/nav2_pyif/share/nav2_pyif/cmake/export_nav2_pyifExport.cmake
-- Installing: /home/kien/colcon_ws/install/nav2_pyif/share/nav2_pyif/cmake/export_nav2_pyifExport-noconfig.cmake
