[0.012s] Invoking command in '/home/kien/colcon_ws/build/nav2_pyif_controller': CMAKE_PREFIX_PATH=/home/kien/colcon_ws/install/nav2_pyif:/home/kien/colcon_ws/install/cnn_msgs:/home/kien/colcon_ws/install/nav2_pyif_controller:/home/kien/colcon_ws/install/drl_vo_controller:/home/kien/colcon_ws/install/apf_python_example:/opt/ros/humble LD_LIBRARY_PATH=/home/kien/colcon_ws/install/nav2_pyif/lib:/home/kien/colcon_ws/install/cnn_msgs/lib:/home/kien/colcon_ws/install/nav2_pyif_controller/lib:/usr/lib/x86_64-linux-gnu/gazebo-11/plugins:/opt/ros/humble/opt/rviz_ogre_vendor/lib:/opt/ros/humble/lib/x86_64-linux-gnu:/opt/ros/humble/lib:/opt/ros/humble/lib/:/opt/ros/humble/lib/:/opt/ros/humble/lib/:/opt/ros/humble/lib/:/opt/ros/humble/lib/:/opt/ros/humble/lib/:/opt/ros/humble/lib/:/opt/ros/humble/lib/:/opt/ros/humble/lib/:/opt/ros/humble/lib/:/opt/ros/humble/lib/:/opt/ros/humble/lib/:/opt/ros/humble/lib/:/opt/ros/humble/lib/:/opt/ros/humble/lib/:/opt/ros/humble/lib/:/opt/ros/humble/lib/:/opt/ros/humble/lib/:/opt/ros/humble/lib/:/opt/ros/humble/lib/:/opt/ros/humble/lib/:/opt/ros/humble/lib/:/opt/ros/humble/lib/:/opt/ros/humble/lib/:/opt/ros/humble/lib/:/opt/ros/humble/lib/:/opt/ros/humble/lib/:/opt/ros/humble/lib/:/opt/ros/humble/lib/:/opt/ros/humble/lib/:/opt/ros/humble/lib/ PS1=(.venv) \[\e]0;\u@\h: \w\a\]${debian_chroot:+($debian_chroot)}\[\033[01;32m\]\u@\h\[\033[00m\]:\[\033[01;34m\]\w\[\033[00m\]\$ /usr/bin/cmake --build /home/kien/colcon_ws/build/nav2_pyif_controller -- -j16 -l16
[0.077s] [ 40%] Built target nav2_pyif_controller
[0.078s] [100%] Built target apf_test
[0.093s] Invoked command in '/home/kien/colcon_ws/build/nav2_pyif_controller' returned '0': CMAKE_PREFIX_PATH=/home/kien/colcon_ws/install/nav2_pyif:/home/kien/colcon_ws/install/cnn_msgs:/home/kien/colcon_ws/install/nav2_pyif_controller:/home/kien/colcon_ws/install/drl_vo_controller:/home/kien/colcon_ws/install/apf_python_example:/opt/ros/humble LD_LIBRARY_PATH=/home/kien/colcon_ws/install/nav2_pyif/lib:/home/kien/colcon_ws/install/cnn_msgs/lib:/home/kien/colcon_ws/install/nav2_pyif_controller/lib:/usr/lib/x86_64-linux-gnu/gazebo-11/plugins:/opt/ros/humble/opt/rviz_ogre_vendor/lib:/opt/ros/humble/lib/x86_64-linux-gnu:/opt/ros/humble/lib:/opt/ros/humble/lib/:/opt/ros/humble/lib/:/opt/ros/humble/lib/:/opt/ros/humble/lib/:/opt/ros/humble/lib/:/opt/ros/humble/lib/:/opt/ros/humble/lib/:/opt/ros/humble/lib/:/opt/ros/humble/lib/:/opt/ros/humble/lib/:/opt/ros/humble/lib/:/opt/ros/humble/lib/:/opt/ros/humble/lib/:/opt/ros/humble/lib/:/opt/ros/humble/lib/:/opt/ros/humble/lib/:/opt/ros/humble/lib/:/opt/ros/humble/lib/:/opt/ros/humble/lib/:/opt/ros/humble/lib/:/opt/ros/humble/lib/:/opt/ros/humble/lib/:/opt/ros/humble/lib/:/opt/ros/humble/lib/:/opt/ros/humble/lib/:/opt/ros/humble/lib/:/opt/ros/humble/lib/:/opt/ros/humble/lib/:/opt/ros/humble/lib/:/opt/ros/humble/lib/:/opt/ros/humble/lib/ PS1=(.venv) \[\e]0;\u@\h: \w\a\]${debian_chroot:+($debian_chroot)}\[\033[01;32m\]\u@\h\[\033[00m\]:\[\033[01;34m\]\w\[\033[00m\]\$ /usr/bin/cmake --build /home/kien/colcon_ws/build/nav2_pyif_controller -- -j16 -l16
[0.094s] Invoking command in '/home/kien/colcon_ws/build/nav2_pyif_controller': CMAKE_PREFIX_PATH=/home/kien/colcon_ws/install/nav2_pyif:/home/kien/colcon_ws/install/cnn_msgs:/home/kien/colcon_ws/install/nav2_pyif_controller:/home/kien/colcon_ws/install/drl_vo_controller:/home/kien/colcon_ws/install/apf_python_example:/opt/ros/humble LD_LIBRARY_PATH=/home/kien/colcon_ws/install/nav2_pyif/lib:/home/kien/colcon_ws/install/cnn_msgs/lib:/home/kien/colcon_ws/install/nav2_pyif_controller/lib:/usr/lib/x86_64-linux-gnu/gazebo-11/plugins:/opt/ros/humble/opt/rviz_ogre_vendor/lib:/opt/ros/humble/lib/x86_64-linux-gnu:/opt/ros/humble/lib:/opt/ros/humble/lib/:/opt/ros/humble/lib/:/opt/ros/humble/lib/:/opt/ros/humble/lib/:/opt/ros/humble/lib/:/opt/ros/humble/lib/:/opt/ros/humble/lib/:/opt/ros/humble/lib/:/opt/ros/humble/lib/:/opt/ros/humble/lib/:/opt/ros/humble/lib/:/opt/ros/humble/lib/:/opt/ros/humble/lib/:/opt/ros/humble/lib/:/opt/ros/humble/lib/:/opt/ros/humble/lib/:/opt/ros/humble/lib/:/opt/ros/humble/lib/:/opt/ros/humble/lib/:/opt/ros/humble/lib/:/opt/ros/humble/lib/:/opt/ros/humble/lib/:/opt/ros/humble/lib/:/opt/ros/humble/lib/:/opt/ros/humble/lib/:/opt/ros/humble/lib/:/opt/ros/humble/lib/:/opt/ros/humble/lib/:/opt/ros/humble/lib/:/opt/ros/humble/lib/:/opt/ros/humble/lib/ PS1=(.venv) \[\e]0;\u@\h: \w\a\]${debian_chroot:+($debian_chroot)}\[\033[01;32m\]\u@\h\[\033[00m\]:\[\033[01;34m\]\w\[\033[00m\]\$ /usr/bin/cmake --install /home/kien/colcon_ws/build/nav2_pyif_controller
[0.101s] -- Install configuration: "Release"
[0.102s] -- Execute custom install script
[0.102s] -- Up-to-date symlink: /home/kien/colcon_ws/install/nav2_pyif_controller/share/nav2_pyif_controller//nav2_pyif_controller.xml
[0.102s] -- Up-to-date symlink: /home/kien/colcon_ws/install/nav2_pyif_controller/include/nav2_pyif_controller/nav2_pyif_controller.hpp
[0.102s] -- Up-to-date symlink: /home/kien/colcon_ws/install/nav2_pyif_controller/share/nav2_pyif_controller/environment/library_path.sh
[0.102s] -- Up-to-date symlink: /home/kien/colcon_ws/install/nav2_pyif_controller/share/nav2_pyif_controller/environment/library_path.dsv
[0.102s] -- Up-to-date symlink: /home/kien/colcon_ws/install/nav2_pyif_controller/share/ament_index/resource_index/package_run_dependencies/nav2_pyif_controller
[0.103s] -- Up-to-date symlink: /home/kien/colcon_ws/install/nav2_pyif_controller/share/ament_index/resource_index/parent_prefix_path/nav2_pyif_controller
[0.103s] -- Up-to-date symlink: /home/kien/colcon_ws/install/nav2_pyif_controller/share/nav2_pyif_controller/environment/ament_prefix_path.sh
[0.103s] -- Up-to-date symlink: /home/kien/colcon_ws/install/nav2_pyif_controller/share/nav2_pyif_controller/environment/ament_prefix_path.dsv
[0.103s] -- Up-to-date symlink: /home/kien/colcon_ws/install/nav2_pyif_controller/share/nav2_pyif_controller/environment/path.sh
[0.103s] -- Up-to-date symlink: /home/kien/colcon_ws/install/nav2_pyif_controller/share/nav2_pyif_controller/environment/path.dsv
[0.103s] -- Up-to-date symlink: /home/kien/colcon_ws/install/nav2_pyif_controller/share/nav2_pyif_controller/local_setup.bash
[0.103s] -- Up-to-date symlink: /home/kien/colcon_ws/install/nav2_pyif_controller/share/nav2_pyif_controller/local_setup.sh
[0.103s] -- Up-to-date symlink: /home/kien/colcon_ws/install/nav2_pyif_controller/share/nav2_pyif_controller/local_setup.zsh
[0.104s] -- Up-to-date symlink: /home/kien/colcon_ws/install/nav2_pyif_controller/share/nav2_pyif_controller/local_setup.dsv
[0.104s] -- Symlinking: /home/kien/colcon_ws/install/nav2_pyif_controller/share/nav2_pyif_controller/package.dsv
[0.113s] -- Up-to-date symlink: /home/kien/colcon_ws/install/nav2_pyif_controller/share/ament_index/resource_index/packages/nav2_pyif_controller
[0.114s] -- Up-to-date symlink: /home/kien/colcon_ws/install/nav2_pyif_controller/share/ament_index/resource_index/nav2_core__pluginlib__plugin/nav2_pyif_controller
[0.114s] -- Up-to-date symlink: /home/kien/colcon_ws/install/nav2_pyif_controller/share/nav2_pyif_controller/cmake/ament_cmake_export_include_directories-extras.cmake
[0.114s] -- Up-to-date symlink: /home/kien/colcon_ws/install/nav2_pyif_controller/share/nav2_pyif_controller/cmake/ament_cmake_export_libraries-extras.cmake
[0.114s] -- Up-to-date symlink: /home/kien/colcon_ws/install/nav2_pyif_controller/share/nav2_pyif_controller/cmake/ament_cmake_export_dependencies-extras.cmake
[0.114s] -- Up-to-date symlink: /home/kien/colcon_ws/install/nav2_pyif_controller/share/nav2_pyif_controller/cmake/ament_cmake_export_targets-extras.cmake
[0.114s] -- Up-to-date symlink: /home/kien/colcon_ws/install/nav2_pyif_controller/share/nav2_pyif_controller/cmake/nav2_pyif_controllerConfig.cmake
[0.115s] -- Up-to-date symlink: /home/kien/colcon_ws/install/nav2_pyif_controller/share/nav2_pyif_controller/cmake/nav2_pyif_controllerConfig-version.cmake
[0.115s] -- Up-to-date symlink: /home/kien/colcon_ws/install/nav2_pyif_controller/share/nav2_pyif_controller/package.xml
[0.115s] -- Up-to-date: /home/kien/colcon_ws/install/nav2_pyif_controller/lib/libnav2_pyif_controller.so
[0.115s] -- Up-to-date: /home/kien/colcon_ws/install/nav2_pyif_controller/share/nav2_pyif_controller/cmake/export_nav2_pyif_controllerExport.cmake
[0.115s] -- Up-to-date: /home/kien/colcon_ws/install/nav2_pyif_controller/share/nav2_pyif_controller/cmake/export_nav2_pyif_controllerExport-release.cmake
[0.118s] Invoked command in '/home/kien/colcon_ws/build/nav2_pyif_controller' returned '0': CMAKE_PREFIX_PATH=/home/kien/colcon_ws/install/nav2_pyif:/home/kien/colcon_ws/install/cnn_msgs:/home/kien/colcon_ws/install/nav2_pyif_controller:/home/kien/colcon_ws/install/drl_vo_controller:/home/kien/colcon_ws/install/apf_python_example:/opt/ros/humble LD_LIBRARY_PATH=/home/kien/colcon_ws/install/nav2_pyif/lib:/home/kien/colcon_ws/install/cnn_msgs/lib:/home/kien/colcon_ws/install/nav2_pyif_controller/lib:/usr/lib/x86_64-linux-gnu/gazebo-11/plugins:/opt/ros/humble/opt/rviz_ogre_vendor/lib:/opt/ros/humble/lib/x86_64-linux-gnu:/opt/ros/humble/lib:/opt/ros/humble/lib/:/opt/ros/humble/lib/:/opt/ros/humble/lib/:/opt/ros/humble/lib/:/opt/ros/humble/lib/:/opt/ros/humble/lib/:/opt/ros/humble/lib/:/opt/ros/humble/lib/:/opt/ros/humble/lib/:/opt/ros/humble/lib/:/opt/ros/humble/lib/:/opt/ros/humble/lib/:/opt/ros/humble/lib/:/opt/ros/humble/lib/:/opt/ros/humble/lib/:/opt/ros/humble/lib/:/opt/ros/humble/lib/:/opt/ros/humble/lib/:/opt/ros/humble/lib/:/opt/ros/humble/lib/:/opt/ros/humble/lib/:/opt/ros/humble/lib/:/opt/ros/humble/lib/:/opt/ros/humble/lib/:/opt/ros/humble/lib/:/opt/ros/humble/lib/:/opt/ros/humble/lib/:/opt/ros/humble/lib/:/opt/ros/humble/lib/:/opt/ros/humble/lib/:/opt/ros/humble/lib/ PS1=(.venv) \[\e]0;\u@\h: \w\a\]${debian_chroot:+($debian_chroot)}\[\033[01;32m\]\u@\h\[\033[00m\]:\[\033[01;34m\]\w\[\033[00m\]\$ /usr/bin/cmake --install /home/kien/colcon_ws/build/nav2_pyif_controller
