[0.019s] Invoking command in '/home/kien/colcon_ws/build/nav2_pyif': CMAKE_PREFIX_PATH=/opt/ros/humble /usr/bin/cmake --build /home/kien/colcon_ws/build/nav2_pyif -- -j16 -l16
[0.229s] [100%] Built target nav2_pyif
[0.443s] Invoked command in '/home/kien/colcon_ws/build/nav2_pyif' returned '0': CMAKE_PREFIX_PATH=/opt/ros/humble /usr/bin/cmake --build /home/kien/colcon_ws/build/nav2_pyif -- -j16 -l16
[0.453s] Invoking command in '/home/kien/colcon_ws/build/nav2_pyif': CMAKE_PREFIX_PATH=/opt/ros/humble /usr/bin/cmake --install /home/kien/colcon_ws/build/nav2_pyif
[0.460s] -- Install configuration: ""
[0.461s] -- Execute custom install script
[0.461s] -- Up-to-date symlink: /home/kien/colcon_ws/install/nav2_pyif/include/nav2_pyif/geo_msgs.hpp
[0.461s] -- Up-to-date symlink: /home/kien/colcon_ws/install/nav2_pyif/include/nav2_pyif/nav2_pyif_utils.hpp
[0.461s] -- Up-to-date symlink: /home/kien/colcon_ws/install/nav2_pyif/include/nav2_pyif/nav_msgs.hpp
[0.461s] -- Up-to-date symlink: /home/kien/colcon_ws/install/nav2_pyif/include/nav2_pyif/python_interface.hpp
[0.462s] -- Up-to-date symlink: /home/kien/colcon_ws/install/nav2_pyif/include/nav2_pyif/std_msgs.hpp
[0.462s] -- Up-to-date symlink: /home/kien/colcon_ws/install/nav2_pyif/share/nav2_pyif/environment/library_path.sh
[0.462s] -- Up-to-date symlink: /home/kien/colcon_ws/install/nav2_pyif/share/nav2_pyif/environment/library_path.dsv
[0.462s] -- Up-to-date symlink: /home/kien/colcon_ws/install/nav2_pyif/share/ament_index/resource_index/package_run_dependencies/nav2_pyif
[0.462s] -- Up-to-date symlink: /home/kien/colcon_ws/install/nav2_pyif/share/ament_index/resource_index/parent_prefix_path/nav2_pyif
[0.462s] -- Up-to-date symlink: /home/kien/colcon_ws/install/nav2_pyif/share/nav2_pyif/environment/ament_prefix_path.sh
[0.462s] -- Up-to-date symlink: /home/kien/colcon_ws/install/nav2_pyif/share/nav2_pyif/environment/ament_prefix_path.dsv
[0.462s] -- Up-to-date symlink: /home/kien/colcon_ws/install/nav2_pyif/share/nav2_pyif/environment/path.sh
[0.462s] -- Up-to-date symlink: /home/kien/colcon_ws/install/nav2_pyif/share/nav2_pyif/environment/path.dsv
[0.462s] -- Up-to-date symlink: /home/kien/colcon_ws/install/nav2_pyif/share/nav2_pyif/local_setup.bash
[0.463s] -- Up-to-date symlink: /home/kien/colcon_ws/install/nav2_pyif/share/nav2_pyif/local_setup.sh
[0.463s] -- Up-to-date symlink: /home/kien/colcon_ws/install/nav2_pyif/share/nav2_pyif/local_setup.zsh
[0.463s] -- Up-to-date symlink: /home/kien/colcon_ws/install/nav2_pyif/share/nav2_pyif/local_setup.dsv
[0.463s] -- Symlinking: /home/kien/colcon_ws/install/nav2_pyif/share/nav2_pyif/package.dsv
[0.472s] -- Up-to-date symlink: /home/kien/colcon_ws/install/nav2_pyif/share/ament_index/resource_index/packages/nav2_pyif
[0.472s] -- Up-to-date symlink: /home/kien/colcon_ws/install/nav2_pyif/share/nav2_pyif/cmake/ament_cmake_export_include_directories-extras.cmake
[0.472s] -- Up-to-date symlink: /home/kien/colcon_ws/install/nav2_pyif/share/nav2_pyif/cmake/ament_cmake_export_libraries-extras.cmake
[0.472s] -- Up-to-date symlink: /home/kien/colcon_ws/install/nav2_pyif/share/nav2_pyif/cmake/ament_cmake_export_dependencies-extras.cmake
[0.472s] -- Up-to-date symlink: /home/kien/colcon_ws/install/nav2_pyif/share/nav2_pyif/cmake/ament_cmake_export_targets-extras.cmake
[0.472s] -- Up-to-date symlink: /home/kien/colcon_ws/install/nav2_pyif/share/nav2_pyif/cmake/nav2_pyifConfig.cmake
[0.473s] -- Up-to-date symlink: /home/kien/colcon_ws/install/nav2_pyif/share/nav2_pyif/cmake/nav2_pyifConfig-version.cmake
[0.473s] -- Up-to-date symlink: /home/kien/colcon_ws/install/nav2_pyif/share/nav2_pyif/package.xml
[0.473s] -- Up-to-date: /home/kien/colcon_ws/install/nav2_pyif/lib/libnav2_pyif.so
[0.473s] -- Up-to-date: /home/kien/colcon_ws/install/nav2_pyif/share/nav2_pyif/cmake/export_nav2_pyifExport.cmake
[0.473s] -- Up-to-date: /home/kien/colcon_ws/install/nav2_pyif/share/nav2_pyif/cmake/export_nav2_pyifExport-noconfig.cmake
[0.476s] Invoked command in '/home/kien/colcon_ws/build/nav2_pyif' returned '0': CMAKE_PREFIX_PATH=/opt/ros/humble /usr/bin/cmake --install /home/kien/colcon_ws/build/nav2_pyif
