[  3%] [34m[1mGenerating C code for ROS interfaces[0m
[  6%] [34m[1mGenerating C++ code for ROS interfaces[0m
[  6%] Built target ament_cmake_python_symlink_cnn_msgs
running egg_info
creating cnn_msgs.egg-info
writing cnn_msgs.egg-info/PKG-INFO
writing dependency_links to cnn_msgs.egg-info/dependency_links.txt
writing top-level names to cnn_msgs.egg-info/top_level.txt
writing manifest file 'cnn_msgs.egg-info/SOURCES.txt'
reading manifest file 'cnn_msgs.egg-info/SOURCES.txt'
writing manifest file 'cnn_msgs.egg-info/SOURCES.txt'
[  6%] Built target ament_cmake_python_build_cnn_msgs_egg
[  9%] [32mBuilding C object CMakeFiles/cnn_msgs__rosidl_generator_c.dir/rosidl_generator_c/cnn_msgs/msg/detail/cnn_data__functions.c.o[0m
[  9%] Built target cnn_msgs__cpp
[ 12%] [34m[1mGenerating C++ type support dispatch for ROS interfaces[0m
[ 16%] [34m[1mGenerating C++ type support for eProsima Fast-RTPS[0m
[ 19%] [34m[1mGenerating C++ introspection for ROS interfaces[0m
[ 22%] [32m[1mLinking C shared library libcnn_msgs__rosidl_generator_c.so[0m
[ 22%] Built target cnn_msgs__rosidl_generator_c
[ 29%] [34m[1mGenerating C type support dispatch for ROS interfaces[0m
[ 29%] [34m[1mGenerating C introspection for ROS interfaces[0m
[ 32%] [34m[1mGenerating C type support for eProsima Fast-RTPS[0m
[ 35%] [32mBuilding CXX object CMakeFiles/cnn_msgs__rosidl_typesupport_cpp.dir/rosidl_typesupport_cpp/cnn_msgs/msg/cnn_data__type_support.cpp.o[0m
[ 38%] [32mBuilding CXX object CMakeFiles/cnn_msgs__rosidl_typesupport_fastrtps_cpp.dir/rosidl_typesupport_fastrtps_cpp/cnn_msgs/msg/detail/dds_fastrtps/cnn_data__type_support.cpp.o[0m
[ 41%] [32mBuilding CXX object CMakeFiles/cnn_msgs__rosidl_typesupport_introspection_cpp.dir/rosidl_typesupport_introspection_cpp/cnn_msgs/msg/detail/cnn_data__type_support.cpp.o[0m
[ 45%] [32mBuilding CXX object CMakeFiles/cnn_msgs__rosidl_typesupport_c.dir/rosidl_typesupport_c/cnn_msgs/msg/cnn_data__type_support.cpp.o[0m
[ 48%] [32m[1mLinking CXX shared library libcnn_msgs__rosidl_typesupport_c.so[0m
[ 51%] [32mBuilding CXX object CMakeFiles/cnn_msgs__rosidl_typesupport_fastrtps_c.dir/rosidl_typesupport_fastrtps_c/cnn_msgs/msg/detail/cnn_data__type_support_c.cpp.o[0m
[ 54%] [32mBuilding C object CMakeFiles/cnn_msgs__rosidl_typesupport_introspection_c.dir/rosidl_typesupport_introspection_c/cnn_msgs/msg/detail/cnn_data__type_support.c.o[0m
[ 54%] Built target cnn_msgs__rosidl_typesupport_c
[ 58%] [32m[1mLinking C shared library libcnn_msgs__rosidl_typesupport_introspection_c.so[0m
[ 61%] [32m[1mLinking CXX shared library libcnn_msgs__rosidl_typesupport_cpp.so[0m
[ 61%] Built target cnn_msgs__rosidl_typesupport_introspection_c
[ 61%] Built target cnn_msgs__rosidl_typesupport_cpp
[ 64%] [32m[1mLinking CXX shared library libcnn_msgs__rosidl_typesupport_fastrtps_cpp.so[0m
[ 67%] [32m[1mLinking CXX shared library libcnn_msgs__rosidl_typesupport_introspection_cpp.so[0m
[ 70%] [32m[1mLinking CXX shared library libcnn_msgs__rosidl_typesupport_fastrtps_c.so[0m
[ 70%] Built target cnn_msgs__rosidl_typesupport_fastrtps_cpp
[ 70%] Built target cnn_msgs__rosidl_typesupport_introspection_cpp
[ 70%] Built target cnn_msgs__rosidl_typesupport_fastrtps_c
[ 70%] Built target cnn_msgs
[ 74%] [34m[1mGenerating Python code for ROS interfaces[0m
[ 74%] Built target cnn_msgs__py
[ 77%] [32mBuilding C object CMakeFiles/cnn_msgs__rosidl_generator_py.dir/rosidl_generator_py/cnn_msgs/msg/_cnn_data_s.c.o[0m
[ 80%] [32m[1mLinking C shared library rosidl_generator_py/cnn_msgs/libcnn_msgs__rosidl_generator_py.so[0m
[ 80%] Built target cnn_msgs__rosidl_generator_py
[ 90%] [32mBuilding C object CMakeFiles/cnn_msgs__rosidl_typesupport_fastrtps_c__pyext.dir/rosidl_generator_py/cnn_msgs/_cnn_msgs_s.ep.rosidl_typesupport_fastrtps_c.c.o[0m
[ 90%] [32mBuilding C object CMakeFiles/cnn_msgs__rosidl_typesupport_introspection_c__pyext.dir/rosidl_generator_py/cnn_msgs/_cnn_msgs_s.ep.rosidl_typesupport_introspection_c.c.o[0m
[ 90%] [32mBuilding C object CMakeFiles/cnn_msgs__rosidl_typesupport_c__pyext.dir/rosidl_generator_py/cnn_msgs/_cnn_msgs_s.ep.rosidl_typesupport_c.c.o[0m
[ 96%] [32m[1mLinking C shared library rosidl_generator_py/cnn_msgs/cnn_msgs_s__rosidl_typesupport_introspection_c.cpython-310-x86_64-linux-gnu.so[0m
[ 96%] [32m[1mLinking C shared library rosidl_generator_py/cnn_msgs/cnn_msgs_s__rosidl_typesupport_c.cpython-310-x86_64-linux-gnu.so[0m
[100%] [32m[1mLinking C shared library rosidl_generator_py/cnn_msgs/cnn_msgs_s__rosidl_typesupport_fastrtps_c.cpython-310-x86_64-linux-gnu.so[0m
[100%] Built target cnn_msgs__rosidl_typesupport_introspection_c__pyext
[100%] Built target cnn_msgs__rosidl_typesupport_c__pyext
[100%] Built target cnn_msgs__rosidl_typesupport_fastrtps_c__pyext
-- Install configuration: ""
-- Execute custom install script
-- Symlinking: /home/kien/colcon_ws/install/cnn_msgs/share/ament_index/resource_index/rosidl_interfaces/cnn_msgs
-- Symlinking: /home/kien/colcon_ws/install/cnn_msgs/include/cnn_msgs/cnn_msgs/msg/cnn_data.h
-- Symlinking: /home/kien/colcon_ws/install/cnn_msgs/include/cnn_msgs/cnn_msgs/msg/detail/cnn_data__functions.h
-- Symlinking: /home/kien/colcon_ws/install/cnn_msgs/include/cnn_msgs/cnn_msgs/msg/detail/cnn_data__struct.h
-- Symlinking: /home/kien/colcon_ws/install/cnn_msgs/include/cnn_msgs/cnn_msgs/msg/detail/cnn_data__type_support.h
-- Symlinking: /home/kien/colcon_ws/install/cnn_msgs/include/cnn_msgs/cnn_msgs/msg/rosidl_generator_c__visibility_control.h
-- Symlinking: /home/kien/colcon_ws/install/cnn_msgs/share/cnn_msgs/environment/library_path.sh
-- Symlinking: /home/kien/colcon_ws/install/cnn_msgs/share/cnn_msgs/environment/library_path.dsv
-- Symlinking: /home/kien/colcon_ws/install/cnn_msgs/include/cnn_msgs/cnn_msgs/msg/detail/cnn_data__rosidl_typesupport_fastrtps_c.h
-- Symlinking: /home/kien/colcon_ws/install/cnn_msgs/include/cnn_msgs/cnn_msgs/msg/rosidl_typesupport_fastrtps_c__visibility_control.h
-- Symlinking: /home/kien/colcon_ws/install/cnn_msgs/include/cnn_msgs/cnn_msgs/msg/detail/cnn_data__rosidl_typesupport_introspection_c.h
-- Symlinking: /home/kien/colcon_ws/install/cnn_msgs/include/cnn_msgs/cnn_msgs/msg/rosidl_typesupport_introspection_c__visibility_control.h
-- Symlinking: /home/kien/colcon_ws/install/cnn_msgs/include/cnn_msgs/cnn_msgs/msg/cnn_data.hpp
-- Symlinking: /home/kien/colcon_ws/install/cnn_msgs/include/cnn_msgs/cnn_msgs/msg/detail/cnn_data__builder.hpp
-- Symlinking: /home/kien/colcon_ws/install/cnn_msgs/include/cnn_msgs/cnn_msgs/msg/detail/cnn_data__struct.hpp
-- Symlinking: /home/kien/colcon_ws/install/cnn_msgs/include/cnn_msgs/cnn_msgs/msg/detail/cnn_data__traits.hpp
-- Symlinking: /home/kien/colcon_ws/install/cnn_msgs/include/cnn_msgs/cnn_msgs/msg/detail/cnn_data__type_support.hpp
-- Symlinking: /home/kien/colcon_ws/install/cnn_msgs/include/cnn_msgs/cnn_msgs/msg/rosidl_generator_cpp__visibility_control.hpp
-- Symlinking: /home/kien/colcon_ws/install/cnn_msgs/include/cnn_msgs/cnn_msgs/msg/detail/cnn_data__rosidl_typesupport_fastrtps_cpp.hpp
-- Symlinking: /home/kien/colcon_ws/install/cnn_msgs/include/cnn_msgs/cnn_msgs/msg/rosidl_typesupport_fastrtps_cpp__visibility_control.h
-- Symlinking: /home/kien/colcon_ws/install/cnn_msgs/include/cnn_msgs/cnn_msgs/msg/detail/cnn_data__rosidl_typesupport_introspection_cpp.hpp
-- Symlinking: /home/kien/colcon_ws/install/cnn_msgs/share/cnn_msgs/environment/pythonpath.sh
-- Symlinking: /home/kien/colcon_ws/install/cnn_msgs/share/cnn_msgs/environment/pythonpath.dsv
-- Symlinking: /home/kien/colcon_ws/install/cnn_msgs/lib/python3.10/site-packages/cnn_msgs-0.0.0-py3.10.egg-info/PKG-INFO
-- Symlinking: /home/kien/colcon_ws/install/cnn_msgs/lib/python3.10/site-packages/cnn_msgs-0.0.0-py3.10.egg-info/SOURCES.txt
-- Symlinking: /home/kien/colcon_ws/install/cnn_msgs/lib/python3.10/site-packages/cnn_msgs-0.0.0-py3.10.egg-info/dependency_links.txt
-- Symlinking: /home/kien/colcon_ws/install/cnn_msgs/lib/python3.10/site-packages/cnn_msgs-0.0.0-py3.10.egg-info/top_level.txt
-- Symlinking: /home/kien/colcon_ws/install/cnn_msgs/lib/python3.10/site-packages/cnn_msgs/__init__.py
-- Symlinking: /home/kien/colcon_ws/install/cnn_msgs/lib/python3.10/site-packages/cnn_msgs/_cnn_msgs_s.ep.rosidl_typesupport_c.c
-- Symlinking: /home/kien/colcon_ws/install/cnn_msgs/lib/python3.10/site-packages/cnn_msgs/_cnn_msgs_s.ep.rosidl_typesupport_fastrtps_c.c
-- Symlinking: /home/kien/colcon_ws/install/cnn_msgs/lib/python3.10/site-packages/cnn_msgs/_cnn_msgs_s.ep.rosidl_typesupport_introspection_c.c
-- Symlinking: /home/kien/colcon_ws/install/cnn_msgs/lib/python3.10/site-packages/cnn_msgs/cnn_msgs_s__rosidl_typesupport_c.cpython-310-x86_64-linux-gnu.so
-- Symlinking: /home/kien/colcon_ws/install/cnn_msgs/lib/python3.10/site-packages/cnn_msgs/cnn_msgs_s__rosidl_typesupport_fastrtps_c.cpython-310-x86_64-linux-gnu.so
-- Symlinking: /home/kien/colcon_ws/install/cnn_msgs/lib/python3.10/site-packages/cnn_msgs/cnn_msgs_s__rosidl_typesupport_introspection_c.cpython-310-x86_64-linux-gnu.so
-- Symlinking: /home/kien/colcon_ws/install/cnn_msgs/lib/python3.10/site-packages/cnn_msgs/libcnn_msgs__rosidl_generator_py.so
-- Symlinking: /home/kien/colcon_ws/install/cnn_msgs/lib/python3.10/site-packages/cnn_msgs/msg/__init__.py
-- Symlinking: /home/kien/colcon_ws/install/cnn_msgs/lib/python3.10/site-packages/cnn_msgs/msg/_cnn_data.py
-- Symlinking: /home/kien/colcon_ws/install/cnn_msgs/lib/python3.10/site-packages/cnn_msgs/msg/_cnn_data_s.c
-- Up-to-date symlink: /home/kien/colcon_ws/install/cnn_msgs/lib/python3.10/site-packages/cnn_msgs/cnn_msgs_s__rosidl_typesupport_fastrtps_c.cpython-310-x86_64-linux-gnu.so
-- Up-to-date symlink: /home/kien/colcon_ws/install/cnn_msgs/lib/python3.10/site-packages/cnn_msgs/cnn_msgs_s__rosidl_typesupport_introspection_c.cpython-310-x86_64-linux-gnu.so
-- Up-to-date symlink: /home/kien/colcon_ws/install/cnn_msgs/lib/python3.10/site-packages/cnn_msgs/cnn_msgs_s__rosidl_typesupport_c.cpython-310-x86_64-linux-gnu.so
-- Symlinking: /home/kien/colcon_ws/install/cnn_msgs/share/cnn_msgs/msg/CNNData.idl
-- Symlinking: /home/kien/colcon_ws/install/cnn_msgs/share/cnn_msgs/msg/CNNData.msg
-- Symlinking: /home/kien/colcon_ws/install/cnn_msgs/share/ament_index/resource_index/package_run_dependencies/cnn_msgs
-- Symlinking: /home/kien/colcon_ws/install/cnn_msgs/share/ament_index/resource_index/parent_prefix_path/cnn_msgs
-- Symlinking: /home/kien/colcon_ws/install/cnn_msgs/share/cnn_msgs/environment/ament_prefix_path.sh
-- Symlinking: /home/kien/colcon_ws/install/cnn_msgs/share/cnn_msgs/environment/ament_prefix_path.dsv
-- Symlinking: /home/kien/colcon_ws/install/cnn_msgs/share/cnn_msgs/environment/path.sh
-- Symlinking: /home/kien/colcon_ws/install/cnn_msgs/share/cnn_msgs/environment/path.dsv
-- Symlinking: /home/kien/colcon_ws/install/cnn_msgs/share/cnn_msgs/local_setup.bash
-- Symlinking: /home/kien/colcon_ws/install/cnn_msgs/share/cnn_msgs/local_setup.sh
-- Symlinking: /home/kien/colcon_ws/install/cnn_msgs/share/cnn_msgs/local_setup.zsh
-- Symlinking: /home/kien/colcon_ws/install/cnn_msgs/share/cnn_msgs/local_setup.dsv
-- Symlinking: /home/kien/colcon_ws/install/cnn_msgs/share/cnn_msgs/package.dsv
-- Symlinking: /home/kien/colcon_ws/install/cnn_msgs/share/ament_index/resource_index/packages/cnn_msgs
-- Symlinking: /home/kien/colcon_ws/install/cnn_msgs/share/cnn_msgs/cmake/rosidl_cmake-extras.cmake
-- Symlinking: /home/kien/colcon_ws/install/cnn_msgs/share/cnn_msgs/cmake/ament_cmake_export_include_directories-extras.cmake
-- Symlinking: /home/kien/colcon_ws/install/cnn_msgs/share/cnn_msgs/cmake/ament_cmake_export_libraries-extras.cmake
-- Symlinking: /home/kien/colcon_ws/install/cnn_msgs/share/cnn_msgs/cmake/ament_cmake_export_targets-extras.cmake
-- Symlinking: /home/kien/colcon_ws/install/cnn_msgs/share/cnn_msgs/cmake/rosidl_cmake_export_typesupport_targets-extras.cmake
-- Symlinking: /home/kien/colcon_ws/install/cnn_msgs/share/cnn_msgs/cmake/ament_cmake_export_dependencies-extras.cmake
-- Symlinking: /home/kien/colcon_ws/install/cnn_msgs/share/cnn_msgs/cmake/rosidl_cmake_export_typesupport_libraries-extras.cmake
-- Symlinking: /home/kien/colcon_ws/install/cnn_msgs/share/cnn_msgs/cmake/cnn_msgsConfig.cmake
-- Symlinking: /home/kien/colcon_ws/install/cnn_msgs/share/cnn_msgs/cmake/cnn_msgsConfig-version.cmake
-- Symlinking: /home/kien/colcon_ws/install/cnn_msgs/share/cnn_msgs/package.xml
-- Installing: /home/kien/colcon_ws/install/cnn_msgs/lib/libcnn_msgs__rosidl_generator_c.so
-- Set runtime path of "/home/kien/colcon_ws/install/cnn_msgs/lib/libcnn_msgs__rosidl_generator_c.so" to ""
-- Installing: /home/kien/colcon_ws/install/cnn_msgs/lib/libcnn_msgs__rosidl_typesupport_fastrtps_c.so
-- Set runtime path of "/home/kien/colcon_ws/install/cnn_msgs/lib/libcnn_msgs__rosidl_typesupport_fastrtps_c.so" to ""
-- Installing: /home/kien/colcon_ws/install/cnn_msgs/lib/libcnn_msgs__rosidl_typesupport_introspection_c.so
-- Set runtime path of "/home/kien/colcon_ws/install/cnn_msgs/lib/libcnn_msgs__rosidl_typesupport_introspection_c.so" to ""
-- Installing: /home/kien/colcon_ws/install/cnn_msgs/lib/libcnn_msgs__rosidl_typesupport_c.so
-- Set runtime path of "/home/kien/colcon_ws/install/cnn_msgs/lib/libcnn_msgs__rosidl_typesupport_c.so" to ""
-- Installing: /home/kien/colcon_ws/install/cnn_msgs/lib/libcnn_msgs__rosidl_typesupport_fastrtps_cpp.so
-- Set runtime path of "/home/kien/colcon_ws/install/cnn_msgs/lib/libcnn_msgs__rosidl_typesupport_fastrtps_cpp.so" to ""
-- Installing: /home/kien/colcon_ws/install/cnn_msgs/lib/libcnn_msgs__rosidl_typesupport_introspection_cpp.so
-- Set runtime path of "/home/kien/colcon_ws/install/cnn_msgs/lib/libcnn_msgs__rosidl_typesupport_introspection_cpp.so" to ""
-- Installing: /home/kien/colcon_ws/install/cnn_msgs/lib/libcnn_msgs__rosidl_typesupport_cpp.so
-- Set runtime path of "/home/kien/colcon_ws/install/cnn_msgs/lib/libcnn_msgs__rosidl_typesupport_cpp.so" to ""
Listing '/home/kien/colcon_ws/install/cnn_msgs/lib/python3.10/site-packages/cnn_msgs'...
Compiling '/home/kien/colcon_ws/install/cnn_msgs/lib/python3.10/site-packages/cnn_msgs/__init__.py'...
Listing '/home/kien/colcon_ws/install/cnn_msgs/lib/python3.10/site-packages/cnn_msgs/msg'...
Compiling '/home/kien/colcon_ws/install/cnn_msgs/lib/python3.10/site-packages/cnn_msgs/msg/__init__.py'...
Compiling '/home/kien/colcon_ws/install/cnn_msgs/lib/python3.10/site-packages/cnn_msgs/msg/_cnn_data.py'...
-- Installing: /home/kien/colcon_ws/install/cnn_msgs/lib/libcnn_msgs__rosidl_generator_py.so
-- Set runtime path of "/home/kien/colcon_ws/install/cnn_msgs/lib/libcnn_msgs__rosidl_generator_py.so" to ""
-- Installing: /home/kien/colcon_ws/install/cnn_msgs/share/cnn_msgs/cmake/export_cnn_msgs__rosidl_generator_cExport.cmake
-- Installing: /home/kien/colcon_ws/install/cnn_msgs/share/cnn_msgs/cmake/export_cnn_msgs__rosidl_generator_cExport-noconfig.cmake
-- Installing: /home/kien/colcon_ws/install/cnn_msgs/share/cnn_msgs/cmake/export_cnn_msgs__rosidl_typesupport_fastrtps_cExport.cmake
-- Installing: /home/kien/colcon_ws/install/cnn_msgs/share/cnn_msgs/cmake/export_cnn_msgs__rosidl_typesupport_fastrtps_cExport-noconfig.cmake
-- Installing: /home/kien/colcon_ws/install/cnn_msgs/share/cnn_msgs/cmake/cnn_msgs__rosidl_typesupport_introspection_cExport.cmake
-- Installing: /home/kien/colcon_ws/install/cnn_msgs/share/cnn_msgs/cmake/cnn_msgs__rosidl_typesupport_introspection_cExport-noconfig.cmake
-- Installing: /home/kien/colcon_ws/install/cnn_msgs/share/cnn_msgs/cmake/cnn_msgs__rosidl_typesupport_cExport.cmake
-- Installing: /home/kien/colcon_ws/install/cnn_msgs/share/cnn_msgs/cmake/cnn_msgs__rosidl_typesupport_cExport-noconfig.cmake
-- Installing: /home/kien/colcon_ws/install/cnn_msgs/share/cnn_msgs/cmake/export_cnn_msgs__rosidl_generator_cppExport.cmake
-- Installing: /home/kien/colcon_ws/install/cnn_msgs/share/cnn_msgs/cmake/export_cnn_msgs__rosidl_typesupport_fastrtps_cppExport.cmake
-- Installing: /home/kien/colcon_ws/install/cnn_msgs/share/cnn_msgs/cmake/export_cnn_msgs__rosidl_typesupport_fastrtps_cppExport-noconfig.cmake
-- Installing: /home/kien/colcon_ws/install/cnn_msgs/share/cnn_msgs/cmake/cnn_msgs__rosidl_typesupport_introspection_cppExport.cmake
-- Installing: /home/kien/colcon_ws/install/cnn_msgs/share/cnn_msgs/cmake/cnn_msgs__rosidl_typesupport_introspection_cppExport-noconfig.cmake
-- Installing: /home/kien/colcon_ws/install/cnn_msgs/share/cnn_msgs/cmake/cnn_msgs__rosidl_typesupport_cppExport.cmake
-- Installing: /home/kien/colcon_ws/install/cnn_msgs/share/cnn_msgs/cmake/cnn_msgs__rosidl_typesupport_cppExport-noconfig.cmake
-- Installing: /home/kien/colcon_ws/install/cnn_msgs/share/cnn_msgs/cmake/export_cnn_msgs__rosidl_generator_pyExport.cmake
-- Installing: /home/kien/colcon_ws/install/cnn_msgs/share/cnn_msgs/cmake/export_cnn_msgs__rosidl_generator_pyExport-noconfig.cmake
