[0.246s] Invoking command in '/home/kien/colcon_ws/build/cnn_msgs': CMAKE_PREFIX_PATH=${CMAKE_PREFIX_PATH}:/home/kien/colcon_ws/install/drl_vo_controller:/home/kien/colcon_ws/install/apf_python_example:/opt/ros/humble PS1=(.venv) \[\e]0;\u@\h: \w\a\]${debian_chroot:+($debian_chroot)}\[\033[01;32m\]\u@\h\[\033[00m\]:\[\033[01;34m\]\w\[\033[00m\]\$ /usr/bin/cmake --build /home/kien/colcon_ws/build/cnn_msgs -- -j16 -l16
[0.286s] [  3%] [34m[1mGenerating C code for ROS interfaces[0m
[0.297s] [  6%] [34m[1mGenerating C++ code for ROS interfaces[0m
[0.308s] [  6%] Built target ament_cmake_python_symlink_cnn_msgs
[0.526s] running egg_info
[0.526s] creating cnn_msgs.egg-info
[0.526s] writing cnn_msgs.egg-info/PKG-INFO
[0.527s] writing dependency_links to cnn_msgs.egg-info/dependency_links.txt
[0.527s] writing top-level names to cnn_msgs.egg-info/top_level.txt
[0.527s] writing manifest file 'cnn_msgs.egg-info/SOURCES.txt'
[0.529s] reading manifest file 'cnn_msgs.egg-info/SOURCES.txt'
[0.529s] writing manifest file 'cnn_msgs.egg-info/SOURCES.txt'
[0.568s] [  6%] Built target ament_cmake_python_build_cnn_msgs_egg
[0.658s] [  9%] [32mBuilding C object CMakeFiles/cnn_msgs__rosidl_generator_c.dir/rosidl_generator_c/cnn_msgs/msg/detail/cnn_data__functions.c.o[0m
[0.659s] [  9%] Built target cnn_msgs__cpp
[0.672s] [ 12%] [34m[1mGenerating C++ type support dispatch for ROS interfaces[0m
[0.672s] [ 16%] [34m[1mGenerating C++ type support for eProsima Fast-RTPS[0m
[0.672s] [ 19%] [34m[1mGenerating C++ introspection for ROS interfaces[0m
[0.715s] [ 22%] [32m[1mLinking C shared library libcnn_msgs__rosidl_generator_c.so[0m
[0.772s] [ 22%] Built target cnn_msgs__rosidl_generator_c
[0.783s] [ 29%] [34m[1mGenerating C type support dispatch for ROS interfaces[0m
[0.783s] [ 29%] [34m[1mGenerating C introspection for ROS interfaces[0m
[0.785s] [ 32%] [34m[1mGenerating C type support for eProsima Fast-RTPS[0m
[1.034s] [ 35%] [32mBuilding CXX object CMakeFiles/cnn_msgs__rosidl_typesupport_cpp.dir/rosidl_typesupport_cpp/cnn_msgs/msg/cnn_data__type_support.cpp.o[0m
[1.039s] [ 38%] [32mBuilding CXX object CMakeFiles/cnn_msgs__rosidl_typesupport_fastrtps_cpp.dir/rosidl_typesupport_fastrtps_cpp/cnn_msgs/msg/detail/dds_fastrtps/cnn_data__type_support.cpp.o[0m
[1.076s] [ 41%] [32mBuilding CXX object CMakeFiles/cnn_msgs__rosidl_typesupport_introspection_cpp.dir/rosidl_typesupport_introspection_cpp/cnn_msgs/msg/detail/cnn_data__type_support.cpp.o[0m
[1.115s] [ 45%] [32mBuilding CXX object CMakeFiles/cnn_msgs__rosidl_typesupport_c.dir/rosidl_typesupport_c/cnn_msgs/msg/cnn_data__type_support.cpp.o[0m
[1.146s] [ 48%] [32m[1mLinking CXX shared library libcnn_msgs__rosidl_typesupport_c.so[0m
[1.190s] [ 51%] [32mBuilding CXX object CMakeFiles/cnn_msgs__rosidl_typesupport_fastrtps_c.dir/rosidl_typesupport_fastrtps_c/cnn_msgs/msg/detail/cnn_data__type_support_c.cpp.o[0m
[1.193s] [ 54%] [32mBuilding C object CMakeFiles/cnn_msgs__rosidl_typesupport_introspection_c.dir/rosidl_typesupport_introspection_c/cnn_msgs/msg/detail/cnn_data__type_support.c.o[0m
[1.199s] [ 54%] Built target cnn_msgs__rosidl_typesupport_c
[1.246s] [ 58%] [32m[1mLinking C shared library libcnn_msgs__rosidl_typesupport_introspection_c.so[0m
[1.278s] [ 61%] [32m[1mLinking CXX shared library libcnn_msgs__rosidl_typesupport_cpp.so[0m
[1.278s] [ 61%] Built target cnn_msgs__rosidl_typesupport_introspection_c
[1.323s] [ 61%] Built target cnn_msgs__rosidl_typesupport_cpp
[1.446s] [ 64%] [32m[1mLinking CXX shared library libcnn_msgs__rosidl_typesupport_fastrtps_cpp.so[0m
[1.473s] [ 67%] [32m[1mLinking CXX shared library libcnn_msgs__rosidl_typesupport_introspection_cpp.so[0m
[1.484s] [ 70%] [32m[1mLinking CXX shared library libcnn_msgs__rosidl_typesupport_fastrtps_c.so[0m
[1.548s] [ 70%] Built target cnn_msgs__rosidl_typesupport_fastrtps_cpp
[1.571s] [ 70%] Built target cnn_msgs__rosidl_typesupport_introspection_cpp
[1.577s] [ 70%] Built target cnn_msgs__rosidl_typesupport_fastrtps_c
[1.598s] [ 70%] Built target cnn_msgs
[1.619s] [ 74%] [34m[1mGenerating Python code for ROS interfaces[0m
[2.054s] [ 74%] Built target cnn_msgs__py
[2.076s] [ 77%] [32mBuilding C object CMakeFiles/cnn_msgs__rosidl_generator_py.dir/rosidl_generator_py/cnn_msgs/msg/_cnn_data_s.c.o[0m
[2.189s] [ 80%] [32m[1mLinking C shared library rosidl_generator_py/cnn_msgs/libcnn_msgs__rosidl_generator_py.so[0m
[2.231s] [ 80%] Built target cnn_msgs__rosidl_generator_py
[2.252s] [ 90%] [32mBuilding C object CMakeFiles/cnn_msgs__rosidl_typesupport_fastrtps_c__pyext.dir/rosidl_generator_py/cnn_msgs/_cnn_msgs_s.ep.rosidl_typesupport_fastrtps_c.c.o[0m
[2.252s] [ 90%] [32mBuilding C object CMakeFiles/cnn_msgs__rosidl_typesupport_introspection_c__pyext.dir/rosidl_generator_py/cnn_msgs/_cnn_msgs_s.ep.rosidl_typesupport_introspection_c.c.o[0m
[2.252s] [ 90%] [32mBuilding C object CMakeFiles/cnn_msgs__rosidl_typesupport_c__pyext.dir/rosidl_generator_py/cnn_msgs/_cnn_msgs_s.ep.rosidl_typesupport_c.c.o[0m
[2.329s] [ 96%] [32m[1mLinking C shared library rosidl_generator_py/cnn_msgs/cnn_msgs_s__rosidl_typesupport_introspection_c.cpython-310-x86_64-linux-gnu.so[0m
[2.329s] [ 96%] [32m[1mLinking C shared library rosidl_generator_py/cnn_msgs/cnn_msgs_s__rosidl_typesupport_c.cpython-310-x86_64-linux-gnu.so[0m
[2.333s] [100%] [32m[1mLinking C shared library rosidl_generator_py/cnn_msgs/cnn_msgs_s__rosidl_typesupport_fastrtps_c.cpython-310-x86_64-linux-gnu.so[0m
[2.361s] [100%] Built target cnn_msgs__rosidl_typesupport_introspection_c__pyext
[2.361s] [100%] Built target cnn_msgs__rosidl_typesupport_c__pyext
[2.365s] [100%] Built target cnn_msgs__rosidl_typesupport_fastrtps_c__pyext
[2.376s] Invoked command in '/home/kien/colcon_ws/build/cnn_msgs' returned '0': CMAKE_PREFIX_PATH=${CMAKE_PREFIX_PATH}:/home/kien/colcon_ws/install/drl_vo_controller:/home/kien/colcon_ws/install/apf_python_example:/opt/ros/humble PS1=(.venv) \[\e]0;\u@\h: \w\a\]${debian_chroot:+($debian_chroot)}\[\033[01;32m\]\u@\h\[\033[00m\]:\[\033[01;34m\]\w\[\033[00m\]\$ /usr/bin/cmake --build /home/kien/colcon_ws/build/cnn_msgs -- -j16 -l16
[2.378s] Invoking command in '/home/kien/colcon_ws/build/cnn_msgs': CMAKE_PREFIX_PATH=${CMAKE_PREFIX_PATH}:/home/kien/colcon_ws/install/drl_vo_controller:/home/kien/colcon_ws/install/apf_python_example:/opt/ros/humble PS1=(.venv) \[\e]0;\u@\h: \w\a\]${debian_chroot:+($debian_chroot)}\[\033[01;32m\]\u@\h\[\033[00m\]:\[\033[01;34m\]\w\[\033[00m\]\$ /usr/bin/cmake --install /home/kien/colcon_ws/build/cnn_msgs
[2.385s] -- Install configuration: ""
[2.386s] -- Execute custom install script
[2.386s] -- Symlinking: /home/kien/colcon_ws/install/cnn_msgs/share/ament_index/resource_index/rosidl_interfaces/cnn_msgs
[2.396s] -- Symlinking: /home/kien/colcon_ws/install/cnn_msgs/include/cnn_msgs/cnn_msgs/msg/cnn_data.h
[2.405s] -- Symlinking: /home/kien/colcon_ws/install/cnn_msgs/include/cnn_msgs/cnn_msgs/msg/detail/cnn_data__functions.h
[2.413s] -- Symlinking: /home/kien/colcon_ws/install/cnn_msgs/include/cnn_msgs/cnn_msgs/msg/detail/cnn_data__struct.h
[2.422s] -- Symlinking: /home/kien/colcon_ws/install/cnn_msgs/include/cnn_msgs/cnn_msgs/msg/detail/cnn_data__type_support.h
[2.430s] -- Symlinking: /home/kien/colcon_ws/install/cnn_msgs/include/cnn_msgs/cnn_msgs/msg/rosidl_generator_c__visibility_control.h
[2.439s] -- Symlinking: /home/kien/colcon_ws/install/cnn_msgs/share/cnn_msgs/environment/library_path.sh
[2.447s] -- Symlinking: /home/kien/colcon_ws/install/cnn_msgs/share/cnn_msgs/environment/library_path.dsv
[2.456s] -- Symlinking: /home/kien/colcon_ws/install/cnn_msgs/include/cnn_msgs/cnn_msgs/msg/detail/cnn_data__rosidl_typesupport_fastrtps_c.h
[2.464s] -- Symlinking: /home/kien/colcon_ws/install/cnn_msgs/include/cnn_msgs/cnn_msgs/msg/rosidl_typesupport_fastrtps_c__visibility_control.h
[2.473s] -- Symlinking: /home/kien/colcon_ws/install/cnn_msgs/include/cnn_msgs/cnn_msgs/msg/detail/cnn_data__rosidl_typesupport_introspection_c.h
[2.482s] -- Symlinking: /home/kien/colcon_ws/install/cnn_msgs/include/cnn_msgs/cnn_msgs/msg/rosidl_typesupport_introspection_c__visibility_control.h
[2.491s] -- Symlinking: /home/kien/colcon_ws/install/cnn_msgs/include/cnn_msgs/cnn_msgs/msg/cnn_data.hpp
[2.499s] -- Symlinking: /home/kien/colcon_ws/install/cnn_msgs/include/cnn_msgs/cnn_msgs/msg/detail/cnn_data__builder.hpp
[2.508s] -- Symlinking: /home/kien/colcon_ws/install/cnn_msgs/include/cnn_msgs/cnn_msgs/msg/detail/cnn_data__struct.hpp
[2.516s] -- Symlinking: /home/kien/colcon_ws/install/cnn_msgs/include/cnn_msgs/cnn_msgs/msg/detail/cnn_data__traits.hpp
[2.525s] -- Symlinking: /home/kien/colcon_ws/install/cnn_msgs/include/cnn_msgs/cnn_msgs/msg/detail/cnn_data__type_support.hpp
[2.534s] -- Symlinking: /home/kien/colcon_ws/install/cnn_msgs/include/cnn_msgs/cnn_msgs/msg/rosidl_generator_cpp__visibility_control.hpp
[2.542s] -- Symlinking: /home/kien/colcon_ws/install/cnn_msgs/include/cnn_msgs/cnn_msgs/msg/detail/cnn_data__rosidl_typesupport_fastrtps_cpp.hpp
[2.550s] -- Symlinking: /home/kien/colcon_ws/install/cnn_msgs/include/cnn_msgs/cnn_msgs/msg/rosidl_typesupport_fastrtps_cpp__visibility_control.h
[2.558s] -- Symlinking: /home/kien/colcon_ws/install/cnn_msgs/include/cnn_msgs/cnn_msgs/msg/detail/cnn_data__rosidl_typesupport_introspection_cpp.hpp
[2.568s] -- Symlinking: /home/kien/colcon_ws/install/cnn_msgs/share/cnn_msgs/environment/pythonpath.sh
[2.576s] -- Symlinking: /home/kien/colcon_ws/install/cnn_msgs/share/cnn_msgs/environment/pythonpath.dsv
[2.584s] -- Symlinking: /home/kien/colcon_ws/install/cnn_msgs/lib/python3.10/site-packages/cnn_msgs-0.0.0-py3.10.egg-info/PKG-INFO
[2.593s] -- Symlinking: /home/kien/colcon_ws/install/cnn_msgs/lib/python3.10/site-packages/cnn_msgs-0.0.0-py3.10.egg-info/SOURCES.txt
[2.602s] -- Symlinking: /home/kien/colcon_ws/install/cnn_msgs/lib/python3.10/site-packages/cnn_msgs-0.0.0-py3.10.egg-info/dependency_links.txt
[2.611s] -- Symlinking: /home/kien/colcon_ws/install/cnn_msgs/lib/python3.10/site-packages/cnn_msgs-0.0.0-py3.10.egg-info/top_level.txt
[2.620s] -- Symlinking: /home/kien/colcon_ws/install/cnn_msgs/lib/python3.10/site-packages/cnn_msgs/__init__.py
[2.629s] -- Symlinking: /home/kien/colcon_ws/install/cnn_msgs/lib/python3.10/site-packages/cnn_msgs/_cnn_msgs_s.ep.rosidl_typesupport_c.c
[2.637s] -- Symlinking: /home/kien/colcon_ws/install/cnn_msgs/lib/python3.10/site-packages/cnn_msgs/_cnn_msgs_s.ep.rosidl_typesupport_fastrtps_c.c
[2.645s] -- Symlinking: /home/kien/colcon_ws/install/cnn_msgs/lib/python3.10/site-packages/cnn_msgs/_cnn_msgs_s.ep.rosidl_typesupport_introspection_c.c
[2.654s] -- Symlinking: /home/kien/colcon_ws/install/cnn_msgs/lib/python3.10/site-packages/cnn_msgs/cnn_msgs_s__rosidl_typesupport_c.cpython-310-x86_64-linux-gnu.so
[2.662s] -- Symlinking: /home/kien/colcon_ws/install/cnn_msgs/lib/python3.10/site-packages/cnn_msgs/cnn_msgs_s__rosidl_typesupport_fastrtps_c.cpython-310-x86_64-linux-gnu.so
[2.670s] -- Symlinking: /home/kien/colcon_ws/install/cnn_msgs/lib/python3.10/site-packages/cnn_msgs/cnn_msgs_s__rosidl_typesupport_introspection_c.cpython-310-x86_64-linux-gnu.so
[2.678s] -- Symlinking: /home/kien/colcon_ws/install/cnn_msgs/lib/python3.10/site-packages/cnn_msgs/libcnn_msgs__rosidl_generator_py.so
[2.685s] -- Symlinking: /home/kien/colcon_ws/install/cnn_msgs/lib/python3.10/site-packages/cnn_msgs/msg/__init__.py
[2.694s] -- Symlinking: /home/kien/colcon_ws/install/cnn_msgs/lib/python3.10/site-packages/cnn_msgs/msg/_cnn_data.py
[2.702s] -- Symlinking: /home/kien/colcon_ws/install/cnn_msgs/lib/python3.10/site-packages/cnn_msgs/msg/_cnn_data_s.c
[2.711s] -- Up-to-date symlink: /home/kien/colcon_ws/install/cnn_msgs/lib/python3.10/site-packages/cnn_msgs/cnn_msgs_s__rosidl_typesupport_fastrtps_c.cpython-310-x86_64-linux-gnu.so
[2.711s] -- Up-to-date symlink: /home/kien/colcon_ws/install/cnn_msgs/lib/python3.10/site-packages/cnn_msgs/cnn_msgs_s__rosidl_typesupport_introspection_c.cpython-310-x86_64-linux-gnu.so
[2.711s] -- Up-to-date symlink: /home/kien/colcon_ws/install/cnn_msgs/lib/python3.10/site-packages/cnn_msgs/cnn_msgs_s__rosidl_typesupport_c.cpython-310-x86_64-linux-gnu.so
[2.711s] -- Symlinking: /home/kien/colcon_ws/install/cnn_msgs/share/cnn_msgs/msg/CNNData.idl
[2.719s] -- Symlinking: /home/kien/colcon_ws/install/cnn_msgs/share/cnn_msgs/msg/CNNData.msg
[2.727s] -- Symlinking: /home/kien/colcon_ws/install/cnn_msgs/share/ament_index/resource_index/package_run_dependencies/cnn_msgs
[2.737s] -- Symlinking: /home/kien/colcon_ws/install/cnn_msgs/share/ament_index/resource_index/parent_prefix_path/cnn_msgs
[2.745s] -- Symlinking: /home/kien/colcon_ws/install/cnn_msgs/share/cnn_msgs/environment/ament_prefix_path.sh
[2.754s] -- Symlinking: /home/kien/colcon_ws/install/cnn_msgs/share/cnn_msgs/environment/ament_prefix_path.dsv
[2.763s] -- Symlinking: /home/kien/colcon_ws/install/cnn_msgs/share/cnn_msgs/environment/path.sh
[2.772s] -- Symlinking: /home/kien/colcon_ws/install/cnn_msgs/share/cnn_msgs/environment/path.dsv
[2.781s] -- Symlinking: /home/kien/colcon_ws/install/cnn_msgs/share/cnn_msgs/local_setup.bash
[2.791s] -- Symlinking: /home/kien/colcon_ws/install/cnn_msgs/share/cnn_msgs/local_setup.sh
[2.800s] -- Symlinking: /home/kien/colcon_ws/install/cnn_msgs/share/cnn_msgs/local_setup.zsh
[2.808s] -- Symlinking: /home/kien/colcon_ws/install/cnn_msgs/share/cnn_msgs/local_setup.dsv
[2.817s] -- Symlinking: /home/kien/colcon_ws/install/cnn_msgs/share/cnn_msgs/package.dsv
[2.827s] -- Symlinking: /home/kien/colcon_ws/install/cnn_msgs/share/ament_index/resource_index/packages/cnn_msgs
[2.836s] -- Symlinking: /home/kien/colcon_ws/install/cnn_msgs/share/cnn_msgs/cmake/rosidl_cmake-extras.cmake
[2.844s] -- Symlinking: /home/kien/colcon_ws/install/cnn_msgs/share/cnn_msgs/cmake/ament_cmake_export_include_directories-extras.cmake
[2.853s] -- Symlinking: /home/kien/colcon_ws/install/cnn_msgs/share/cnn_msgs/cmake/ament_cmake_export_libraries-extras.cmake
[2.861s] -- Symlinking: /home/kien/colcon_ws/install/cnn_msgs/share/cnn_msgs/cmake/ament_cmake_export_targets-extras.cmake
[2.868s] -- Symlinking: /home/kien/colcon_ws/install/cnn_msgs/share/cnn_msgs/cmake/rosidl_cmake_export_typesupport_targets-extras.cmake
[2.876s] -- Symlinking: /home/kien/colcon_ws/install/cnn_msgs/share/cnn_msgs/cmake/ament_cmake_export_dependencies-extras.cmake
[2.884s] -- Symlinking: /home/kien/colcon_ws/install/cnn_msgs/share/cnn_msgs/cmake/rosidl_cmake_export_typesupport_libraries-extras.cmake
[2.893s] -- Symlinking: /home/kien/colcon_ws/install/cnn_msgs/share/cnn_msgs/cmake/cnn_msgsConfig.cmake
[2.902s] -- Symlinking: /home/kien/colcon_ws/install/cnn_msgs/share/cnn_msgs/cmake/cnn_msgsConfig-version.cmake
[2.910s] -- Symlinking: /home/kien/colcon_ws/install/cnn_msgs/share/cnn_msgs/package.xml
[2.918s] -- Installing: /home/kien/colcon_ws/install/cnn_msgs/lib/libcnn_msgs__rosidl_generator_c.so
[2.918s] -- Set runtime path of "/home/kien/colcon_ws/install/cnn_msgs/lib/libcnn_msgs__rosidl_generator_c.so" to ""
[2.918s] -- Installing: /home/kien/colcon_ws/install/cnn_msgs/lib/libcnn_msgs__rosidl_typesupport_fastrtps_c.so
[2.919s] -- Set runtime path of "/home/kien/colcon_ws/install/cnn_msgs/lib/libcnn_msgs__rosidl_typesupport_fastrtps_c.so" to ""
[2.919s] -- Installing: /home/kien/colcon_ws/install/cnn_msgs/lib/libcnn_msgs__rosidl_typesupport_introspection_c.so
[2.919s] -- Set runtime path of "/home/kien/colcon_ws/install/cnn_msgs/lib/libcnn_msgs__rosidl_typesupport_introspection_c.so" to ""
[2.919s] -- Installing: /home/kien/colcon_ws/install/cnn_msgs/lib/libcnn_msgs__rosidl_typesupport_c.so
[2.919s] -- Set runtime path of "/home/kien/colcon_ws/install/cnn_msgs/lib/libcnn_msgs__rosidl_typesupport_c.so" to ""
[2.920s] -- Installing: /home/kien/colcon_ws/install/cnn_msgs/lib/libcnn_msgs__rosidl_typesupport_fastrtps_cpp.so
[2.920s] -- Set runtime path of "/home/kien/colcon_ws/install/cnn_msgs/lib/libcnn_msgs__rosidl_typesupport_fastrtps_cpp.so" to ""
[2.920s] -- Installing: /home/kien/colcon_ws/install/cnn_msgs/lib/libcnn_msgs__rosidl_typesupport_introspection_cpp.so
[2.920s] -- Set runtime path of "/home/kien/colcon_ws/install/cnn_msgs/lib/libcnn_msgs__rosidl_typesupport_introspection_cpp.so" to ""
[2.920s] -- Installing: /home/kien/colcon_ws/install/cnn_msgs/lib/libcnn_msgs__rosidl_typesupport_cpp.so
[2.921s] -- Set runtime path of "/home/kien/colcon_ws/install/cnn_msgs/lib/libcnn_msgs__rosidl_typesupport_cpp.so" to ""
[2.954s] Listing '/home/kien/colcon_ws/install/cnn_msgs/lib/python3.10/site-packages/cnn_msgs'...
[2.954s] Compiling '/home/kien/colcon_ws/install/cnn_msgs/lib/python3.10/site-packages/cnn_msgs/__init__.py'...
[2.954s] Listing '/home/kien/colcon_ws/install/cnn_msgs/lib/python3.10/site-packages/cnn_msgs/msg'...
[2.955s] Compiling '/home/kien/colcon_ws/install/cnn_msgs/lib/python3.10/site-packages/cnn_msgs/msg/__init__.py'...
[2.955s] Compiling '/home/kien/colcon_ws/install/cnn_msgs/lib/python3.10/site-packages/cnn_msgs/msg/_cnn_data.py'...
[2.959s] -- Installing: /home/kien/colcon_ws/install/cnn_msgs/lib/libcnn_msgs__rosidl_generator_py.so
[2.960s] -- Set runtime path of "/home/kien/colcon_ws/install/cnn_msgs/lib/libcnn_msgs__rosidl_generator_py.so" to ""
[2.960s] -- Installing: /home/kien/colcon_ws/install/cnn_msgs/share/cnn_msgs/cmake/export_cnn_msgs__rosidl_generator_cExport.cmake
[2.960s] -- Installing: /home/kien/colcon_ws/install/cnn_msgs/share/cnn_msgs/cmake/export_cnn_msgs__rosidl_generator_cExport-noconfig.cmake
[2.960s] -- Installing: /home/kien/colcon_ws/install/cnn_msgs/share/cnn_msgs/cmake/export_cnn_msgs__rosidl_typesupport_fastrtps_cExport.cmake
[2.961s] -- Installing: /home/kien/colcon_ws/install/cnn_msgs/share/cnn_msgs/cmake/export_cnn_msgs__rosidl_typesupport_fastrtps_cExport-noconfig.cmake
[2.961s] -- Installing: /home/kien/colcon_ws/install/cnn_msgs/share/cnn_msgs/cmake/cnn_msgs__rosidl_typesupport_introspection_cExport.cmake
[2.961s] -- Installing: /home/kien/colcon_ws/install/cnn_msgs/share/cnn_msgs/cmake/cnn_msgs__rosidl_typesupport_introspection_cExport-noconfig.cmake
[2.961s] -- Installing: /home/kien/colcon_ws/install/cnn_msgs/share/cnn_msgs/cmake/cnn_msgs__rosidl_typesupport_cExport.cmake
[2.961s] -- Installing: /home/kien/colcon_ws/install/cnn_msgs/share/cnn_msgs/cmake/cnn_msgs__rosidl_typesupport_cExport-noconfig.cmake
[2.961s] -- Installing: /home/kien/colcon_ws/install/cnn_msgs/share/cnn_msgs/cmake/export_cnn_msgs__rosidl_generator_cppExport.cmake
[2.962s] -- Installing: /home/kien/colcon_ws/install/cnn_msgs/share/cnn_msgs/cmake/export_cnn_msgs__rosidl_typesupport_fastrtps_cppExport.cmake
[2.962s] -- Installing: /home/kien/colcon_ws/install/cnn_msgs/share/cnn_msgs/cmake/export_cnn_msgs__rosidl_typesupport_fastrtps_cppExport-noconfig.cmake
[2.962s] -- Installing: /home/kien/colcon_ws/install/cnn_msgs/share/cnn_msgs/cmake/cnn_msgs__rosidl_typesupport_introspection_cppExport.cmake
[2.962s] -- Installing: /home/kien/colcon_ws/install/cnn_msgs/share/cnn_msgs/cmake/cnn_msgs__rosidl_typesupport_introspection_cppExport-noconfig.cmake
[2.963s] -- Installing: /home/kien/colcon_ws/install/cnn_msgs/share/cnn_msgs/cmake/cnn_msgs__rosidl_typesupport_cppExport.cmake
[2.963s] -- Installing: /home/kien/colcon_ws/install/cnn_msgs/share/cnn_msgs/cmake/cnn_msgs__rosidl_typesupport_cppExport-noconfig.cmake
[2.963s] -- Installing: /home/kien/colcon_ws/install/cnn_msgs/share/cnn_msgs/cmake/export_cnn_msgs__rosidl_generator_pyExport.cmake
[2.963s] -- Installing: /home/kien/colcon_ws/install/cnn_msgs/share/cnn_msgs/cmake/export_cnn_msgs__rosidl_generator_pyExport-noconfig.cmake
[2.966s] Invoked command in '/home/kien/colcon_ws/build/cnn_msgs' returned '0': CMAKE_PREFIX_PATH=${CMAKE_PREFIX_PATH}:/home/kien/colcon_ws/install/drl_vo_controller:/home/kien/colcon_ws/install/apf_python_example:/opt/ros/humble PS1=(.venv) \[\e]0;\u@\h: \w\a\]${debian_chroot:+($debian_chroot)}\[\033[01;32m\]\u@\h\[\033[00m\]:\[\033[01;34m\]\w\[\033[00m\]\$ /usr/bin/cmake --install /home/kien/colcon_ws/build/cnn_msgs
