[0.080s] DEBUG:colcon:Command line arguments: ['/usr/bin/colcon', 'build', '--symlink-install', '--base-paths', 'src/nav2_pyif/']
[0.080s] DEBUG:colcon:Parsed command line arguments: Namespace(log_base=None, log_level=None, verb_name='build', build_base='build', install_base='install', merge_install=False, symlink_install=True, test_result_base=None, continue_on_error=False, executor='parallel', parallel_workers=16, event_handlers=None, ignore_user_meta=False, metas=['./colcon.meta'], base_paths=['src/nav2_pyif/'], packages_ignore=None, packages_ignore_regex=None, paths=None, packages_up_to=None, packages_up_to_regex=None, packages_above=None, packages_above_and_dependencies=None, packages_above_depth=None, packages_select_by_dep=None, packages_skip_by_dep=None, packages_skip_up_to=None, packages_select_build_failed=False, packages_skip_build_finished=False, packages_select_test_failures=False, packages_skip_test_passed=False, packages_select=None, packages_skip=None, packages_select_regex=None, packages_skip_regex=None, packages_start=None, packages_end=None, allow_overriding=[], cmake_args=None, cmake_target=None, cmake_target_skip_unavailable=False, cmake_clean_cache=False, cmake_clean_first=False, cmake_force_configure=False, ament_cmake_args=None, catkin_cmake_args=None, catkin_skip_building_tests=False, mixin_files=None, mixin=None, verb_parser=<colcon_mixin.mixin.mixin_argument.MixinArgumentDecorator object at 0x77988ea71e70>, verb_extension=<colcon_core.verb.build.BuildVerb object at 0x77988ea71930>, main=<bound method BuildVerb.main of <colcon_core.verb.build.BuildVerb object at 0x77988ea71930>>, mixin_verb=('build',))
[0.212s] Level 1:colcon.colcon_core.package_discovery:discover_packages(colcon_meta) check parameters
[0.212s] Level 1:colcon.colcon_core.package_discovery:discover_packages(recursive) check parameters
[0.212s] Level 1:colcon.colcon_core.package_discovery:discover_packages(ignore) check parameters
[0.212s] Level 1:colcon.colcon_core.package_discovery:discover_packages(path) check parameters
[0.212s] Level 1:colcon.colcon_core.package_discovery:discover_packages(recursive) discover
[0.212s] INFO:colcon.colcon_core.package_discovery:Crawling recursively for packages in '/home/kien/colcon_ws/src/nav2_pyif'
[0.212s] Level 1:colcon.colcon_core.package_identification:_identify(src/nav2_pyif) by extensions ['ignore', 'ignore_ament_install']
[0.212s] Level 1:colcon.colcon_core.package_identification:_identify(src/nav2_pyif) by extension 'ignore'
[0.212s] Level 1:colcon.colcon_core.package_identification:_identify(src/nav2_pyif) by extension 'ignore_ament_install'
[0.212s] Level 1:colcon.colcon_core.package_identification:_identify(src/nav2_pyif) by extensions ['colcon_pkg']
[0.212s] Level 1:colcon.colcon_core.package_identification:_identify(src/nav2_pyif) by extension 'colcon_pkg'
[0.212s] Level 1:colcon.colcon_core.package_identification:_identify(src/nav2_pyif) by extensions ['colcon_meta']
[0.212s] Level 1:colcon.colcon_core.package_identification:_identify(src/nav2_pyif) by extension 'colcon_meta'
[0.212s] Level 1:colcon.colcon_core.package_identification:_identify(src/nav2_pyif) by extensions ['ros']
[0.212s] Level 1:colcon.colcon_core.package_identification:_identify(src/nav2_pyif) by extension 'ros'
[0.220s] Level 1:colcon.colcon_core.package_identification:_identify(src/nav2_pyif) by extensions ['cmake', 'python']
[0.220s] Level 1:colcon.colcon_core.package_identification:_identify(src/nav2_pyif) by extension 'cmake'
[0.220s] Level 1:colcon.colcon_core.package_identification:_identify(src/nav2_pyif) by extension 'python'
[0.220s] Level 1:colcon.colcon_core.package_identification:_identify(src/nav2_pyif) by extensions ['python_setup_py']
[0.220s] Level 1:colcon.colcon_core.package_identification:_identify(src/nav2_pyif) by extension 'python_setup_py'
[0.220s] Level 1:colcon.colcon_core.package_identification:_identify(src/nav2_pyif/apf_python_example) by extensions ['ignore', 'ignore_ament_install']
[0.220s] Level 1:colcon.colcon_core.package_identification:_identify(src/nav2_pyif/apf_python_example) by extension 'ignore'
[0.220s] Level 1:colcon.colcon_core.package_identification:_identify(src/nav2_pyif/apf_python_example) by extension 'ignore_ament_install'
[0.220s] Level 1:colcon.colcon_core.package_identification:_identify(src/nav2_pyif/apf_python_example) by extensions ['colcon_pkg']
[0.220s] Level 1:colcon.colcon_core.package_identification:_identify(src/nav2_pyif/apf_python_example) by extension 'colcon_pkg'
[0.220s] Level 1:colcon.colcon_core.package_identification:_identify(src/nav2_pyif/apf_python_example) by extensions ['colcon_meta']
[0.220s] Level 1:colcon.colcon_core.package_identification:_identify(src/nav2_pyif/apf_python_example) by extension 'colcon_meta'
[0.220s] Level 1:colcon.colcon_core.package_identification:_identify(src/nav2_pyif/apf_python_example) by extensions ['ros']
[0.220s] Level 1:colcon.colcon_core.package_identification:_identify(src/nav2_pyif/apf_python_example) by extension 'ros'
[0.222s] DEBUG:colcon.colcon_core.package_identification:Package 'src/nav2_pyif/apf_python_example' with type 'ros.ament_python' and name 'apf_python_example'
[0.222s] Level 1:colcon.colcon_core.package_identification:_identify(src/nav2_pyif/cnn_msgs) by extensions ['ignore', 'ignore_ament_install']
[0.222s] Level 1:colcon.colcon_core.package_identification:_identify(src/nav2_pyif/cnn_msgs) by extension 'ignore'
[0.222s] Level 1:colcon.colcon_core.package_identification:_identify(src/nav2_pyif/cnn_msgs) by extension 'ignore_ament_install'
[0.222s] Level 1:colcon.colcon_core.package_identification:_identify(src/nav2_pyif/cnn_msgs) by extensions ['colcon_pkg']
[0.222s] Level 1:colcon.colcon_core.package_identification:_identify(src/nav2_pyif/cnn_msgs) by extension 'colcon_pkg'
[0.222s] Level 1:colcon.colcon_core.package_identification:_identify(src/nav2_pyif/cnn_msgs) by extensions ['colcon_meta']
[0.222s] Level 1:colcon.colcon_core.package_identification:_identify(src/nav2_pyif/cnn_msgs) by extension 'colcon_meta'
[0.222s] Level 1:colcon.colcon_core.package_identification:_identify(src/nav2_pyif/cnn_msgs) by extensions ['ros']
[0.222s] Level 1:colcon.colcon_core.package_identification:_identify(src/nav2_pyif/cnn_msgs) by extension 'ros'
[0.223s] DEBUG:colcon.colcon_core.package_identification:Package 'src/nav2_pyif/cnn_msgs' with type 'ros.ament_cmake' and name 'cnn_msgs'
[0.223s] Level 1:colcon.colcon_core.package_identification:_identify(src/nav2_pyif/drl_vo_controller) by extensions ['ignore', 'ignore_ament_install']
[0.223s] Level 1:colcon.colcon_core.package_identification:_identify(src/nav2_pyif/drl_vo_controller) by extension 'ignore'
[0.223s] Level 1:colcon.colcon_core.package_identification:_identify(src/nav2_pyif/drl_vo_controller) by extension 'ignore_ament_install'
[0.223s] Level 1:colcon.colcon_core.package_identification:_identify(src/nav2_pyif/drl_vo_controller) by extensions ['colcon_pkg']
[0.223s] Level 1:colcon.colcon_core.package_identification:_identify(src/nav2_pyif/drl_vo_controller) by extension 'colcon_pkg'
[0.223s] Level 1:colcon.colcon_core.package_identification:_identify(src/nav2_pyif/drl_vo_controller) by extensions ['colcon_meta']
[0.223s] Level 1:colcon.colcon_core.package_identification:_identify(src/nav2_pyif/drl_vo_controller) by extension 'colcon_meta'
[0.223s] Level 1:colcon.colcon_core.package_identification:_identify(src/nav2_pyif/drl_vo_controller) by extensions ['ros']
[0.223s] Level 1:colcon.colcon_core.package_identification:_identify(src/nav2_pyif/drl_vo_controller) by extension 'ros'
[0.224s] DEBUG:colcon.colcon_core.package_identification:Package 'src/nav2_pyif/drl_vo_controller' with type 'ros.ament_python' and name 'drl_vo_controller'
[0.224s] Level 1:colcon.colcon_core.package_identification:_identify(src/nav2_pyif/nav2_pyif) by extensions ['ignore', 'ignore_ament_install']
[0.224s] Level 1:colcon.colcon_core.package_identification:_identify(src/nav2_pyif/nav2_pyif) by extension 'ignore'
[0.224s] Level 1:colcon.colcon_core.package_identification:_identify(src/nav2_pyif/nav2_pyif) by extension 'ignore_ament_install'
[0.224s] Level 1:colcon.colcon_core.package_identification:_identify(src/nav2_pyif/nav2_pyif) by extensions ['colcon_pkg']
[0.224s] Level 1:colcon.colcon_core.package_identification:_identify(src/nav2_pyif/nav2_pyif) by extension 'colcon_pkg'
[0.224s] Level 1:colcon.colcon_core.package_identification:_identify(src/nav2_pyif/nav2_pyif) by extensions ['colcon_meta']
[0.224s] Level 1:colcon.colcon_core.package_identification:_identify(src/nav2_pyif/nav2_pyif) by extension 'colcon_meta'
[0.224s] Level 1:colcon.colcon_core.package_identification:_identify(src/nav2_pyif/nav2_pyif) by extensions ['ros']
[0.224s] Level 1:colcon.colcon_core.package_identification:_identify(src/nav2_pyif/nav2_pyif) by extension 'ros'
[0.225s] DEBUG:colcon.colcon_core.package_identification:Package 'src/nav2_pyif/nav2_pyif' with type 'ros.ament_cmake' and name 'nav2_pyif'
[0.225s] Level 1:colcon.colcon_core.package_identification:_identify(src/nav2_pyif/nav2_pyif_controller) by extensions ['ignore', 'ignore_ament_install']
[0.225s] Level 1:colcon.colcon_core.package_identification:_identify(src/nav2_pyif/nav2_pyif_controller) by extension 'ignore'
[0.225s] Level 1:colcon.colcon_core.package_identification:_identify(src/nav2_pyif/nav2_pyif_controller) by extension 'ignore_ament_install'
[0.225s] Level 1:colcon.colcon_core.package_identification:_identify(src/nav2_pyif/nav2_pyif_controller) by extensions ['colcon_pkg']
[0.225s] Level 1:colcon.colcon_core.package_identification:_identify(src/nav2_pyif/nav2_pyif_controller) by extension 'colcon_pkg'
[0.225s] Level 1:colcon.colcon_core.package_identification:_identify(src/nav2_pyif/nav2_pyif_controller) by extensions ['colcon_meta']
[0.225s] Level 1:colcon.colcon_core.package_identification:_identify(src/nav2_pyif/nav2_pyif_controller) by extension 'colcon_meta'
[0.225s] Level 1:colcon.colcon_core.package_identification:_identify(src/nav2_pyif/nav2_pyif_controller) by extensions ['ros']
[0.225s] Level 1:colcon.colcon_core.package_identification:_identify(src/nav2_pyif/nav2_pyif_controller) by extension 'ros'
[0.226s] DEBUG:colcon.colcon_core.package_identification:Package 'src/nav2_pyif/nav2_pyif_controller' with type 'ros.ament_cmake' and name 'nav2_pyif_controller'
[0.226s] Level 1:colcon.colcon_core.package_discovery:discover_packages(recursive) using defaults
[0.247s] Level 1:colcon.colcon_core.package_discovery:discover_packages(prefix_path) check parameters
[0.248s] Level 1:colcon.colcon_core.package_discovery:discover_packages(prefix_path) discover
[0.250s] DEBUG:colcon.colcon_installed_package_information.package_discovery:Found 334 installed packages in /opt/ros/humble
[0.251s] Level 1:colcon.colcon_core.package_discovery:discover_packages(prefix_path) using defaults
[0.281s] Level 5:colcon.colcon_core.verb:set package 'apf_python_example' build argument 'cmake_args' from command line to 'None'
[0.281s] Level 5:colcon.colcon_core.verb:set package 'apf_python_example' build argument 'cmake_target' from command line to 'None'
[0.281s] Level 5:colcon.colcon_core.verb:set package 'apf_python_example' build argument 'cmake_target_skip_unavailable' from command line to 'False'
[0.281s] Level 5:colcon.colcon_core.verb:set package 'apf_python_example' build argument 'cmake_clean_cache' from command line to 'False'
[0.281s] Level 5:colcon.colcon_core.verb:set package 'apf_python_example' build argument 'cmake_clean_first' from command line to 'False'
[0.281s] Level 5:colcon.colcon_core.verb:set package 'apf_python_example' build argument 'cmake_force_configure' from command line to 'False'
[0.281s] Level 5:colcon.colcon_core.verb:set package 'apf_python_example' build argument 'ament_cmake_args' from command line to 'None'
[0.281s] Level 5:colcon.colcon_core.verb:set package 'apf_python_example' build argument 'catkin_cmake_args' from command line to 'None'
[0.281s] Level 5:colcon.colcon_core.verb:set package 'apf_python_example' build argument 'catkin_skip_building_tests' from command line to 'False'
[0.281s] DEBUG:colcon.colcon_core.verb:Building package 'apf_python_example' with the following arguments: {'ament_cmake_args': None, 'build_base': '/home/kien/colcon_ws/build/apf_python_example', 'catkin_cmake_args': None, 'catkin_skip_building_tests': False, 'cmake_args': None, 'cmake_clean_cache': False, 'cmake_clean_first': False, 'cmake_force_configure': False, 'cmake_target': None, 'cmake_target_skip_unavailable': False, 'install_base': '/home/kien/colcon_ws/install/apf_python_example', 'merge_install': False, 'path': '/home/kien/colcon_ws/src/nav2_pyif/apf_python_example', 'symlink_install': True, 'test_result_base': None}
[0.281s] Level 5:colcon.colcon_core.verb:set package 'cnn_msgs' build argument 'cmake_args' from command line to 'None'
[0.281s] Level 5:colcon.colcon_core.verb:set package 'cnn_msgs' build argument 'cmake_target' from command line to 'None'
[0.281s] Level 5:colcon.colcon_core.verb:set package 'cnn_msgs' build argument 'cmake_target_skip_unavailable' from command line to 'False'
[0.281s] Level 5:colcon.colcon_core.verb:set package 'cnn_msgs' build argument 'cmake_clean_cache' from command line to 'False'
[0.281s] Level 5:colcon.colcon_core.verb:set package 'cnn_msgs' build argument 'cmake_clean_first' from command line to 'False'
[0.281s] Level 5:colcon.colcon_core.verb:set package 'cnn_msgs' build argument 'cmake_force_configure' from command line to 'False'
[0.281s] Level 5:colcon.colcon_core.verb:set package 'cnn_msgs' build argument 'ament_cmake_args' from command line to 'None'
[0.281s] Level 5:colcon.colcon_core.verb:set package 'cnn_msgs' build argument 'catkin_cmake_args' from command line to 'None'
[0.281s] Level 5:colcon.colcon_core.verb:set package 'cnn_msgs' build argument 'catkin_skip_building_tests' from command line to 'False'
[0.281s] DEBUG:colcon.colcon_core.verb:Building package 'cnn_msgs' with the following arguments: {'ament_cmake_args': None, 'build_base': '/home/kien/colcon_ws/build/cnn_msgs', 'catkin_cmake_args': None, 'catkin_skip_building_tests': False, 'cmake_args': None, 'cmake_clean_cache': False, 'cmake_clean_first': False, 'cmake_force_configure': False, 'cmake_target': None, 'cmake_target_skip_unavailable': False, 'install_base': '/home/kien/colcon_ws/install/cnn_msgs', 'merge_install': False, 'path': '/home/kien/colcon_ws/src/nav2_pyif/cnn_msgs', 'symlink_install': True, 'test_result_base': None}
[0.282s] Level 5:colcon.colcon_core.verb:set package 'drl_vo_controller' build argument 'cmake_args' from command line to 'None'
[0.282s] Level 5:colcon.colcon_core.verb:set package 'drl_vo_controller' build argument 'cmake_target' from command line to 'None'
[0.282s] Level 5:colcon.colcon_core.verb:set package 'drl_vo_controller' build argument 'cmake_target_skip_unavailable' from command line to 'False'
[0.282s] Level 5:colcon.colcon_core.verb:set package 'drl_vo_controller' build argument 'cmake_clean_cache' from command line to 'False'
[0.282s] Level 5:colcon.colcon_core.verb:set package 'drl_vo_controller' build argument 'cmake_clean_first' from command line to 'False'
[0.282s] Level 5:colcon.colcon_core.verb:set package 'drl_vo_controller' build argument 'cmake_force_configure' from command line to 'False'
[0.282s] Level 5:colcon.colcon_core.verb:set package 'drl_vo_controller' build argument 'ament_cmake_args' from command line to 'None'
[0.282s] Level 5:colcon.colcon_core.verb:set package 'drl_vo_controller' build argument 'catkin_cmake_args' from command line to 'None'
[0.282s] Level 5:colcon.colcon_core.verb:set package 'drl_vo_controller' build argument 'catkin_skip_building_tests' from command line to 'False'
[0.282s] DEBUG:colcon.colcon_core.verb:Building package 'drl_vo_controller' with the following arguments: {'ament_cmake_args': None, 'build_base': '/home/kien/colcon_ws/build/drl_vo_controller', 'catkin_cmake_args': None, 'catkin_skip_building_tests': False, 'cmake_args': None, 'cmake_clean_cache': False, 'cmake_clean_first': False, 'cmake_force_configure': False, 'cmake_target': None, 'cmake_target_skip_unavailable': False, 'install_base': '/home/kien/colcon_ws/install/drl_vo_controller', 'merge_install': False, 'path': '/home/kien/colcon_ws/src/nav2_pyif/drl_vo_controller', 'symlink_install': True, 'test_result_base': None}
[0.282s] Level 5:colcon.colcon_core.verb:set package 'nav2_pyif' build argument 'cmake_args' from command line to 'None'
[0.282s] Level 5:colcon.colcon_core.verb:set package 'nav2_pyif' build argument 'cmake_target' from command line to 'None'
[0.282s] Level 5:colcon.colcon_core.verb:set package 'nav2_pyif' build argument 'cmake_target_skip_unavailable' from command line to 'False'
[0.282s] Level 5:colcon.colcon_core.verb:set package 'nav2_pyif' build argument 'cmake_clean_cache' from command line to 'False'
[0.282s] Level 5:colcon.colcon_core.verb:set package 'nav2_pyif' build argument 'cmake_clean_first' from command line to 'False'
[0.282s] Level 5:colcon.colcon_core.verb:set package 'nav2_pyif' build argument 'cmake_force_configure' from command line to 'False'
[0.282s] Level 5:colcon.colcon_core.verb:set package 'nav2_pyif' build argument 'ament_cmake_args' from command line to 'None'
[0.282s] Level 5:colcon.colcon_core.verb:set package 'nav2_pyif' build argument 'catkin_cmake_args' from command line to 'None'
[0.282s] Level 5:colcon.colcon_core.verb:set package 'nav2_pyif' build argument 'catkin_skip_building_tests' from command line to 'False'
[0.282s] DEBUG:colcon.colcon_core.verb:Building package 'nav2_pyif' with the following arguments: {'ament_cmake_args': None, 'build_base': '/home/kien/colcon_ws/build/nav2_pyif', 'catkin_cmake_args': None, 'catkin_skip_building_tests': False, 'cmake_args': None, 'cmake_clean_cache': False, 'cmake_clean_first': False, 'cmake_force_configure': False, 'cmake_target': None, 'cmake_target_skip_unavailable': False, 'install_base': '/home/kien/colcon_ws/install/nav2_pyif', 'merge_install': False, 'path': '/home/kien/colcon_ws/src/nav2_pyif/nav2_pyif', 'symlink_install': True, 'test_result_base': None}
[0.282s] Level 5:colcon.colcon_core.verb:set package 'nav2_pyif_controller' build argument 'cmake_args' from command line to 'None'
[0.282s] Level 5:colcon.colcon_core.verb:set package 'nav2_pyif_controller' build argument 'cmake_target' from command line to 'None'
[0.282s] Level 5:colcon.colcon_core.verb:set package 'nav2_pyif_controller' build argument 'cmake_target_skip_unavailable' from command line to 'False'
[0.282s] Level 5:colcon.colcon_core.verb:set package 'nav2_pyif_controller' build argument 'cmake_clean_cache' from command line to 'False'
[0.282s] Level 5:colcon.colcon_core.verb:set package 'nav2_pyif_controller' build argument 'cmake_clean_first' from command line to 'False'
[0.282s] Level 5:colcon.colcon_core.verb:set package 'nav2_pyif_controller' build argument 'cmake_force_configure' from command line to 'False'
[0.283s] Level 5:colcon.colcon_core.verb:set package 'nav2_pyif_controller' build argument 'ament_cmake_args' from command line to 'None'
[0.283s] Level 5:colcon.colcon_core.verb:set package 'nav2_pyif_controller' build argument 'catkin_cmake_args' from command line to 'None'
[0.283s] Level 5:colcon.colcon_core.verb:set package 'nav2_pyif_controller' build argument 'catkin_skip_building_tests' from command line to 'False'
[0.283s] DEBUG:colcon.colcon_core.verb:Building package 'nav2_pyif_controller' with the following arguments: {'ament_cmake_args': None, 'build_base': '/home/kien/colcon_ws/build/nav2_pyif_controller', 'catkin_cmake_args': None, 'catkin_skip_building_tests': False, 'cmake_args': None, 'cmake_clean_cache': False, 'cmake_clean_first': False, 'cmake_force_configure': False, 'cmake_target': None, 'cmake_target_skip_unavailable': False, 'install_base': '/home/kien/colcon_ws/install/nav2_pyif_controller', 'merge_install': False, 'path': '/home/kien/colcon_ws/src/nav2_pyif/nav2_pyif_controller', 'symlink_install': True, 'test_result_base': None}
[0.283s] INFO:colcon.colcon_core.executor:Executing jobs using 'parallel' executor
[0.284s] DEBUG:colcon.colcon_parallel_executor.executor.parallel:run_until_complete
[0.284s] INFO:colcon.colcon_ros.task.ament_cmake.build:Building ROS package in '/home/kien/colcon_ws/src/nav2_pyif/nav2_pyif' with build type 'ament_cmake'
[0.284s] INFO:colcon.colcon_cmake.task.cmake.build:Building CMake package in '/home/kien/colcon_ws/src/nav2_pyif/nav2_pyif'
[0.285s] INFO:colcon.colcon_core.plugin_system:Skipping extension 'colcon_core.shell.bat': Not used on non-Windows systems
[0.286s] INFO:colcon.colcon_core.shell:Skip shell extension 'powershell' for command environment: Not usable outside of PowerShell
[0.286s] DEBUG:colcon.colcon_core.shell:Skip shell extension 'dsv' for command environment
[0.288s] INFO:colcon.colcon_ros.task.ament_python.build:Building ROS package in '/home/kien/colcon_ws/src/nav2_pyif/apf_python_example' with build type 'ament_python'
[0.288s] Level 1:colcon.colcon_core.shell:create_environment_hook('apf_python_example', 'ament_prefix_path')
[0.289s] INFO:colcon.colcon_core.shell:Creating environment hook '/home/kien/colcon_ws/install/apf_python_example/share/apf_python_example/hook/ament_prefix_path.ps1'
[0.289s] INFO:colcon.colcon_core.shell:Creating environment descriptor '/home/kien/colcon_ws/install/apf_python_example/share/apf_python_example/hook/ament_prefix_path.dsv'
[0.289s] INFO:colcon.colcon_core.shell:Creating environment hook '/home/kien/colcon_ws/install/apf_python_example/share/apf_python_example/hook/ament_prefix_path.sh'
[0.290s] INFO:colcon.colcon_core.shell:Skip shell extension 'powershell' for command environment: Not usable outside of PowerShell
[0.290s] DEBUG:colcon.colcon_core.shell:Skip shell extension 'dsv' for command environment
[0.292s] INFO:colcon.colcon_ros.task.ament_cmake.build:Building ROS package in '/home/kien/colcon_ws/src/nav2_pyif/cnn_msgs' with build type 'ament_cmake'
[0.293s] INFO:colcon.colcon_cmake.task.cmake.build:Building CMake package in '/home/kien/colcon_ws/src/nav2_pyif/cnn_msgs'
[0.293s] INFO:colcon.colcon_core.shell:Skip shell extension 'powershell' for command environment: Not usable outside of PowerShell
[0.293s] DEBUG:colcon.colcon_core.shell:Skip shell extension 'dsv' for command environment
[0.296s] INFO:colcon.colcon_ros.task.ament_python.build:Building ROS package in '/home/kien/colcon_ws/src/nav2_pyif/drl_vo_controller' with build type 'ament_python'
[0.296s] Level 1:colcon.colcon_core.shell:create_environment_hook('drl_vo_controller', 'ament_prefix_path')
[0.296s] INFO:colcon.colcon_core.shell:Creating environment hook '/home/kien/colcon_ws/install/drl_vo_controller/share/drl_vo_controller/hook/ament_prefix_path.ps1'
[0.297s] INFO:colcon.colcon_core.shell:Creating environment descriptor '/home/kien/colcon_ws/install/drl_vo_controller/share/drl_vo_controller/hook/ament_prefix_path.dsv'
[0.297s] INFO:colcon.colcon_core.shell:Creating environment hook '/home/kien/colcon_ws/install/drl_vo_controller/share/drl_vo_controller/hook/ament_prefix_path.sh'
[0.297s] INFO:colcon.colcon_core.shell:Skip shell extension 'powershell' for command environment: Not usable outside of PowerShell
[0.297s] DEBUG:colcon.colcon_core.shell:Skip shell extension 'dsv' for command environment
[0.304s] DEBUG:colcon.colcon_core.event_handler.log_command:Invoking command in '/home/kien/colcon_ws/build/nav2_pyif': CMAKE_PREFIX_PATH=/opt/ros/humble /usr/bin/cmake --build /home/kien/colcon_ws/build/nav2_pyif -- -j16 -l16
[0.506s] INFO:colcon.colcon_core.task.python.build:Building Python package in '/home/kien/colcon_ws/src/nav2_pyif/apf_python_example'
[0.506s] INFO:colcon.colcon_core.shell:Skip shell extension 'powershell' for command environment: Not usable outside of PowerShell
[0.506s] DEBUG:colcon.colcon_core.shell:Skip shell extension 'dsv' for command environment
[0.513s] DEBUG:colcon.colcon_core.event_handler.log_command:Invoking command in '/home/kien/colcon_ws/build/cnn_msgs': CMAKE_PREFIX_PATH=/opt/ros/humble /usr/bin/cmake --build /home/kien/colcon_ws/build/cnn_msgs -- -j16 -l16
[0.723s] INFO:colcon.colcon_core.task.python.build:Building Python package in '/home/kien/colcon_ws/src/nav2_pyif/drl_vo_controller'
[0.724s] INFO:colcon.colcon_core.shell:Skip shell extension 'powershell' for command environment: Not usable outside of PowerShell
[0.724s] DEBUG:colcon.colcon_core.shell:Skip shell extension 'dsv' for command environment
[0.728s] DEBUG:colcon.colcon_core.event_handler.log_command:Invoked command in '/home/kien/colcon_ws/build/nav2_pyif' returned '0': CMAKE_PREFIX_PATH=/opt/ros/humble /usr/bin/cmake --build /home/kien/colcon_ws/build/nav2_pyif -- -j16 -l16
[0.737s] DEBUG:colcon.colcon_core.event_handler.log_command:Invoking command in '/home/kien/colcon_ws/build/nav2_pyif': CMAKE_PREFIX_PATH=/opt/ros/humble /usr/bin/cmake --install /home/kien/colcon_ws/build/nav2_pyif
[0.759s] Level 1:colcon.colcon_core.environment:create_environment_scripts_only(nav2_pyif)
[0.760s] DEBUG:colcon.colcon_core.event_handler.log_command:Invoked command in '/home/kien/colcon_ws/build/nav2_pyif' returned '0': CMAKE_PREFIX_PATH=/opt/ros/humble /usr/bin/cmake --install /home/kien/colcon_ws/build/nav2_pyif
[0.762s] Level 1:colcon.colcon_core.environment:checking '/home/kien/colcon_ws/install/nav2_pyif' for CMake module files
[0.762s] Level 1:colcon.colcon_core.environment:checking '/home/kien/colcon_ws/install/nav2_pyif' for CMake config files
[0.763s] Level 1:colcon.colcon_core.shell:create_environment_hook('nav2_pyif', 'cmake_prefix_path')
[0.763s] INFO:colcon.colcon_core.shell:Creating environment hook '/home/kien/colcon_ws/install/nav2_pyif/share/nav2_pyif/hook/cmake_prefix_path.ps1'
[0.764s] INFO:colcon.colcon_core.shell:Creating environment descriptor '/home/kien/colcon_ws/install/nav2_pyif/share/nav2_pyif/hook/cmake_prefix_path.dsv'
[0.764s] INFO:colcon.colcon_core.shell:Creating environment hook '/home/kien/colcon_ws/install/nav2_pyif/share/nav2_pyif/hook/cmake_prefix_path.sh'
[0.765s] Level 1:colcon.colcon_core.environment:checking '/home/kien/colcon_ws/install/nav2_pyif/lib'
[0.765s] Level 1:colcon.colcon_core.shell:create_environment_hook('nav2_pyif', 'ld_library_path_lib')
[0.765s] INFO:colcon.colcon_core.shell:Creating environment hook '/home/kien/colcon_ws/install/nav2_pyif/share/nav2_pyif/hook/ld_library_path_lib.ps1'
[0.766s] INFO:colcon.colcon_core.shell:Creating environment descriptor '/home/kien/colcon_ws/install/nav2_pyif/share/nav2_pyif/hook/ld_library_path_lib.dsv'
[0.766s] INFO:colcon.colcon_core.shell:Creating environment hook '/home/kien/colcon_ws/install/nav2_pyif/share/nav2_pyif/hook/ld_library_path_lib.sh'
[0.766s] Level 1:colcon.colcon_core.environment:checking '/home/kien/colcon_ws/install/nav2_pyif/bin'
[0.766s] Level 1:colcon.colcon_core.environment:checking '/home/kien/colcon_ws/install/nav2_pyif/lib/pkgconfig/nav2_pyif.pc'
[0.766s] Level 1:colcon.colcon_core.environment:checking '/home/kien/colcon_ws/install/nav2_pyif/lib/python3.10/site-packages'
[0.766s] Level 1:colcon.colcon_core.environment:checking '/home/kien/colcon_ws/install/nav2_pyif/bin'
[0.767s] INFO:colcon.colcon_core.shell:Creating package script '/home/kien/colcon_ws/install/nav2_pyif/share/nav2_pyif/package.ps1'
[0.767s] INFO:colcon.colcon_core.shell:Creating package descriptor '/home/kien/colcon_ws/install/nav2_pyif/share/nav2_pyif/package.dsv'
[0.768s] INFO:colcon.colcon_core.shell:Creating package script '/home/kien/colcon_ws/install/nav2_pyif/share/nav2_pyif/package.sh'
[0.768s] INFO:colcon.colcon_core.shell:Creating package script '/home/kien/colcon_ws/install/nav2_pyif/share/nav2_pyif/package.bash'
[0.769s] INFO:colcon.colcon_core.shell:Creating package script '/home/kien/colcon_ws/install/nav2_pyif/share/nav2_pyif/package.zsh'
[0.770s] Level 1:colcon.colcon_core.environment:create_file_with_runtime_dependencies(/home/kien/colcon_ws/install/nav2_pyif/share/colcon-core/packages/nav2_pyif)
[0.770s] Level 1:colcon.colcon_core.environment:create_environment_scripts_only(nav2_pyif)
[0.770s] Level 1:colcon.colcon_core.environment:checking '/home/kien/colcon_ws/install/nav2_pyif' for CMake module files
[0.771s] Level 1:colcon.colcon_core.environment:checking '/home/kien/colcon_ws/install/nav2_pyif' for CMake config files
[0.771s] Level 1:colcon.colcon_core.shell:create_environment_hook('nav2_pyif', 'cmake_prefix_path')
[0.771s] INFO:colcon.colcon_core.shell:Creating environment hook '/home/kien/colcon_ws/install/nav2_pyif/share/nav2_pyif/hook/cmake_prefix_path.ps1'
[0.772s] INFO:colcon.colcon_core.shell:Creating environment descriptor '/home/kien/colcon_ws/install/nav2_pyif/share/nav2_pyif/hook/cmake_prefix_path.dsv'
[0.772s] INFO:colcon.colcon_core.shell:Creating environment hook '/home/kien/colcon_ws/install/nav2_pyif/share/nav2_pyif/hook/cmake_prefix_path.sh'
[0.772s] Level 1:colcon.colcon_core.environment:checking '/home/kien/colcon_ws/install/nav2_pyif/lib'
[0.772s] Level 1:colcon.colcon_core.shell:create_environment_hook('nav2_pyif', 'ld_library_path_lib')
[0.773s] INFO:colcon.colcon_core.shell:Creating environment hook '/home/kien/colcon_ws/install/nav2_pyif/share/nav2_pyif/hook/ld_library_path_lib.ps1'
[0.773s] INFO:colcon.colcon_core.shell:Creating environment descriptor '/home/kien/colcon_ws/install/nav2_pyif/share/nav2_pyif/hook/ld_library_path_lib.dsv'
[0.773s] INFO:colcon.colcon_core.shell:Creating environment hook '/home/kien/colcon_ws/install/nav2_pyif/share/nav2_pyif/hook/ld_library_path_lib.sh'
[0.774s] Level 1:colcon.colcon_core.environment:checking '/home/kien/colcon_ws/install/nav2_pyif/bin'
[0.774s] Level 1:colcon.colcon_core.environment:checking '/home/kien/colcon_ws/install/nav2_pyif/lib/pkgconfig/nav2_pyif.pc'
[0.774s] Level 1:colcon.colcon_core.environment:checking '/home/kien/colcon_ws/install/nav2_pyif/lib/python3.10/site-packages'
[0.774s] Level 1:colcon.colcon_core.environment:checking '/home/kien/colcon_ws/install/nav2_pyif/bin'
[0.774s] INFO:colcon.colcon_core.shell:Creating package script '/home/kien/colcon_ws/install/nav2_pyif/share/nav2_pyif/package.ps1'
[0.775s] INFO:colcon.colcon_core.shell:Creating package descriptor '/home/kien/colcon_ws/install/nav2_pyif/share/nav2_pyif/package.dsv'
[0.775s] INFO:colcon.colcon_core.shell:Creating package script '/home/kien/colcon_ws/install/nav2_pyif/share/nav2_pyif/package.sh'
[0.776s] INFO:colcon.colcon_core.shell:Creating package script '/home/kien/colcon_ws/install/nav2_pyif/share/nav2_pyif/package.bash'
[0.776s] INFO:colcon.colcon_core.shell:Creating package script '/home/kien/colcon_ws/install/nav2_pyif/share/nav2_pyif/package.zsh'
[0.776s] Level 1:colcon.colcon_core.environment:create_file_with_runtime_dependencies(/home/kien/colcon_ws/install/nav2_pyif/share/colcon-core/packages/nav2_pyif)
[0.777s] INFO:colcon.colcon_ros.task.ament_cmake.build:Building ROS package in '/home/kien/colcon_ws/src/nav2_pyif/nav2_pyif_controller' with build type 'ament_cmake'
[0.777s] INFO:colcon.colcon_cmake.task.cmake.build:Building CMake package in '/home/kien/colcon_ws/src/nav2_pyif/nav2_pyif_controller'
[0.777s] INFO:colcon.colcon_core.shell:Skip shell extension 'powershell' for command environment: Not usable outside of PowerShell
[0.777s] DEBUG:colcon.colcon_core.shell:Skip shell extension 'dsv' for command environment
[0.781s] DEBUG:colcon.colcon_core.event_handler.log_command:Invoked command in '/home/kien/colcon_ws/build/cnn_msgs' returned '0': CMAKE_PREFIX_PATH=/opt/ros/humble /usr/bin/cmake --build /home/kien/colcon_ws/build/cnn_msgs -- -j16 -l16
[0.782s] DEBUG:colcon.colcon_core.event_handler.log_command:Invoking command in '/home/kien/colcon_ws/build/cnn_msgs': CMAKE_PREFIX_PATH=/opt/ros/humble /usr/bin/cmake --install /home/kien/colcon_ws/build/cnn_msgs
[0.788s] DEBUG:colcon.colcon_core.event_handler.log_command:Invoking command in '/home/kien/colcon_ws/build/nav2_pyif_controller': AMENT_PREFIX_PATH=/home/kien/colcon_ws/install/nav2_pyif:${AMENT_PREFIX_PATH} CMAKE_PREFIX_PATH=/home/kien/colcon_ws/install/nav2_pyif:/opt/ros/humble LD_LIBRARY_PATH=/home/kien/colcon_ws/install/nav2_pyif/lib:${LD_LIBRARY_PATH} /usr/bin/cmake --build /home/kien/colcon_ws/build/nav2_pyif_controller -- -j16 -l16
[0.847s] Level 1:colcon.colcon_core.environment:create_environment_scripts_only(cnn_msgs)
[0.847s] Level 1:colcon.colcon_core.environment:checking '/home/kien/colcon_ws/install/cnn_msgs' for CMake module files
[0.848s] DEBUG:colcon.colcon_core.event_handler.log_command:Invoked command in '/home/kien/colcon_ws/build/cnn_msgs' returned '0': CMAKE_PREFIX_PATH=/opt/ros/humble /usr/bin/cmake --install /home/kien/colcon_ws/build/cnn_msgs
[0.849s] Level 1:colcon.colcon_core.environment:checking '/home/kien/colcon_ws/install/cnn_msgs' for CMake config files
[0.849s] Level 1:colcon.colcon_core.shell:create_environment_hook('cnn_msgs', 'cmake_prefix_path')
[0.849s] INFO:colcon.colcon_core.shell:Creating environment hook '/home/kien/colcon_ws/install/cnn_msgs/share/cnn_msgs/hook/cmake_prefix_path.ps1'
[0.850s] INFO:colcon.colcon_core.shell:Creating environment descriptor '/home/kien/colcon_ws/install/cnn_msgs/share/cnn_msgs/hook/cmake_prefix_path.dsv'
[0.850s] INFO:colcon.colcon_core.shell:Creating environment hook '/home/kien/colcon_ws/install/cnn_msgs/share/cnn_msgs/hook/cmake_prefix_path.sh'
[0.851s] Level 1:colcon.colcon_core.environment:checking '/home/kien/colcon_ws/install/cnn_msgs/lib'
[0.851s] Level 1:colcon.colcon_core.shell:create_environment_hook('cnn_msgs', 'ld_library_path_lib')
[0.851s] INFO:colcon.colcon_core.shell:Creating environment hook '/home/kien/colcon_ws/install/cnn_msgs/share/cnn_msgs/hook/ld_library_path_lib.ps1'
[0.851s] INFO:colcon.colcon_core.shell:Creating environment descriptor '/home/kien/colcon_ws/install/cnn_msgs/share/cnn_msgs/hook/ld_library_path_lib.dsv'
[0.852s] INFO:colcon.colcon_core.shell:Creating environment hook '/home/kien/colcon_ws/install/cnn_msgs/share/cnn_msgs/hook/ld_library_path_lib.sh'
[0.852s] Level 1:colcon.colcon_core.environment:checking '/home/kien/colcon_ws/install/cnn_msgs/bin'
[0.852s] Level 1:colcon.colcon_core.environment:checking '/home/kien/colcon_ws/install/cnn_msgs/lib/pkgconfig/cnn_msgs.pc'
[0.852s] Level 1:colcon.colcon_core.environment:checking '/home/kien/colcon_ws/install/cnn_msgs/lib/python3.10/site-packages'
[0.852s] Level 1:colcon.colcon_core.shell:create_environment_hook('cnn_msgs', 'pythonpath')
[0.852s] INFO:colcon.colcon_core.shell:Creating environment hook '/home/kien/colcon_ws/install/cnn_msgs/share/cnn_msgs/hook/pythonpath.ps1'
[0.853s] INFO:colcon.colcon_core.shell:Creating environment descriptor '/home/kien/colcon_ws/install/cnn_msgs/share/cnn_msgs/hook/pythonpath.dsv'
[0.853s] INFO:colcon.colcon_core.shell:Creating environment hook '/home/kien/colcon_ws/install/cnn_msgs/share/cnn_msgs/hook/pythonpath.sh'
[0.853s] Level 1:colcon.colcon_core.environment:checking '/home/kien/colcon_ws/install/cnn_msgs/bin'
[0.854s] INFO:colcon.colcon_core.shell:Creating package script '/home/kien/colcon_ws/install/cnn_msgs/share/cnn_msgs/package.ps1'
[0.854s] INFO:colcon.colcon_core.shell:Creating package descriptor '/home/kien/colcon_ws/install/cnn_msgs/share/cnn_msgs/package.dsv'
[0.854s] INFO:colcon.colcon_core.shell:Creating package script '/home/kien/colcon_ws/install/cnn_msgs/share/cnn_msgs/package.sh'
[0.855s] INFO:colcon.colcon_core.shell:Creating package script '/home/kien/colcon_ws/install/cnn_msgs/share/cnn_msgs/package.bash'
[0.855s] INFO:colcon.colcon_core.shell:Creating package script '/home/kien/colcon_ws/install/cnn_msgs/share/cnn_msgs/package.zsh'
[0.855s] Level 1:colcon.colcon_core.environment:create_file_with_runtime_dependencies(/home/kien/colcon_ws/install/cnn_msgs/share/colcon-core/packages/cnn_msgs)
[0.856s] Level 1:colcon.colcon_core.environment:create_environment_scripts_only(cnn_msgs)
[0.856s] Level 1:colcon.colcon_core.environment:checking '/home/kien/colcon_ws/install/cnn_msgs' for CMake module files
[0.856s] Level 1:colcon.colcon_core.environment:checking '/home/kien/colcon_ws/install/cnn_msgs' for CMake config files
[0.857s] Level 1:colcon.colcon_core.shell:create_environment_hook('cnn_msgs', 'cmake_prefix_path')
[0.857s] INFO:colcon.colcon_core.shell:Creating environment hook '/home/kien/colcon_ws/install/cnn_msgs/share/cnn_msgs/hook/cmake_prefix_path.ps1'
[0.858s] INFO:colcon.colcon_core.shell:Creating environment descriptor '/home/kien/colcon_ws/install/cnn_msgs/share/cnn_msgs/hook/cmake_prefix_path.dsv'
[0.858s] INFO:colcon.colcon_core.shell:Creating environment hook '/home/kien/colcon_ws/install/cnn_msgs/share/cnn_msgs/hook/cmake_prefix_path.sh'
[0.858s] Level 1:colcon.colcon_core.environment:checking '/home/kien/colcon_ws/install/cnn_msgs/lib'
[0.858s] Level 1:colcon.colcon_core.shell:create_environment_hook('cnn_msgs', 'ld_library_path_lib')
[0.858s] INFO:colcon.colcon_core.shell:Creating environment hook '/home/kien/colcon_ws/install/cnn_msgs/share/cnn_msgs/hook/ld_library_path_lib.ps1'
[0.859s] INFO:colcon.colcon_core.shell:Creating environment descriptor '/home/kien/colcon_ws/install/cnn_msgs/share/cnn_msgs/hook/ld_library_path_lib.dsv'
[0.859s] INFO:colcon.colcon_core.shell:Creating environment hook '/home/kien/colcon_ws/install/cnn_msgs/share/cnn_msgs/hook/ld_library_path_lib.sh'
[0.859s] Level 1:colcon.colcon_core.environment:checking '/home/kien/colcon_ws/install/cnn_msgs/bin'
[0.859s] Level 1:colcon.colcon_core.environment:checking '/home/kien/colcon_ws/install/cnn_msgs/lib/pkgconfig/cnn_msgs.pc'
[0.859s] Level 1:colcon.colcon_core.environment:checking '/home/kien/colcon_ws/install/cnn_msgs/lib/python3.10/site-packages'
[0.860s] Level 1:colcon.colcon_core.shell:create_environment_hook('cnn_msgs', 'pythonpath')
[0.860s] INFO:colcon.colcon_core.shell:Creating environment hook '/home/kien/colcon_ws/install/cnn_msgs/share/cnn_msgs/hook/pythonpath.ps1'
[0.860s] INFO:colcon.colcon_core.shell:Creating environment descriptor '/home/kien/colcon_ws/install/cnn_msgs/share/cnn_msgs/hook/pythonpath.dsv'
[0.860s] INFO:colcon.colcon_core.shell:Creating environment hook '/home/kien/colcon_ws/install/cnn_msgs/share/cnn_msgs/hook/pythonpath.sh'
[0.861s] Level 1:colcon.colcon_core.environment:checking '/home/kien/colcon_ws/install/cnn_msgs/bin'
[0.861s] INFO:colcon.colcon_core.shell:Creating package script '/home/kien/colcon_ws/install/cnn_msgs/share/cnn_msgs/package.ps1'
[0.862s] INFO:colcon.colcon_core.shell:Creating package descriptor '/home/kien/colcon_ws/install/cnn_msgs/share/cnn_msgs/package.dsv'
[0.862s] INFO:colcon.colcon_core.shell:Creating package script '/home/kien/colcon_ws/install/cnn_msgs/share/cnn_msgs/package.sh'
[0.862s] INFO:colcon.colcon_core.shell:Creating package script '/home/kien/colcon_ws/install/cnn_msgs/share/cnn_msgs/package.bash'
[0.863s] INFO:colcon.colcon_core.shell:Creating package script '/home/kien/colcon_ws/install/cnn_msgs/share/cnn_msgs/package.zsh'
[0.863s] Level 1:colcon.colcon_core.environment:create_file_with_runtime_dependencies(/home/kien/colcon_ws/install/cnn_msgs/share/colcon-core/packages/cnn_msgs)
[0.865s] DEBUG:colcon.colcon_core.event_handler.log_command:Invoked command in '/home/kien/colcon_ws/build/nav2_pyif_controller' returned '0': AMENT_PREFIX_PATH=/home/kien/colcon_ws/install/nav2_pyif:${AMENT_PREFIX_PATH} CMAKE_PREFIX_PATH=/home/kien/colcon_ws/install/nav2_pyif:/opt/ros/humble LD_LIBRARY_PATH=/home/kien/colcon_ws/install/nav2_pyif/lib:${LD_LIBRARY_PATH} /usr/bin/cmake --build /home/kien/colcon_ws/build/nav2_pyif_controller -- -j16 -l16
[0.866s] DEBUG:colcon.colcon_core.event_handler.log_command:Invoking command in '/home/kien/colcon_ws/build/nav2_pyif_controller': AMENT_PREFIX_PATH=/home/kien/colcon_ws/install/nav2_pyif:${AMENT_PREFIX_PATH} CMAKE_PREFIX_PATH=/home/kien/colcon_ws/install/nav2_pyif:/opt/ros/humble LD_LIBRARY_PATH=/home/kien/colcon_ws/install/nav2_pyif/lib:${LD_LIBRARY_PATH} /usr/bin/cmake --install /home/kien/colcon_ws/build/nav2_pyif_controller
[0.886s] Level 1:colcon.colcon_core.environment:create_environment_scripts_only(nav2_pyif_controller)
[0.887s] Level 1:colcon.colcon_core.environment:checking '/home/kien/colcon_ws/install/nav2_pyif_controller' for CMake module files
[0.887s] DEBUG:colcon.colcon_core.event_handler.log_command:Invoked command in '/home/kien/colcon_ws/build/nav2_pyif_controller' returned '0': AMENT_PREFIX_PATH=/home/kien/colcon_ws/install/nav2_pyif:${AMENT_PREFIX_PATH} CMAKE_PREFIX_PATH=/home/kien/colcon_ws/install/nav2_pyif:/opt/ros/humble LD_LIBRARY_PATH=/home/kien/colcon_ws/install/nav2_pyif/lib:${LD_LIBRARY_PATH} /usr/bin/cmake --install /home/kien/colcon_ws/build/nav2_pyif_controller
[0.887s] Level 1:colcon.colcon_core.environment:checking '/home/kien/colcon_ws/install/nav2_pyif_controller' for CMake config files
[0.888s] Level 1:colcon.colcon_core.shell:create_environment_hook('nav2_pyif_controller', 'cmake_prefix_path')
[0.888s] INFO:colcon.colcon_core.shell:Creating environment hook '/home/kien/colcon_ws/install/nav2_pyif_controller/share/nav2_pyif_controller/hook/cmake_prefix_path.ps1'
[0.888s] INFO:colcon.colcon_core.shell:Creating environment descriptor '/home/kien/colcon_ws/install/nav2_pyif_controller/share/nav2_pyif_controller/hook/cmake_prefix_path.dsv'
[0.888s] INFO:colcon.colcon_core.shell:Creating environment hook '/home/kien/colcon_ws/install/nav2_pyif_controller/share/nav2_pyif_controller/hook/cmake_prefix_path.sh'
[0.889s] Level 1:colcon.colcon_core.environment:checking '/home/kien/colcon_ws/install/nav2_pyif_controller/lib'
[0.889s] Level 1:colcon.colcon_core.shell:create_environment_hook('nav2_pyif_controller', 'ld_library_path_lib')
[0.889s] INFO:colcon.colcon_core.shell:Creating environment hook '/home/kien/colcon_ws/install/nav2_pyif_controller/share/nav2_pyif_controller/hook/ld_library_path_lib.ps1'
[0.889s] INFO:colcon.colcon_core.shell:Creating environment descriptor '/home/kien/colcon_ws/install/nav2_pyif_controller/share/nav2_pyif_controller/hook/ld_library_path_lib.dsv'
[0.889s] INFO:colcon.colcon_core.shell:Creating environment hook '/home/kien/colcon_ws/install/nav2_pyif_controller/share/nav2_pyif_controller/hook/ld_library_path_lib.sh'
[0.890s] Level 1:colcon.colcon_core.environment:checking '/home/kien/colcon_ws/install/nav2_pyif_controller/bin'
[0.890s] Level 1:colcon.colcon_core.environment:checking '/home/kien/colcon_ws/install/nav2_pyif_controller/lib/pkgconfig/nav2_pyif_controller.pc'
[0.890s] Level 1:colcon.colcon_core.environment:checking '/home/kien/colcon_ws/install/nav2_pyif_controller/lib/python3.10/site-packages'
[0.890s] Level 1:colcon.colcon_core.environment:checking '/home/kien/colcon_ws/install/nav2_pyif_controller/bin'
[0.890s] INFO:colcon.colcon_core.shell:Creating package script '/home/kien/colcon_ws/install/nav2_pyif_controller/share/nav2_pyif_controller/package.ps1'
[0.891s] INFO:colcon.colcon_core.shell:Creating package descriptor '/home/kien/colcon_ws/install/nav2_pyif_controller/share/nav2_pyif_controller/package.dsv'
[0.891s] INFO:colcon.colcon_core.shell:Creating package script '/home/kien/colcon_ws/install/nav2_pyif_controller/share/nav2_pyif_controller/package.sh'
[0.892s] INFO:colcon.colcon_core.shell:Creating package script '/home/kien/colcon_ws/install/nav2_pyif_controller/share/nav2_pyif_controller/package.bash'
[0.892s] INFO:colcon.colcon_core.shell:Creating package script '/home/kien/colcon_ws/install/nav2_pyif_controller/share/nav2_pyif_controller/package.zsh'
[0.892s] Level 1:colcon.colcon_core.environment:create_file_with_runtime_dependencies(/home/kien/colcon_ws/install/nav2_pyif_controller/share/colcon-core/packages/nav2_pyif_controller)
[0.893s] Level 1:colcon.colcon_core.environment:create_environment_scripts_only(nav2_pyif_controller)
[0.893s] Level 1:colcon.colcon_core.environment:checking '/home/kien/colcon_ws/install/nav2_pyif_controller' for CMake module files
[0.894s] Level 1:colcon.colcon_core.environment:checking '/home/kien/colcon_ws/install/nav2_pyif_controller' for CMake config files
[0.894s] Level 1:colcon.colcon_core.shell:create_environment_hook('nav2_pyif_controller', 'cmake_prefix_path')
[0.894s] INFO:colcon.colcon_core.shell:Creating environment hook '/home/kien/colcon_ws/install/nav2_pyif_controller/share/nav2_pyif_controller/hook/cmake_prefix_path.ps1'
[0.895s] INFO:colcon.colcon_core.shell:Creating environment descriptor '/home/kien/colcon_ws/install/nav2_pyif_controller/share/nav2_pyif_controller/hook/cmake_prefix_path.dsv'
[0.895s] INFO:colcon.colcon_core.shell:Creating environment hook '/home/kien/colcon_ws/install/nav2_pyif_controller/share/nav2_pyif_controller/hook/cmake_prefix_path.sh'
[0.895s] Level 1:colcon.colcon_core.environment:checking '/home/kien/colcon_ws/install/nav2_pyif_controller/lib'
[0.895s] Level 1:colcon.colcon_core.shell:create_environment_hook('nav2_pyif_controller', 'ld_library_path_lib')
[0.896s] INFO:colcon.colcon_core.shell:Creating environment hook '/home/kien/colcon_ws/install/nav2_pyif_controller/share/nav2_pyif_controller/hook/ld_library_path_lib.ps1'
[0.896s] INFO:colcon.colcon_core.shell:Creating environment descriptor '/home/kien/colcon_ws/install/nav2_pyif_controller/share/nav2_pyif_controller/hook/ld_library_path_lib.dsv'
[0.896s] INFO:colcon.colcon_core.shell:Creating environment hook '/home/kien/colcon_ws/install/nav2_pyif_controller/share/nav2_pyif_controller/hook/ld_library_path_lib.sh'
[0.896s] Level 1:colcon.colcon_core.environment:checking '/home/kien/colcon_ws/install/nav2_pyif_controller/bin'
[0.896s] Level 1:colcon.colcon_core.environment:checking '/home/kien/colcon_ws/install/nav2_pyif_controller/lib/pkgconfig/nav2_pyif_controller.pc'
[0.897s] Level 1:colcon.colcon_core.environment:checking '/home/kien/colcon_ws/install/nav2_pyif_controller/lib/python3.10/site-packages'
[0.897s] Level 1:colcon.colcon_core.environment:checking '/home/kien/colcon_ws/install/nav2_pyif_controller/bin'
[0.897s] INFO:colcon.colcon_core.shell:Creating package script '/home/kien/colcon_ws/install/nav2_pyif_controller/share/nav2_pyif_controller/package.ps1'
[0.897s] INFO:colcon.colcon_core.shell:Creating package descriptor '/home/kien/colcon_ws/install/nav2_pyif_controller/share/nav2_pyif_controller/package.dsv'
[0.898s] INFO:colcon.colcon_core.shell:Creating package script '/home/kien/colcon_ws/install/nav2_pyif_controller/share/nav2_pyif_controller/package.sh'
[0.898s] INFO:colcon.colcon_core.shell:Creating package script '/home/kien/colcon_ws/install/nav2_pyif_controller/share/nav2_pyif_controller/package.bash'
[0.898s] INFO:colcon.colcon_core.shell:Creating package script '/home/kien/colcon_ws/install/nav2_pyif_controller/share/nav2_pyif_controller/package.zsh'
[0.899s] Level 1:colcon.colcon_core.environment:create_file_with_runtime_dependencies(/home/kien/colcon_ws/install/nav2_pyif_controller/share/colcon-core/packages/nav2_pyif_controller)
[1.030s] DEBUG:colcon.colcon_core.event_handler.log_command:Invoking command in '/home/kien/colcon_ws/build/drl_vo_controller': PYTHONPATH=/home/kien/colcon_ws/build/drl_vo_controller/prefix_override:/usr/lib/python3/dist-packages/colcon_core/task/python/colcon_distutils_commands:/home/kien/colcon_ws/install/drl_vo_controller/lib/python3.10/site-packages:${PYTHONPATH} /usr/bin/python3 -W ignore:setup.py install is deprecated -W ignore:easy_install command is deprecated setup.py develop --editable --build-directory /home/kien/colcon_ws/build/drl_vo_controller/build --no-deps symlink_data
[1.031s] DEBUG:colcon.colcon_core.event_handler.log_command:Invoking command in '/home/kien/colcon_ws/build/apf_python_example': PYTHONPATH=/home/kien/colcon_ws/build/apf_python_example/prefix_override:/usr/lib/python3/dist-packages/colcon_core/task/python/colcon_distutils_commands:/home/kien/colcon_ws/install/apf_python_example/lib/python3.10/site-packages:${PYTHONPATH} /usr/bin/python3 -W ignore:setup.py install is deprecated -W ignore:easy_install command is deprecated setup.py develop --editable --build-directory /home/kien/colcon_ws/build/apf_python_example/build --no-deps symlink_data
[1.402s] Level 1:colcon.colcon_core.shell:create_environment_hook('drl_vo_controller', 'pythonpath_develop')
[1.403s] INFO:colcon.colcon_core.shell:Creating environment hook '/home/kien/colcon_ws/build/drl_vo_controller/share/drl_vo_controller/hook/pythonpath_develop.ps1'
[1.403s] DEBUG:colcon.colcon_core.event_handler.log_command:Invoked command in '/home/kien/colcon_ws/build/drl_vo_controller' returned '0': PYTHONPATH=/home/kien/colcon_ws/build/drl_vo_controller/prefix_override:/usr/lib/python3/dist-packages/colcon_core/task/python/colcon_distutils_commands:/home/kien/colcon_ws/install/drl_vo_controller/lib/python3.10/site-packages:${PYTHONPATH} /usr/bin/python3 -W ignore:setup.py install is deprecated -W ignore:easy_install command is deprecated setup.py develop --editable --build-directory /home/kien/colcon_ws/build/drl_vo_controller/build --no-deps symlink_data
[1.403s] INFO:colcon.colcon_core.shell:Creating environment descriptor '/home/kien/colcon_ws/build/drl_vo_controller/share/drl_vo_controller/hook/pythonpath_develop.dsv'
[1.404s] INFO:colcon.colcon_core.shell:Creating environment hook '/home/kien/colcon_ws/build/drl_vo_controller/share/drl_vo_controller/hook/pythonpath_develop.sh'
[1.404s] Level 1:colcon.colcon_core.environment:checking '/home/kien/colcon_ws/install/drl_vo_controller' for CMake module files
[1.405s] Level 1:colcon.colcon_core.environment:checking '/home/kien/colcon_ws/install/drl_vo_controller' for CMake config files
[1.405s] Level 1:colcon.colcon_core.environment:checking '/home/kien/colcon_ws/install/drl_vo_controller/lib'
[1.405s] Level 1:colcon.colcon_core.environment:checking '/home/kien/colcon_ws/install/drl_vo_controller/bin'
[1.405s] Level 1:colcon.colcon_core.environment:checking '/home/kien/colcon_ws/install/drl_vo_controller/lib/pkgconfig/drl_vo_controller.pc'
[1.405s] Level 1:colcon.colcon_core.environment:checking '/home/kien/colcon_ws/install/drl_vo_controller/lib/python3.10/site-packages'
[1.405s] Level 1:colcon.colcon_core.shell:create_environment_hook('drl_vo_controller', 'pythonpath')
[1.406s] INFO:colcon.colcon_core.shell:Creating environment hook '/home/kien/colcon_ws/install/drl_vo_controller/share/drl_vo_controller/hook/pythonpath.ps1'
[1.406s] INFO:colcon.colcon_core.shell:Creating environment descriptor '/home/kien/colcon_ws/install/drl_vo_controller/share/drl_vo_controller/hook/pythonpath.dsv'
[1.406s] INFO:colcon.colcon_core.shell:Creating environment hook '/home/kien/colcon_ws/install/drl_vo_controller/share/drl_vo_controller/hook/pythonpath.sh'
[1.407s] Level 1:colcon.colcon_core.environment:checking '/home/kien/colcon_ws/install/drl_vo_controller/bin'
[1.407s] Level 1:colcon.colcon_core.environment:create_environment_scripts_only(drl_vo_controller)
[1.407s] INFO:colcon.colcon_core.shell:Creating package script '/home/kien/colcon_ws/install/drl_vo_controller/share/drl_vo_controller/package.ps1'
[1.407s] INFO:colcon.colcon_core.shell:Creating package descriptor '/home/kien/colcon_ws/install/drl_vo_controller/share/drl_vo_controller/package.dsv'
[1.408s] INFO:colcon.colcon_core.shell:Creating package script '/home/kien/colcon_ws/install/drl_vo_controller/share/drl_vo_controller/package.sh'
[1.408s] INFO:colcon.colcon_core.shell:Creating package script '/home/kien/colcon_ws/install/drl_vo_controller/share/drl_vo_controller/package.bash'
[1.408s] INFO:colcon.colcon_core.shell:Creating package script '/home/kien/colcon_ws/install/drl_vo_controller/share/drl_vo_controller/package.zsh'
[1.409s] Level 1:colcon.colcon_core.environment:create_file_with_runtime_dependencies(/home/kien/colcon_ws/install/drl_vo_controller/share/colcon-core/packages/drl_vo_controller)
[1.410s] Level 1:colcon.colcon_core.shell:create_environment_hook('apf_python_example', 'pythonpath_develop')
[1.410s] INFO:colcon.colcon_core.shell:Creating environment hook '/home/kien/colcon_ws/build/apf_python_example/share/apf_python_example/hook/pythonpath_develop.ps1'
[1.410s] DEBUG:colcon.colcon_core.event_handler.log_command:Invoked command in '/home/kien/colcon_ws/build/apf_python_example' returned '0': PYTHONPATH=/home/kien/colcon_ws/build/apf_python_example/prefix_override:/usr/lib/python3/dist-packages/colcon_core/task/python/colcon_distutils_commands:/home/kien/colcon_ws/install/apf_python_example/lib/python3.10/site-packages:${PYTHONPATH} /usr/bin/python3 -W ignore:setup.py install is deprecated -W ignore:easy_install command is deprecated setup.py develop --editable --build-directory /home/kien/colcon_ws/build/apf_python_example/build --no-deps symlink_data
[1.410s] INFO:colcon.colcon_core.shell:Creating environment descriptor '/home/kien/colcon_ws/build/apf_python_example/share/apf_python_example/hook/pythonpath_develop.dsv'
[1.411s] INFO:colcon.colcon_core.shell:Creating environment hook '/home/kien/colcon_ws/build/apf_python_example/share/apf_python_example/hook/pythonpath_develop.sh'
[1.411s] Level 1:colcon.colcon_core.environment:checking '/home/kien/colcon_ws/install/apf_python_example' for CMake module files
[1.411s] Level 1:colcon.colcon_core.environment:checking '/home/kien/colcon_ws/install/apf_python_example' for CMake config files
[1.412s] Level 1:colcon.colcon_core.environment:checking '/home/kien/colcon_ws/install/apf_python_example/lib'
[1.412s] Level 1:colcon.colcon_core.environment:checking '/home/kien/colcon_ws/install/apf_python_example/bin'
[1.412s] Level 1:colcon.colcon_core.environment:checking '/home/kien/colcon_ws/install/apf_python_example/lib/pkgconfig/apf_python_example.pc'
[1.412s] Level 1:colcon.colcon_core.environment:checking '/home/kien/colcon_ws/install/apf_python_example/lib/python3.10/site-packages'
[1.412s] Level 1:colcon.colcon_core.shell:create_environment_hook('apf_python_example', 'pythonpath')
[1.412s] INFO:colcon.colcon_core.shell:Creating environment hook '/home/kien/colcon_ws/install/apf_python_example/share/apf_python_example/hook/pythonpath.ps1'
[1.412s] INFO:colcon.colcon_core.shell:Creating environment descriptor '/home/kien/colcon_ws/install/apf_python_example/share/apf_python_example/hook/pythonpath.dsv'
[1.413s] INFO:colcon.colcon_core.shell:Creating environment hook '/home/kien/colcon_ws/install/apf_python_example/share/apf_python_example/hook/pythonpath.sh'
[1.413s] Level 1:colcon.colcon_core.environment:checking '/home/kien/colcon_ws/install/apf_python_example/bin'
[1.413s] Level 1:colcon.colcon_core.environment:create_environment_scripts_only(apf_python_example)
[1.413s] INFO:colcon.colcon_core.shell:Creating package script '/home/kien/colcon_ws/install/apf_python_example/share/apf_python_example/package.ps1'
[1.414s] INFO:colcon.colcon_core.shell:Creating package descriptor '/home/kien/colcon_ws/install/apf_python_example/share/apf_python_example/package.dsv'
[1.414s] INFO:colcon.colcon_core.shell:Creating package script '/home/kien/colcon_ws/install/apf_python_example/share/apf_python_example/package.sh'
[1.414s] INFO:colcon.colcon_core.shell:Creating package script '/home/kien/colcon_ws/install/apf_python_example/share/apf_python_example/package.bash'
[1.415s] INFO:colcon.colcon_core.shell:Creating package script '/home/kien/colcon_ws/install/apf_python_example/share/apf_python_example/package.zsh'
[1.415s] Level 1:colcon.colcon_core.environment:create_file_with_runtime_dependencies(/home/kien/colcon_ws/install/apf_python_example/share/colcon-core/packages/apf_python_example)
[1.415s] DEBUG:colcon.colcon_parallel_executor.executor.parallel:closing loop
[1.415s] DEBUG:colcon.colcon_parallel_executor.executor.parallel:loop closed
[1.415s] DEBUG:colcon.colcon_parallel_executor.executor.parallel:run_until_complete finished with '0'
[1.415s] DEBUG:colcon.colcon_core.event_reactor:joining thread
[1.420s] INFO:colcon.colcon_core.plugin_system:Skipping extension 'colcon_notification.desktop_notification.terminal_notifier': Not used on non-Darwin systems
[1.420s] INFO:colcon.colcon_core.plugin_system:Skipping extension 'colcon_notification.desktop_notification.win32': Not used on non-Windows systems
[1.420s] INFO:colcon.colcon_notification.desktop_notification:Sending desktop notification using 'notify2'
[1.430s] DEBUG:colcon.colcon_core.event_reactor:joined thread
[1.431s] INFO:colcon.colcon_core.shell:Creating prefix script '/home/kien/colcon_ws/install/local_setup.ps1'
[1.432s] INFO:colcon.colcon_core.shell:Creating prefix util module '/home/kien/colcon_ws/install/_local_setup_util_ps1.py'
[1.433s] INFO:colcon.colcon_core.shell:Creating prefix chain script '/home/kien/colcon_ws/install/setup.ps1'
[1.433s] INFO:colcon.colcon_core.shell:Creating prefix script '/home/kien/colcon_ws/install/local_setup.sh'
[1.434s] INFO:colcon.colcon_core.shell:Creating prefix util module '/home/kien/colcon_ws/install/_local_setup_util_sh.py'
[1.434s] INFO:colcon.colcon_core.shell:Creating prefix chain script '/home/kien/colcon_ws/install/setup.sh'
[1.435s] INFO:colcon.colcon_core.shell:Creating prefix script '/home/kien/colcon_ws/install/local_setup.bash'
[1.435s] INFO:colcon.colcon_core.shell:Creating prefix chain script '/home/kien/colcon_ws/install/setup.bash'
[1.435s] INFO:colcon.colcon_core.shell:Creating prefix script '/home/kien/colcon_ws/install/local_setup.zsh'
[1.436s] INFO:colcon.colcon_core.shell:Creating prefix chain script '/home/kien/colcon_ws/install/setup.zsh'
