[0.230s] Invoking command in '/home/kien/colcon_ws/build/cnn_msgs': CMAKE_PREFIX_PATH=${CMAKE_PREFIX_PATH}:/home/kien/colcon_ws/install/drl_vo_controller:/home/kien/colcon_ws/install/apf_python_example:/opt/ros/humble PS1=(.venv) \[\e]0;\u@\h: \w\a\]${debian_chroot:+($debian_chroot)}\[\033[01;32m\]\u@\h\[\033[00m\]:\[\033[01;34m\]\w\[\033[00m\]\$ /usr/bin/cmake /home/kien/colcon_ws/src/nav2_pyif/cnn_msgs -DAMENT_CMAKE_SYMLINK_INSTALL=1 -DCMAKE_INSTALL_PREFIX=/home/kien/colcon_ws/install/cnn_msgs
[0.239s] -- Found ament_cmake: 1.3.11 (/opt/ros/humble/share/ament_cmake/cmake)
[0.344s] -- Override CMake install command with custom implementation using symlinks instead of copying resources
[0.349s] -- Found rosidl_default_generators: 1.2.0 (/opt/ros/humble/share/rosidl_default_generators/cmake)
[0.350s] -- Using all available rosidl_typesupport_c: rosidl_typesupport_fastrtps_c;rosidl_typesupport_introspection_c
[0.352s] -- Found rosidl_adapter: 3.1.6 (/opt/ros/humble/share/rosidl_adapter/cmake)
[0.376s] -- Using all available rosidl_typesupport_cpp: rosidl_typesupport_fastrtps_cpp;rosidl_typesupport_introspection_cpp
[0.406s] -- Found std_msgs: 4.2.4 (/opt/ros/humble/share/std_msgs/cmake)
[0.532s] [31mCMake Error at /opt/ros/humble/share/rosidl_adapter/cmake/rosidl_adapt_interfaces.cmake:59 (message):
[0.532s]   execute_process(/home/kien/colcon_ws/.venv/bin/python3 -m rosidl_adapter
[0.532s]   --package-name cnn_msgs --arguments-file
[0.532s]   /home/kien/colcon_ws/build/cnn_msgs/rosidl_adapter__arguments__cnn_msgs.json
[0.532s]   --output-dir /home/kien/colcon_ws/build/cnn_msgs/rosidl_adapter/cnn_msgs
[0.532s]   --output-file
[0.532s]   /home/kien/colcon_ws/build/cnn_msgs/rosidl_adapter/cnn_msgs.idls) returned
[0.532s]   error code 1:
[0.532s] 
[0.532s]   Traceback (most recent call last):
[0.532s] 
[0.532s]     File "/usr/lib/python3.10/runpy.py", line 196, in _run_module_as_main
[0.532s]       return _run_code(code, main_globals, None,
[0.532s]     File "/usr/lib/python3.10/runpy.py", line 86, in _run_code
[0.532s]       exec(code, run_globals)
[0.532s]     File "/opt/ros/humble/local/lib/python3.10/dist-packages/rosidl_adapter/__main__.py", line 19, in <module>
[0.532s]       sys.exit(main())
[0.532s]     File "/opt/ros/humble/local/lib/python3.10/dist-packages/rosidl_adapter/main.py", line 53, in main
[0.533s]       abs_idl_file = convert_to_idl(
[0.533s]     File "/opt/ros/humble/local/lib/python3.10/dist-packages/rosidl_adapter/__init__.py", line 19, in convert_to_idl
[0.533s]       return convert_msg_to_idl(
[0.533s]     File "/opt/ros/humble/local/lib/python3.10/dist-packages/rosidl_adapter/msg/__init__.py", line 28, in convert_msg_to_idl
[0.533s]       msg = parse_message_string(package_name, input_file.stem, content)
[0.533s]     File "/opt/ros/humble/local/lib/python3.10/dist-packages/rosidl_adapter/parser.py", line 544, in parse_message_string
[0.533s]       msg = MessageSpecification(pkg_name, msg_name, fields, constants)
[0.533s]     File "/opt/ros/humble/local/lib/python3.10/dist-packages/rosidl_adapter/parser.py", line 388, in __init__
[0.533s]       self.base_type = BaseType(
[0.533s]     File "/opt/ros/humble/local/lib/python3.10/dist-packages/rosidl_adapter/parser.py", line 205, in __init__
[0.533s]       raise InvalidResourceName(
[0.533s] 
[0.533s]   rosidl_adapter.parser.InvalidResourceName: 'CNN_data' is an invalid message
[0.533s]   name.  It should have the pattern '^[A-Z][A-Za-z0-9]*$'
[0.533s] 
[0.533s] Call Stack (most recent call first):
[0.533s]   /opt/ros/humble/share/rosidl_cmake/cmake/rosidl_generate_interfaces.cmake:130 (rosidl_adapt_interfaces)
[0.533s]   CMakeLists.txt:10 (rosidl_generate_interfaces)
[0.533s] 
[0.533s] [0m
[0.533s] -- Configuring incomplete, errors occurred!
[0.533s] See also "/home/kien/colcon_ws/build/cnn_msgs/CMakeFiles/CMakeOutput.log".
[0.538s] Invoked command in '/home/kien/colcon_ws/build/cnn_msgs' returned '1': CMAKE_PREFIX_PATH=${CMAKE_PREFIX_PATH}:/home/kien/colcon_ws/install/drl_vo_controller:/home/kien/colcon_ws/install/apf_python_example:/opt/ros/humble PS1=(.venv) \[\e]0;\u@\h: \w\a\]${debian_chroot:+($debian_chroot)}\[\033[01;32m\]\u@\h\[\033[00m\]:\[\033[01;34m\]\w\[\033[00m\]\$ /usr/bin/cmake /home/kien/colcon_ws/src/nav2_pyif/cnn_msgs -DAMENT_CMAKE_SYMLINK_INSTALL=1 -DCMAKE_INSTALL_PREFIX=/home/kien/colcon_ws/install/cnn_msgs
