[0.752s] Invoking command in '/home/kien/colcon_ws/build/drl_vo_controller': PS1=(.venv) \[\e]0;\u@\h: \w\a\]${debian_chroot:+($debian_chroot)}\[\033[01;32m\]\u@\h\[\033[00m\]:\[\033[01;34m\]\w\[\033[00m\]\$ PYTHONPATH=/home/kien/colcon_ws/build/drl_vo_controller/prefix_override:/usr/lib/python3/dist-packages/colcon_core/task/python/colcon_distutils_commands:/home/kien/colcon_ws/install/drl_vo_controller/lib/python3.10/site-packages:${PYTHONPATH} /usr/bin/python3 -W ignore:setup.py install is deprecated -W ignore:easy_install command is deprecated setup.py develop --editable --build-directory /home/kien/colcon_ws/build/drl_vo_controller/build --no-deps symlink_data
[0.990s] running develop
[1.135s] running egg_info
[1.135s] creating drl_vo_controller.egg-info
[1.135s] writing drl_vo_controller.egg-info/PKG-INFO
[1.135s] writing dependency_links to drl_vo_controller.egg-info/dependency_links.txt
[1.135s] writing entry points to drl_vo_controller.egg-info/entry_points.txt
[1.135s] writing requirements to drl_vo_controller.egg-info/requires.txt
[1.136s] writing top-level names to drl_vo_controller.egg-info/top_level.txt
[1.136s] writing manifest file 'drl_vo_controller.egg-info/SOURCES.txt'
[1.137s] reading manifest file 'drl_vo_controller.egg-info/SOURCES.txt'
[1.138s] writing manifest file 'drl_vo_controller.egg-info/SOURCES.txt'
[1.139s] running build_ext
[1.139s] Creating /home/kien/colcon_ws/install/drl_vo_controller/lib/python3.10/site-packages/drl-vo-controller.egg-link (link to .)
[1.140s] 
[1.140s] Installed /home/kien/colcon_ws/build/drl_vo_controller
[1.140s] running symlink_data
[1.140s] creating /home/kien/colcon_ws/install/drl_vo_controller/share/ament_index
[1.140s] creating /home/kien/colcon_ws/install/drl_vo_controller/share/ament_index/resource_index
[1.140s] creating /home/kien/colcon_ws/install/drl_vo_controller/share/ament_index/resource_index/packages
[1.140s] symbolically linking /home/kien/colcon_ws/build/drl_vo_controller/resource/drl_vo_controller -> /home/kien/colcon_ws/install/drl_vo_controller/share/ament_index/resource_index/packages
[1.140s] symbolically linking /home/kien/colcon_ws/build/drl_vo_controller/package.xml -> /home/kien/colcon_ws/install/drl_vo_controller/share/drl_vo_controller
