[0.082s] DEBUG:colcon:Command line arguments: ['/usr/bin/colcon', 'build', '--symlink-install', '--base-paths', 'src/nav2_pyif/']
[0.082s] DEBUG:colcon:Parsed command line arguments: Namespace(log_base=None, log_level=None, verb_name='build', build_base='build', install_base='install', merge_install=False, symlink_install=True, test_result_base=None, continue_on_error=False, executor='parallel', parallel_workers=16, event_handlers=None, ignore_user_meta=False, metas=['./colcon.meta'], base_paths=['src/nav2_pyif/'], packages_ignore=None, packages_ignore_regex=None, paths=None, packages_up_to=None, packages_up_to_regex=None, packages_above=None, packages_above_and_dependencies=None, packages_above_depth=None, packages_select_by_dep=None, packages_skip_by_dep=None, packages_skip_up_to=None, packages_select_build_failed=False, packages_skip_build_finished=False, packages_select_test_failures=False, packages_skip_test_passed=False, packages_select=None, packages_skip=None, packages_select_regex=None, packages_skip_regex=None, packages_start=None, packages_end=None, allow_overriding=[], cmake_args=None, cmake_target=None, cmake_target_skip_unavailable=False, cmake_clean_cache=False, cmake_clean_first=False, cmake_force_configure=False, ament_cmake_args=None, catkin_cmake_args=None, catkin_skip_building_tests=False, mixin_files=None, mixin=None, verb_parser=<colcon_mixin.mixin.mixin_argument.MixinArgumentDecorator object at 0x7b167cafee90>, verb_extension=<colcon_core.verb.build.BuildVerb object at 0x7b167cafe950>, main=<bound method BuildVerb.main of <colcon_core.verb.build.BuildVerb object at 0x7b167cafe950>>, mixin_verb=('build',))
[0.215s] Level 1:colcon.colcon_core.package_discovery:discover_packages(colcon_meta) check parameters
[0.215s] Level 1:colcon.colcon_core.package_discovery:discover_packages(recursive) check parameters
[0.215s] Level 1:colcon.colcon_core.package_discovery:discover_packages(ignore) check parameters
[0.215s] Level 1:colcon.colcon_core.package_discovery:discover_packages(path) check parameters
[0.215s] Level 1:colcon.colcon_core.package_discovery:discover_packages(recursive) discover
[0.215s] INFO:colcon.colcon_core.package_discovery:Crawling recursively for packages in '/home/kien/colcon_ws/src/nav2_pyif'
[0.215s] Level 1:colcon.colcon_core.package_identification:_identify(src/nav2_pyif) by extensions ['ignore', 'ignore_ament_install']
[0.215s] Level 1:colcon.colcon_core.package_identification:_identify(src/nav2_pyif) by extension 'ignore'
[0.215s] Level 1:colcon.colcon_core.package_identification:_identify(src/nav2_pyif) by extension 'ignore_ament_install'
[0.215s] Level 1:colcon.colcon_core.package_identification:_identify(src/nav2_pyif) by extensions ['colcon_pkg']
[0.215s] Level 1:colcon.colcon_core.package_identification:_identify(src/nav2_pyif) by extension 'colcon_pkg'
[0.215s] Level 1:colcon.colcon_core.package_identification:_identify(src/nav2_pyif) by extensions ['colcon_meta']
[0.215s] Level 1:colcon.colcon_core.package_identification:_identify(src/nav2_pyif) by extension 'colcon_meta'
[0.216s] Level 1:colcon.colcon_core.package_identification:_identify(src/nav2_pyif) by extensions ['ros']
[0.216s] Level 1:colcon.colcon_core.package_identification:_identify(src/nav2_pyif) by extension 'ros'
[0.223s] Level 1:colcon.colcon_core.package_identification:_identify(src/nav2_pyif) by extensions ['cmake', 'python']
[0.223s] Level 1:colcon.colcon_core.package_identification:_identify(src/nav2_pyif) by extension 'cmake'
[0.223s] Level 1:colcon.colcon_core.package_identification:_identify(src/nav2_pyif) by extension 'python'
[0.223s] Level 1:colcon.colcon_core.package_identification:_identify(src/nav2_pyif) by extensions ['python_setup_py']
[0.223s] Level 1:colcon.colcon_core.package_identification:_identify(src/nav2_pyif) by extension 'python_setup_py'
[0.223s] Level 1:colcon.colcon_core.package_identification:_identify(src/nav2_pyif/apf_python_example) by extensions ['ignore', 'ignore_ament_install']
[0.223s] Level 1:colcon.colcon_core.package_identification:_identify(src/nav2_pyif/apf_python_example) by extension 'ignore'
[0.223s] Level 1:colcon.colcon_core.package_identification:_identify(src/nav2_pyif/apf_python_example) by extension 'ignore_ament_install'
[0.223s] Level 1:colcon.colcon_core.package_identification:_identify(src/nav2_pyif/apf_python_example) by extensions ['colcon_pkg']
[0.224s] Level 1:colcon.colcon_core.package_identification:_identify(src/nav2_pyif/apf_python_example) by extension 'colcon_pkg'
[0.224s] Level 1:colcon.colcon_core.package_identification:_identify(src/nav2_pyif/apf_python_example) by extensions ['colcon_meta']
[0.224s] Level 1:colcon.colcon_core.package_identification:_identify(src/nav2_pyif/apf_python_example) by extension 'colcon_meta'
[0.224s] Level 1:colcon.colcon_core.package_identification:_identify(src/nav2_pyif/apf_python_example) by extensions ['ros']
[0.224s] Level 1:colcon.colcon_core.package_identification:_identify(src/nav2_pyif/apf_python_example) by extension 'ros'
[0.225s] DEBUG:colcon.colcon_core.package_identification:Package 'src/nav2_pyif/apf_python_example' with type 'ros.ament_python' and name 'apf_python_example'
[0.225s] Level 1:colcon.colcon_core.package_identification:_identify(src/nav2_pyif/cnn_msgs) by extensions ['ignore', 'ignore_ament_install']
[0.225s] Level 1:colcon.colcon_core.package_identification:_identify(src/nav2_pyif/cnn_msgs) by extension 'ignore'
[0.225s] Level 1:colcon.colcon_core.package_identification:_identify(src/nav2_pyif/cnn_msgs) by extension 'ignore_ament_install'
[0.226s] Level 1:colcon.colcon_core.package_identification:_identify(src/nav2_pyif/cnn_msgs) by extensions ['colcon_pkg']
[0.226s] Level 1:colcon.colcon_core.package_identification:_identify(src/nav2_pyif/cnn_msgs) by extension 'colcon_pkg'
[0.226s] Level 1:colcon.colcon_core.package_identification:_identify(src/nav2_pyif/cnn_msgs) by extensions ['colcon_meta']
[0.226s] Level 1:colcon.colcon_core.package_identification:_identify(src/nav2_pyif/cnn_msgs) by extension 'colcon_meta'
[0.226s] Level 1:colcon.colcon_core.package_identification:_identify(src/nav2_pyif/cnn_msgs) by extensions ['ros']
[0.226s] Level 1:colcon.colcon_core.package_identification:_identify(src/nav2_pyif/cnn_msgs) by extension 'ros'
[0.226s] DEBUG:colcon.colcon_core.package_identification:Package 'src/nav2_pyif/cnn_msgs' with type 'ros.ament_cmake' and name 'cnn_msgs'
[0.226s] Level 1:colcon.colcon_core.package_identification:_identify(src/nav2_pyif/drl_vo_controller) by extensions ['ignore', 'ignore_ament_install']
[0.226s] Level 1:colcon.colcon_core.package_identification:_identify(src/nav2_pyif/drl_vo_controller) by extension 'ignore'
[0.226s] Level 1:colcon.colcon_core.package_identification:_identify(src/nav2_pyif/drl_vo_controller) by extension 'ignore_ament_install'
[0.226s] Level 1:colcon.colcon_core.package_identification:_identify(src/nav2_pyif/drl_vo_controller) by extensions ['colcon_pkg']
[0.226s] Level 1:colcon.colcon_core.package_identification:_identify(src/nav2_pyif/drl_vo_controller) by extension 'colcon_pkg'
[0.227s] Level 1:colcon.colcon_core.package_identification:_identify(src/nav2_pyif/drl_vo_controller) by extensions ['colcon_meta']
[0.227s] Level 1:colcon.colcon_core.package_identification:_identify(src/nav2_pyif/drl_vo_controller) by extension 'colcon_meta'
[0.227s] Level 1:colcon.colcon_core.package_identification:_identify(src/nav2_pyif/drl_vo_controller) by extensions ['ros']
[0.227s] Level 1:colcon.colcon_core.package_identification:_identify(src/nav2_pyif/drl_vo_controller) by extension 'ros'
[0.228s] DEBUG:colcon.colcon_core.package_identification:Package 'src/nav2_pyif/drl_vo_controller' with type 'ros.ament_python' and name 'drl_vo_controller'
[0.228s] Level 1:colcon.colcon_core.package_identification:_identify(src/nav2_pyif/nav2_pyif) by extensions ['ignore', 'ignore_ament_install']
[0.228s] Level 1:colcon.colcon_core.package_identification:_identify(src/nav2_pyif/nav2_pyif) by extension 'ignore'
[0.228s] Level 1:colcon.colcon_core.package_identification:_identify(src/nav2_pyif/nav2_pyif) by extension 'ignore_ament_install'
[0.228s] Level 1:colcon.colcon_core.package_identification:_identify(src/nav2_pyif/nav2_pyif) by extensions ['colcon_pkg']
[0.228s] Level 1:colcon.colcon_core.package_identification:_identify(src/nav2_pyif/nav2_pyif) by extension 'colcon_pkg'
[0.228s] Level 1:colcon.colcon_core.package_identification:_identify(src/nav2_pyif/nav2_pyif) by extensions ['colcon_meta']
[0.228s] Level 1:colcon.colcon_core.package_identification:_identify(src/nav2_pyif/nav2_pyif) by extension 'colcon_meta'
[0.228s] Level 1:colcon.colcon_core.package_identification:_identify(src/nav2_pyif/nav2_pyif) by extensions ['ros']
[0.228s] Level 1:colcon.colcon_core.package_identification:_identify(src/nav2_pyif/nav2_pyif) by extension 'ros'
[0.229s] DEBUG:colcon.colcon_core.package_identification:Package 'src/nav2_pyif/nav2_pyif' with type 'ros.ament_cmake' and name 'nav2_pyif'
[0.229s] Level 1:colcon.colcon_core.package_identification:_identify(src/nav2_pyif/nav2_pyif_controller) by extensions ['ignore', 'ignore_ament_install']
[0.229s] Level 1:colcon.colcon_core.package_identification:_identify(src/nav2_pyif/nav2_pyif_controller) by extension 'ignore'
[0.229s] Level 1:colcon.colcon_core.package_identification:_identify(src/nav2_pyif/nav2_pyif_controller) by extension 'ignore_ament_install'
[0.229s] Level 1:colcon.colcon_core.package_identification:_identify(src/nav2_pyif/nav2_pyif_controller) by extensions ['colcon_pkg']
[0.229s] Level 1:colcon.colcon_core.package_identification:_identify(src/nav2_pyif/nav2_pyif_controller) by extension 'colcon_pkg'
[0.229s] Level 1:colcon.colcon_core.package_identification:_identify(src/nav2_pyif/nav2_pyif_controller) by extensions ['colcon_meta']
[0.229s] Level 1:colcon.colcon_core.package_identification:_identify(src/nav2_pyif/nav2_pyif_controller) by extension 'colcon_meta'
[0.229s] Level 1:colcon.colcon_core.package_identification:_identify(src/nav2_pyif/nav2_pyif_controller) by extensions ['ros']
[0.229s] Level 1:colcon.colcon_core.package_identification:_identify(src/nav2_pyif/nav2_pyif_controller) by extension 'ros'
[0.230s] DEBUG:colcon.colcon_core.package_identification:Package 'src/nav2_pyif/nav2_pyif_controller' with type 'ros.ament_cmake' and name 'nav2_pyif_controller'
[0.230s] Level 1:colcon.colcon_core.package_discovery:discover_packages(recursive) using defaults
[0.253s] Level 1:colcon.colcon_core.package_discovery:discover_packages(prefix_path) check parameters
[0.253s] Level 1:colcon.colcon_core.package_discovery:discover_packages(prefix_path) discover
[0.254s] WARNING:colcon.colcon_ros.prefix_path.ament:The path '/home/kien/colcon_ws/install/nav2_pyif_controller' in the environment variable AMENT_PREFIX_PATH doesn't exist
[0.254s] WARNING:colcon.colcon_ros.prefix_path.ament:The path '/home/kien/colcon_ws/install/nav2_pyif' in the environment variable AMENT_PREFIX_PATH doesn't exist
[0.254s] WARNING:colcon.colcon_ros.prefix_path.catkin:The path '/home/kien/colcon_ws/install/nav2_pyif_controller' in the environment variable CMAKE_PREFIX_PATH doesn't exist
[0.254s] WARNING:colcon.colcon_ros.prefix_path.catkin:The path '/home/kien/colcon_ws/install/nav2_pyif' in the environment variable CMAKE_PREFIX_PATH doesn't exist
[0.255s] DEBUG:colcon.colcon_installed_package_information.package_discovery:Found 1 installed packages in /home/kien/colcon_ws/install
[0.256s] DEBUG:colcon.colcon_installed_package_information.package_discovery:Found 334 installed packages in /opt/ros/humble
[0.257s] Level 1:colcon.colcon_core.package_discovery:discover_packages(prefix_path) using defaults
[0.289s] Level 5:colcon.colcon_core.verb:set package 'apf_python_example' build argument 'cmake_args' from command line to 'None'
[0.289s] Level 5:colcon.colcon_core.verb:set package 'apf_python_example' build argument 'cmake_target' from command line to 'None'
[0.289s] Level 5:colcon.colcon_core.verb:set package 'apf_python_example' build argument 'cmake_target_skip_unavailable' from command line to 'False'
[0.289s] Level 5:colcon.colcon_core.verb:set package 'apf_python_example' build argument 'cmake_clean_cache' from command line to 'False'
[0.289s] Level 5:colcon.colcon_core.verb:set package 'apf_python_example' build argument 'cmake_clean_first' from command line to 'False'
[0.289s] Level 5:colcon.colcon_core.verb:set package 'apf_python_example' build argument 'cmake_force_configure' from command line to 'False'
[0.289s] Level 5:colcon.colcon_core.verb:set package 'apf_python_example' build argument 'ament_cmake_args' from command line to 'None'
[0.289s] Level 5:colcon.colcon_core.verb:set package 'apf_python_example' build argument 'catkin_cmake_args' from command line to 'None'
[0.289s] Level 5:colcon.colcon_core.verb:set package 'apf_python_example' build argument 'catkin_skip_building_tests' from command line to 'False'
[0.289s] DEBUG:colcon.colcon_core.verb:Building package 'apf_python_example' with the following arguments: {'ament_cmake_args': None, 'build_base': '/home/kien/colcon_ws/build/apf_python_example', 'catkin_cmake_args': None, 'catkin_skip_building_tests': False, 'cmake_args': None, 'cmake_clean_cache': False, 'cmake_clean_first': False, 'cmake_force_configure': False, 'cmake_target': None, 'cmake_target_skip_unavailable': False, 'install_base': '/home/kien/colcon_ws/install/apf_python_example', 'merge_install': False, 'path': '/home/kien/colcon_ws/src/nav2_pyif/apf_python_example', 'symlink_install': True, 'test_result_base': None}
[0.289s] Level 5:colcon.colcon_core.verb:set package 'cnn_msgs' build argument 'cmake_args' from command line to 'None'
[0.289s] Level 5:colcon.colcon_core.verb:set package 'cnn_msgs' build argument 'cmake_target' from command line to 'None'
[0.290s] Level 5:colcon.colcon_core.verb:set package 'cnn_msgs' build argument 'cmake_target_skip_unavailable' from command line to 'False'
[0.290s] Level 5:colcon.colcon_core.verb:set package 'cnn_msgs' build argument 'cmake_clean_cache' from command line to 'False'
[0.290s] Level 5:colcon.colcon_core.verb:set package 'cnn_msgs' build argument 'cmake_clean_first' from command line to 'False'
[0.290s] Level 5:colcon.colcon_core.verb:set package 'cnn_msgs' build argument 'cmake_force_configure' from command line to 'False'
[0.290s] Level 5:colcon.colcon_core.verb:set package 'cnn_msgs' build argument 'ament_cmake_args' from command line to 'None'
[0.290s] Level 5:colcon.colcon_core.verb:set package 'cnn_msgs' build argument 'catkin_cmake_args' from command line to 'None'
[0.290s] Level 5:colcon.colcon_core.verb:set package 'cnn_msgs' build argument 'catkin_skip_building_tests' from command line to 'False'
[0.290s] DEBUG:colcon.colcon_core.verb:Building package 'cnn_msgs' with the following arguments: {'ament_cmake_args': None, 'build_base': '/home/kien/colcon_ws/build/cnn_msgs', 'catkin_cmake_args': None, 'catkin_skip_building_tests': False, 'cmake_args': None, 'cmake_clean_cache': False, 'cmake_clean_first': False, 'cmake_force_configure': False, 'cmake_target': None, 'cmake_target_skip_unavailable': False, 'install_base': '/home/kien/colcon_ws/install/cnn_msgs', 'merge_install': False, 'path': '/home/kien/colcon_ws/src/nav2_pyif/cnn_msgs', 'symlink_install': True, 'test_result_base': None}
[0.290s] Level 5:colcon.colcon_core.verb:set package 'drl_vo_controller' build argument 'cmake_args' from command line to 'None'
[0.290s] Level 5:colcon.colcon_core.verb:set package 'drl_vo_controller' build argument 'cmake_target' from command line to 'None'
[0.290s] Level 5:colcon.colcon_core.verb:set package 'drl_vo_controller' build argument 'cmake_target_skip_unavailable' from command line to 'False'
[0.290s] Level 5:colcon.colcon_core.verb:set package 'drl_vo_controller' build argument 'cmake_clean_cache' from command line to 'False'
[0.290s] Level 5:colcon.colcon_core.verb:set package 'drl_vo_controller' build argument 'cmake_clean_first' from command line to 'False'
[0.290s] Level 5:colcon.colcon_core.verb:set package 'drl_vo_controller' build argument 'cmake_force_configure' from command line to 'False'
[0.290s] Level 5:colcon.colcon_core.verb:set package 'drl_vo_controller' build argument 'ament_cmake_args' from command line to 'None'
[0.290s] Level 5:colcon.colcon_core.verb:set package 'drl_vo_controller' build argument 'catkin_cmake_args' from command line to 'None'
[0.290s] Level 5:colcon.colcon_core.verb:set package 'drl_vo_controller' build argument 'catkin_skip_building_tests' from command line to 'False'
[0.290s] DEBUG:colcon.colcon_core.verb:Building package 'drl_vo_controller' with the following arguments: {'ament_cmake_args': None, 'build_base': '/home/kien/colcon_ws/build/drl_vo_controller', 'catkin_cmake_args': None, 'catkin_skip_building_tests': False, 'cmake_args': None, 'cmake_clean_cache': False, 'cmake_clean_first': False, 'cmake_force_configure': False, 'cmake_target': None, 'cmake_target_skip_unavailable': False, 'install_base': '/home/kien/colcon_ws/install/drl_vo_controller', 'merge_install': False, 'path': '/home/kien/colcon_ws/src/nav2_pyif/drl_vo_controller', 'symlink_install': True, 'test_result_base': None}
[0.290s] Level 5:colcon.colcon_core.verb:set package 'nav2_pyif' build argument 'cmake_args' from command line to 'None'
[0.290s] Level 5:colcon.colcon_core.verb:set package 'nav2_pyif' build argument 'cmake_target' from command line to 'None'
[0.290s] Level 5:colcon.colcon_core.verb:set package 'nav2_pyif' build argument 'cmake_target_skip_unavailable' from command line to 'False'
[0.290s] Level 5:colcon.colcon_core.verb:set package 'nav2_pyif' build argument 'cmake_clean_cache' from command line to 'False'
[0.290s] Level 5:colcon.colcon_core.verb:set package 'nav2_pyif' build argument 'cmake_clean_first' from command line to 'False'
[0.290s] Level 5:colcon.colcon_core.verb:set package 'nav2_pyif' build argument 'cmake_force_configure' from command line to 'False'
[0.290s] Level 5:colcon.colcon_core.verb:set package 'nav2_pyif' build argument 'ament_cmake_args' from command line to 'None'
[0.290s] Level 5:colcon.colcon_core.verb:set package 'nav2_pyif' build argument 'catkin_cmake_args' from command line to 'None'
[0.290s] Level 5:colcon.colcon_core.verb:set package 'nav2_pyif' build argument 'catkin_skip_building_tests' from command line to 'False'
[0.290s] DEBUG:colcon.colcon_core.verb:Building package 'nav2_pyif' with the following arguments: {'ament_cmake_args': None, 'build_base': '/home/kien/colcon_ws/build/nav2_pyif', 'catkin_cmake_args': None, 'catkin_skip_building_tests': False, 'cmake_args': None, 'cmake_clean_cache': False, 'cmake_clean_first': False, 'cmake_force_configure': False, 'cmake_target': None, 'cmake_target_skip_unavailable': False, 'install_base': '/home/kien/colcon_ws/install/nav2_pyif', 'merge_install': False, 'path': '/home/kien/colcon_ws/src/nav2_pyif/nav2_pyif', 'symlink_install': True, 'test_result_base': None}
[0.291s] Level 5:colcon.colcon_core.verb:set package 'nav2_pyif_controller' build argument 'cmake_args' from command line to 'None'
[0.291s] Level 5:colcon.colcon_core.verb:set package 'nav2_pyif_controller' build argument 'cmake_target' from command line to 'None'
[0.291s] Level 5:colcon.colcon_core.verb:set package 'nav2_pyif_controller' build argument 'cmake_target_skip_unavailable' from command line to 'False'
[0.291s] Level 5:colcon.colcon_core.verb:set package 'nav2_pyif_controller' build argument 'cmake_clean_cache' from command line to 'False'
[0.291s] Level 5:colcon.colcon_core.verb:set package 'nav2_pyif_controller' build argument 'cmake_clean_first' from command line to 'False'
[0.291s] Level 5:colcon.colcon_core.verb:set package 'nav2_pyif_controller' build argument 'cmake_force_configure' from command line to 'False'
[0.291s] Level 5:colcon.colcon_core.verb:set package 'nav2_pyif_controller' build argument 'ament_cmake_args' from command line to 'None'
[0.291s] Level 5:colcon.colcon_core.verb:set package 'nav2_pyif_controller' build argument 'catkin_cmake_args' from command line to 'None'
[0.291s] Level 5:colcon.colcon_core.verb:set package 'nav2_pyif_controller' build argument 'catkin_skip_building_tests' from command line to 'False'
[0.291s] DEBUG:colcon.colcon_core.verb:Building package 'nav2_pyif_controller' with the following arguments: {'ament_cmake_args': None, 'build_base': '/home/kien/colcon_ws/build/nav2_pyif_controller', 'catkin_cmake_args': None, 'catkin_skip_building_tests': False, 'cmake_args': None, 'cmake_clean_cache': False, 'cmake_clean_first': False, 'cmake_force_configure': False, 'cmake_target': None, 'cmake_target_skip_unavailable': False, 'install_base': '/home/kien/colcon_ws/install/nav2_pyif_controller', 'merge_install': False, 'path': '/home/kien/colcon_ws/src/nav2_pyif/nav2_pyif_controller', 'symlink_install': True, 'test_result_base': None}
[0.291s] INFO:colcon.colcon_core.executor:Executing jobs using 'parallel' executor
[0.292s] DEBUG:colcon.colcon_parallel_executor.executor.parallel:run_until_complete
[0.292s] INFO:colcon.colcon_ros.task.ament_cmake.build:Building ROS package in '/home/kien/colcon_ws/src/nav2_pyif/nav2_pyif' with build type 'ament_cmake'
[0.292s] INFO:colcon.colcon_cmake.task.cmake.build:Building CMake package in '/home/kien/colcon_ws/src/nav2_pyif/nav2_pyif'
[0.294s] INFO:colcon.colcon_core.plugin_system:Skipping extension 'colcon_core.shell.bat': Not used on non-Windows systems
[0.294s] INFO:colcon.colcon_core.shell:Skip shell extension 'powershell' for command environment: Not usable outside of PowerShell
[0.294s] DEBUG:colcon.colcon_core.shell:Skip shell extension 'dsv' for command environment
[0.297s] INFO:colcon.colcon_ros.task.ament_python.build:Building ROS package in '/home/kien/colcon_ws/src/nav2_pyif/apf_python_example' with build type 'ament_python'
[0.298s] Level 1:colcon.colcon_core.shell:create_environment_hook('apf_python_example', 'ament_prefix_path')
[0.298s] INFO:colcon.colcon_core.shell:Creating environment hook '/home/kien/colcon_ws/install/apf_python_example/share/apf_python_example/hook/ament_prefix_path.ps1'
[0.298s] INFO:colcon.colcon_core.shell:Creating environment descriptor '/home/kien/colcon_ws/install/apf_python_example/share/apf_python_example/hook/ament_prefix_path.dsv'
[0.299s] INFO:colcon.colcon_core.shell:Creating environment hook '/home/kien/colcon_ws/install/apf_python_example/share/apf_python_example/hook/ament_prefix_path.sh'
[0.299s] INFO:colcon.colcon_core.shell:Skip shell extension 'powershell' for command environment: Not usable outside of PowerShell
[0.299s] DEBUG:colcon.colcon_core.shell:Skip shell extension 'dsv' for command environment
[0.302s] INFO:colcon.colcon_ros.task.ament_cmake.build:Building ROS package in '/home/kien/colcon_ws/src/nav2_pyif/cnn_msgs' with build type 'ament_cmake'
[0.303s] INFO:colcon.colcon_cmake.task.cmake.build:Building CMake package in '/home/kien/colcon_ws/src/nav2_pyif/cnn_msgs'
[0.303s] INFO:colcon.colcon_core.shell:Skip shell extension 'powershell' for command environment: Not usable outside of PowerShell
[0.303s] DEBUG:colcon.colcon_core.shell:Skip shell extension 'dsv' for command environment
[0.307s] INFO:colcon.colcon_ros.task.ament_python.build:Building ROS package in '/home/kien/colcon_ws/src/nav2_pyif/drl_vo_controller' with build type 'ament_python'
[0.307s] Level 1:colcon.colcon_core.shell:create_environment_hook('drl_vo_controller', 'ament_prefix_path')
[0.307s] INFO:colcon.colcon_core.shell:Creating environment hook '/home/kien/colcon_ws/install/drl_vo_controller/share/drl_vo_controller/hook/ament_prefix_path.ps1'
[0.307s] INFO:colcon.colcon_core.shell:Creating environment descriptor '/home/kien/colcon_ws/install/drl_vo_controller/share/drl_vo_controller/hook/ament_prefix_path.dsv'
[0.308s] INFO:colcon.colcon_core.shell:Creating environment hook '/home/kien/colcon_ws/install/drl_vo_controller/share/drl_vo_controller/hook/ament_prefix_path.sh'
[0.308s] INFO:colcon.colcon_core.shell:Skip shell extension 'powershell' for command environment: Not usable outside of PowerShell
[0.308s] DEBUG:colcon.colcon_core.shell:Skip shell extension 'dsv' for command environment
[0.316s] DEBUG:colcon.colcon_core.event_handler.log_command:Invoking command in '/home/kien/colcon_ws/build/nav2_pyif': CMAKE_PREFIX_PATH=${CMAKE_PREFIX_PATH}:/home/kien/colcon_ws/install/drl_vo_controller:/home/kien/colcon_ws/install/apf_python_example:/opt/ros/humble PS1=(.venv) \[\e]0;\u@\h: \w\a\]${debian_chroot:+($debian_chroot)}\[\033[01;32m\]\u@\h\[\033[00m\]:\[\033[01;34m\]\w\[\033[00m\]\$ /usr/bin/cmake --build /home/kien/colcon_ws/build/nav2_pyif -- -j16 -l16
[0.521s] INFO:colcon.colcon_core.task.python.build:Building Python package in '/home/kien/colcon_ws/src/nav2_pyif/apf_python_example'
[0.521s] INFO:colcon.colcon_core.shell:Skip shell extension 'powershell' for command environment: Not usable outside of PowerShell
[0.521s] DEBUG:colcon.colcon_core.shell:Skip shell extension 'dsv' for command environment
[0.528s] DEBUG:colcon.colcon_core.event_handler.log_command:Invoking command in '/home/kien/colcon_ws/build/cnn_msgs': CMAKE_PREFIX_PATH=${CMAKE_PREFIX_PATH}:/home/kien/colcon_ws/install/drl_vo_controller:/home/kien/colcon_ws/install/apf_python_example:/opt/ros/humble PS1=(.venv) \[\e]0;\u@\h: \w\a\]${debian_chroot:+($debian_chroot)}\[\033[01;32m\]\u@\h\[\033[00m\]:\[\033[01;34m\]\w\[\033[00m\]\$ /usr/bin/cmake /home/kien/colcon_ws/src/nav2_pyif/cnn_msgs -DAMENT_CMAKE_SYMLINK_INSTALL=1 -DCMAKE_INSTALL_PREFIX=/home/kien/colcon_ws/install/cnn_msgs
[0.733s] INFO:colcon.colcon_core.task.python.build:Building Python package in '/home/kien/colcon_ws/src/nav2_pyif/drl_vo_controller'
[0.734s] INFO:colcon.colcon_core.shell:Skip shell extension 'powershell' for command environment: Not usable outside of PowerShell
[0.734s] DEBUG:colcon.colcon_core.shell:Skip shell extension 'dsv' for command environment
[0.741s] DEBUG:colcon.colcon_core.event_handler.log_command:Invoked command in '/home/kien/colcon_ws/build/nav2_pyif' returned '0': CMAKE_PREFIX_PATH=${CMAKE_PREFIX_PATH}:/home/kien/colcon_ws/install/drl_vo_controller:/home/kien/colcon_ws/install/apf_python_example:/opt/ros/humble PS1=(.venv) \[\e]0;\u@\h: \w\a\]${debian_chroot:+($debian_chroot)}\[\033[01;32m\]\u@\h\[\033[00m\]:\[\033[01;34m\]\w\[\033[00m\]\$ /usr/bin/cmake --build /home/kien/colcon_ws/build/nav2_pyif -- -j16 -l16
[0.751s] DEBUG:colcon.colcon_core.event_handler.log_command:Invoking command in '/home/kien/colcon_ws/build/nav2_pyif': CMAKE_PREFIX_PATH=${CMAKE_PREFIX_PATH}:/home/kien/colcon_ws/install/drl_vo_controller:/home/kien/colcon_ws/install/apf_python_example:/opt/ros/humble PS1=(.venv) \[\e]0;\u@\h: \w\a\]${debian_chroot:+($debian_chroot)}\[\033[01;32m\]\u@\h\[\033[00m\]:\[\033[01;34m\]\w\[\033[00m\]\$ /usr/bin/cmake --install /home/kien/colcon_ws/build/nav2_pyif
[0.997s] Level 1:colcon.colcon_core.environment:create_environment_scripts_only(nav2_pyif)
[0.998s] DEBUG:colcon.colcon_core.event_handler.log_command:Invoked command in '/home/kien/colcon_ws/build/nav2_pyif' returned '0': CMAKE_PREFIX_PATH=${CMAKE_PREFIX_PATH}:/home/kien/colcon_ws/install/drl_vo_controller:/home/kien/colcon_ws/install/apf_python_example:/opt/ros/humble PS1=(.venv) \[\e]0;\u@\h: \w\a\]${debian_chroot:+($debian_chroot)}\[\033[01;32m\]\u@\h\[\033[00m\]:\[\033[01;34m\]\w\[\033[00m\]\$ /usr/bin/cmake --install /home/kien/colcon_ws/build/nav2_pyif
[1.000s] Level 1:colcon.colcon_core.environment:checking '/home/kien/colcon_ws/install/nav2_pyif' for CMake module files
[1.001s] Level 1:colcon.colcon_core.environment:checking '/home/kien/colcon_ws/install/nav2_pyif' for CMake config files
[1.001s] Level 1:colcon.colcon_core.shell:create_environment_hook('nav2_pyif', 'cmake_prefix_path')
[1.002s] INFO:colcon.colcon_core.shell:Creating environment hook '/home/kien/colcon_ws/install/nav2_pyif/share/nav2_pyif/hook/cmake_prefix_path.ps1'
[1.002s] INFO:colcon.colcon_core.shell:Creating environment descriptor '/home/kien/colcon_ws/install/nav2_pyif/share/nav2_pyif/hook/cmake_prefix_path.dsv'
[1.002s] INFO:colcon.colcon_core.shell:Creating environment hook '/home/kien/colcon_ws/install/nav2_pyif/share/nav2_pyif/hook/cmake_prefix_path.sh'
[1.003s] Level 1:colcon.colcon_core.environment:checking '/home/kien/colcon_ws/install/nav2_pyif/lib'
[1.003s] Level 1:colcon.colcon_core.shell:create_environment_hook('nav2_pyif', 'ld_library_path_lib')
[1.004s] INFO:colcon.colcon_core.shell:Creating environment hook '/home/kien/colcon_ws/install/nav2_pyif/share/nav2_pyif/hook/ld_library_path_lib.ps1'
[1.004s] INFO:colcon.colcon_core.shell:Creating environment descriptor '/home/kien/colcon_ws/install/nav2_pyif/share/nav2_pyif/hook/ld_library_path_lib.dsv'
[1.004s] INFO:colcon.colcon_core.shell:Creating environment hook '/home/kien/colcon_ws/install/nav2_pyif/share/nav2_pyif/hook/ld_library_path_lib.sh'
[1.004s] Level 1:colcon.colcon_core.environment:checking '/home/kien/colcon_ws/install/nav2_pyif/bin'
[1.004s] Level 1:colcon.colcon_core.environment:checking '/home/kien/colcon_ws/install/nav2_pyif/lib/pkgconfig/nav2_pyif.pc'
[1.005s] Level 1:colcon.colcon_core.environment:checking '/home/kien/colcon_ws/install/nav2_pyif/lib/python3.10/site-packages'
[1.005s] Level 1:colcon.colcon_core.environment:checking '/home/kien/colcon_ws/install/nav2_pyif/bin'
[1.005s] INFO:colcon.colcon_core.shell:Creating package script '/home/kien/colcon_ws/install/nav2_pyif/share/nav2_pyif/package.ps1'
[1.006s] INFO:colcon.colcon_core.shell:Creating package descriptor '/home/kien/colcon_ws/install/nav2_pyif/share/nav2_pyif/package.dsv'
[1.006s] INFO:colcon.colcon_core.shell:Creating package script '/home/kien/colcon_ws/install/nav2_pyif/share/nav2_pyif/package.sh'
[1.006s] INFO:colcon.colcon_core.shell:Creating package script '/home/kien/colcon_ws/install/nav2_pyif/share/nav2_pyif/package.bash'
[1.007s] INFO:colcon.colcon_core.shell:Creating package script '/home/kien/colcon_ws/install/nav2_pyif/share/nav2_pyif/package.zsh'
[1.007s] Level 1:colcon.colcon_core.environment:create_file_with_runtime_dependencies(/home/kien/colcon_ws/install/nav2_pyif/share/colcon-core/packages/nav2_pyif)
[1.008s] Level 1:colcon.colcon_core.environment:create_environment_scripts_only(nav2_pyif)
[1.008s] Level 1:colcon.colcon_core.environment:checking '/home/kien/colcon_ws/install/nav2_pyif' for CMake module files
[1.008s] Level 1:colcon.colcon_core.environment:checking '/home/kien/colcon_ws/install/nav2_pyif' for CMake config files
[1.009s] Level 1:colcon.colcon_core.shell:create_environment_hook('nav2_pyif', 'cmake_prefix_path')
[1.009s] INFO:colcon.colcon_core.shell:Creating environment hook '/home/kien/colcon_ws/install/nav2_pyif/share/nav2_pyif/hook/cmake_prefix_path.ps1'
[1.009s] INFO:colcon.colcon_core.shell:Creating environment descriptor '/home/kien/colcon_ws/install/nav2_pyif/share/nav2_pyif/hook/cmake_prefix_path.dsv'
[1.010s] INFO:colcon.colcon_core.shell:Creating environment hook '/home/kien/colcon_ws/install/nav2_pyif/share/nav2_pyif/hook/cmake_prefix_path.sh'
[1.010s] Level 1:colcon.colcon_core.environment:checking '/home/kien/colcon_ws/install/nav2_pyif/lib'
[1.010s] Level 1:colcon.colcon_core.shell:create_environment_hook('nav2_pyif', 'ld_library_path_lib')
[1.011s] INFO:colcon.colcon_core.shell:Creating environment hook '/home/kien/colcon_ws/install/nav2_pyif/share/nav2_pyif/hook/ld_library_path_lib.ps1'
[1.011s] INFO:colcon.colcon_core.shell:Creating environment descriptor '/home/kien/colcon_ws/install/nav2_pyif/share/nav2_pyif/hook/ld_library_path_lib.dsv'
[1.012s] INFO:colcon.colcon_core.shell:Creating environment hook '/home/kien/colcon_ws/install/nav2_pyif/share/nav2_pyif/hook/ld_library_path_lib.sh'
[1.012s] Level 1:colcon.colcon_core.environment:checking '/home/kien/colcon_ws/install/nav2_pyif/bin'
[1.012s] Level 1:colcon.colcon_core.environment:checking '/home/kien/colcon_ws/install/nav2_pyif/lib/pkgconfig/nav2_pyif.pc'
[1.013s] Level 1:colcon.colcon_core.environment:checking '/home/kien/colcon_ws/install/nav2_pyif/lib/python3.10/site-packages'
[1.013s] Level 1:colcon.colcon_core.environment:checking '/home/kien/colcon_ws/install/nav2_pyif/bin'
[1.013s] INFO:colcon.colcon_core.shell:Creating package script '/home/kien/colcon_ws/install/nav2_pyif/share/nav2_pyif/package.ps1'
[1.013s] INFO:colcon.colcon_core.shell:Creating package descriptor '/home/kien/colcon_ws/install/nav2_pyif/share/nav2_pyif/package.dsv'
[1.014s] INFO:colcon.colcon_core.shell:Creating package script '/home/kien/colcon_ws/install/nav2_pyif/share/nav2_pyif/package.sh'
[1.014s] INFO:colcon.colcon_core.shell:Creating package script '/home/kien/colcon_ws/install/nav2_pyif/share/nav2_pyif/package.bash'
[1.015s] INFO:colcon.colcon_core.shell:Creating package script '/home/kien/colcon_ws/install/nav2_pyif/share/nav2_pyif/package.zsh'
[1.015s] Level 1:colcon.colcon_core.environment:create_file_with_runtime_dependencies(/home/kien/colcon_ws/install/nav2_pyif/share/colcon-core/packages/nav2_pyif)
[1.015s] INFO:colcon.colcon_ros.task.ament_cmake.build:Building ROS package in '/home/kien/colcon_ws/src/nav2_pyif/nav2_pyif_controller' with build type 'ament_cmake'
[1.016s] INFO:colcon.colcon_cmake.task.cmake.build:Building CMake package in '/home/kien/colcon_ws/src/nav2_pyif/nav2_pyif_controller'
[1.016s] INFO:colcon.colcon_core.shell:Skip shell extension 'powershell' for command environment: Not usable outside of PowerShell
[1.016s] DEBUG:colcon.colcon_core.shell:Skip shell extension 'dsv' for command environment
[1.029s] DEBUG:colcon.colcon_core.event_handler.log_command:Invoking command in '/home/kien/colcon_ws/build/nav2_pyif_controller': CMAKE_PREFIX_PATH=/home/kien/colcon_ws/install/nav2_pyif:/home/kien/colcon_ws/install/nav2_pyif_controller:/home/kien/colcon_ws/install/drl_vo_controller:/home/kien/colcon_ws/install/apf_python_example:/opt/ros/humble LD_LIBRARY_PATH=/home/kien/colcon_ws/install/nav2_pyif/lib:/home/kien/colcon_ws/install/nav2_pyif_controller/lib:/usr/lib/x86_64-linux-gnu/gazebo-11/plugins:/opt/ros/humble/opt/rviz_ogre_vendor/lib:/opt/ros/humble/lib/x86_64-linux-gnu:/opt/ros/humble/lib:/opt/ros/humble/lib/:/opt/ros/humble/lib/:/opt/ros/humble/lib/:/opt/ros/humble/lib/:/opt/ros/humble/lib/:/opt/ros/humble/lib/:/opt/ros/humble/lib/:/opt/ros/humble/lib/:/opt/ros/humble/lib/:/opt/ros/humble/lib/:/opt/ros/humble/lib/:/opt/ros/humble/lib/:/opt/ros/humble/lib/:/opt/ros/humble/lib/:/opt/ros/humble/lib/:/opt/ros/humble/lib/:/opt/ros/humble/lib/:/opt/ros/humble/lib/:/opt/ros/humble/lib/:/opt/ros/humble/lib/:/opt/ros/humble/lib/:/opt/ros/humble/lib/:/opt/ros/humble/lib/:/opt/ros/humble/lib/:/opt/ros/humble/lib/:/opt/ros/humble/lib/ PS1=(.venv) \[\e]0;\u@\h: \w\a\]${debian_chroot:+($debian_chroot)}\[\033[01;32m\]\u@\h\[\033[00m\]:\[\033[01;34m\]\w\[\033[00m\]\$ /usr/bin/cmake /home/kien/colcon_ws/src/nav2_pyif/nav2_pyif_controller -DAMENT_CMAKE_SYMLINK_INSTALL=1 -DCMAKE_INSTALL_PREFIX=/home/kien/colcon_ws/install/nav2_pyif_controller
[1.056s] DEBUG:colcon.colcon_core.event_handler.log_command:Invoking command in '/home/kien/colcon_ws/build/apf_python_example': PS1=(.venv) \[\e]0;\u@\h: \w\a\]${debian_chroot:+($debian_chroot)}\[\033[01;32m\]\u@\h\[\033[00m\]:\[\033[01;34m\]\w\[\033[00m\]\$ PYTHONPATH=/home/kien/colcon_ws/build/apf_python_example/prefix_override:/usr/lib/python3/dist-packages/colcon_core/task/python/colcon_distutils_commands:/home/kien/colcon_ws/install/apf_python_example/lib/python3.10/site-packages:${PYTHONPATH} /usr/bin/python3 -W ignore:setup.py install is deprecated -W ignore:easy_install command is deprecated setup.py develop --editable --build-directory /home/kien/colcon_ws/build/apf_python_example/build --no-deps symlink_data
[1.068s] DEBUG:colcon.colcon_core.event_handler.log_command:Invoking command in '/home/kien/colcon_ws/build/drl_vo_controller': PS1=(.venv) \[\e]0;\u@\h: \w\a\]${debian_chroot:+($debian_chroot)}\[\033[01;32m\]\u@\h\[\033[00m\]:\[\033[01;34m\]\w\[\033[00m\]\$ PYTHONPATH=/home/kien/colcon_ws/build/drl_vo_controller/prefix_override:/usr/lib/python3/dist-packages/colcon_core/task/python/colcon_distutils_commands:/home/kien/colcon_ws/install/drl_vo_controller/lib/python3.10/site-packages:${PYTHONPATH} /usr/bin/python3 -W ignore:setup.py install is deprecated -W ignore:easy_install command is deprecated setup.py develop --editable --build-directory /home/kien/colcon_ws/build/drl_vo_controller/build --no-deps symlink_data
[1.456s] Level 1:colcon.colcon_core.shell:create_environment_hook('apf_python_example', 'pythonpath_develop')
[1.457s] INFO:colcon.colcon_core.shell:Creating environment hook '/home/kien/colcon_ws/build/apf_python_example/share/apf_python_example/hook/pythonpath_develop.ps1'
[1.457s] DEBUG:colcon.colcon_core.event_handler.log_command:Invoked command in '/home/kien/colcon_ws/build/apf_python_example' returned '0': PS1=(.venv) \[\e]0;\u@\h: \w\a\]${debian_chroot:+($debian_chroot)}\[\033[01;32m\]\u@\h\[\033[00m\]:\[\033[01;34m\]\w\[\033[00m\]\$ PYTHONPATH=/home/kien/colcon_ws/build/apf_python_example/prefix_override:/usr/lib/python3/dist-packages/colcon_core/task/python/colcon_distutils_commands:/home/kien/colcon_ws/install/apf_python_example/lib/python3.10/site-packages:${PYTHONPATH} /usr/bin/python3 -W ignore:setup.py install is deprecated -W ignore:easy_install command is deprecated setup.py develop --editable --build-directory /home/kien/colcon_ws/build/apf_python_example/build --no-deps symlink_data
[1.458s] INFO:colcon.colcon_core.shell:Creating environment descriptor '/home/kien/colcon_ws/build/apf_python_example/share/apf_python_example/hook/pythonpath_develop.dsv'
[1.458s] INFO:colcon.colcon_core.shell:Creating environment hook '/home/kien/colcon_ws/build/apf_python_example/share/apf_python_example/hook/pythonpath_develop.sh'
[1.459s] Level 1:colcon.colcon_core.environment:checking '/home/kien/colcon_ws/install/apf_python_example' for CMake module files
[1.459s] Level 1:colcon.colcon_core.environment:checking '/home/kien/colcon_ws/install/apf_python_example' for CMake config files
[1.459s] Level 1:colcon.colcon_core.environment:checking '/home/kien/colcon_ws/install/apf_python_example/lib'
[1.459s] Level 1:colcon.colcon_core.environment:checking '/home/kien/colcon_ws/install/apf_python_example/bin'
[1.460s] Level 1:colcon.colcon_core.environment:checking '/home/kien/colcon_ws/install/apf_python_example/lib/pkgconfig/apf_python_example.pc'
[1.460s] Level 1:colcon.colcon_core.environment:checking '/home/kien/colcon_ws/install/apf_python_example/lib/python3.10/site-packages'
[1.460s] Level 1:colcon.colcon_core.shell:create_environment_hook('apf_python_example', 'pythonpath')
[1.460s] INFO:colcon.colcon_core.shell:Creating environment hook '/home/kien/colcon_ws/install/apf_python_example/share/apf_python_example/hook/pythonpath.ps1'
[1.460s] INFO:colcon.colcon_core.shell:Creating environment descriptor '/home/kien/colcon_ws/install/apf_python_example/share/apf_python_example/hook/pythonpath.dsv'
[1.461s] INFO:colcon.colcon_core.shell:Creating environment hook '/home/kien/colcon_ws/install/apf_python_example/share/apf_python_example/hook/pythonpath.sh'
[1.461s] Level 1:colcon.colcon_core.environment:checking '/home/kien/colcon_ws/install/apf_python_example/bin'
[1.461s] Level 1:colcon.colcon_core.environment:create_environment_scripts_only(apf_python_example)
[1.461s] INFO:colcon.colcon_core.shell:Creating package script '/home/kien/colcon_ws/install/apf_python_example/share/apf_python_example/package.ps1'
[1.462s] INFO:colcon.colcon_core.shell:Creating package descriptor '/home/kien/colcon_ws/install/apf_python_example/share/apf_python_example/package.dsv'
[1.462s] INFO:colcon.colcon_core.shell:Creating package script '/home/kien/colcon_ws/install/apf_python_example/share/apf_python_example/package.sh'
[1.462s] INFO:colcon.colcon_core.shell:Creating package script '/home/kien/colcon_ws/install/apf_python_example/share/apf_python_example/package.bash'
[1.463s] INFO:colcon.colcon_core.shell:Creating package script '/home/kien/colcon_ws/install/apf_python_example/share/apf_python_example/package.zsh'
[1.463s] Level 1:colcon.colcon_core.environment:create_file_with_runtime_dependencies(/home/kien/colcon_ws/install/apf_python_example/share/colcon-core/packages/apf_python_example)
[1.475s] Level 1:colcon.colcon_core.shell:create_environment_hook('drl_vo_controller', 'pythonpath_develop')
[1.475s] INFO:colcon.colcon_core.shell:Creating environment hook '/home/kien/colcon_ws/build/drl_vo_controller/share/drl_vo_controller/hook/pythonpath_develop.ps1'
[1.476s] DEBUG:colcon.colcon_core.event_handler.log_command:Invoked command in '/home/kien/colcon_ws/build/drl_vo_controller' returned '0': PS1=(.venv) \[\e]0;\u@\h: \w\a\]${debian_chroot:+($debian_chroot)}\[\033[01;32m\]\u@\h\[\033[00m\]:\[\033[01;34m\]\w\[\033[00m\]\$ PYTHONPATH=/home/kien/colcon_ws/build/drl_vo_controller/prefix_override:/usr/lib/python3/dist-packages/colcon_core/task/python/colcon_distutils_commands:/home/kien/colcon_ws/install/drl_vo_controller/lib/python3.10/site-packages:${PYTHONPATH} /usr/bin/python3 -W ignore:setup.py install is deprecated -W ignore:easy_install command is deprecated setup.py develop --editable --build-directory /home/kien/colcon_ws/build/drl_vo_controller/build --no-deps symlink_data
[1.476s] INFO:colcon.colcon_core.shell:Creating environment descriptor '/home/kien/colcon_ws/build/drl_vo_controller/share/drl_vo_controller/hook/pythonpath_develop.dsv'
[1.476s] INFO:colcon.colcon_core.shell:Creating environment hook '/home/kien/colcon_ws/build/drl_vo_controller/share/drl_vo_controller/hook/pythonpath_develop.sh'
[1.477s] Level 1:colcon.colcon_core.environment:checking '/home/kien/colcon_ws/install/drl_vo_controller' for CMake module files
[1.477s] Level 1:colcon.colcon_core.environment:checking '/home/kien/colcon_ws/install/drl_vo_controller' for CMake config files
[1.477s] Level 1:colcon.colcon_core.environment:checking '/home/kien/colcon_ws/install/drl_vo_controller/lib'
[1.478s] Level 1:colcon.colcon_core.environment:checking '/home/kien/colcon_ws/install/drl_vo_controller/bin'
[1.478s] Level 1:colcon.colcon_core.environment:checking '/home/kien/colcon_ws/install/drl_vo_controller/lib/pkgconfig/drl_vo_controller.pc'
[1.478s] Level 1:colcon.colcon_core.environment:checking '/home/kien/colcon_ws/install/drl_vo_controller/lib/python3.10/site-packages'
[1.478s] Level 1:colcon.colcon_core.shell:create_environment_hook('drl_vo_controller', 'pythonpath')
[1.478s] INFO:colcon.colcon_core.shell:Creating environment hook '/home/kien/colcon_ws/install/drl_vo_controller/share/drl_vo_controller/hook/pythonpath.ps1'
[1.478s] INFO:colcon.colcon_core.shell:Creating environment descriptor '/home/kien/colcon_ws/install/drl_vo_controller/share/drl_vo_controller/hook/pythonpath.dsv'
[1.478s] INFO:colcon.colcon_core.shell:Creating environment hook '/home/kien/colcon_ws/install/drl_vo_controller/share/drl_vo_controller/hook/pythonpath.sh'
[1.479s] Level 1:colcon.colcon_core.environment:checking '/home/kien/colcon_ws/install/drl_vo_controller/bin'
[1.479s] Level 1:colcon.colcon_core.environment:create_environment_scripts_only(drl_vo_controller)
[1.479s] INFO:colcon.colcon_core.shell:Creating package script '/home/kien/colcon_ws/install/drl_vo_controller/share/drl_vo_controller/package.ps1'
[1.479s] INFO:colcon.colcon_core.shell:Creating package descriptor '/home/kien/colcon_ws/install/drl_vo_controller/share/drl_vo_controller/package.dsv'
[1.480s] INFO:colcon.colcon_core.shell:Creating package script '/home/kien/colcon_ws/install/drl_vo_controller/share/drl_vo_controller/package.sh'
[1.480s] INFO:colcon.colcon_core.shell:Creating package script '/home/kien/colcon_ws/install/drl_vo_controller/share/drl_vo_controller/package.bash'
[1.480s] INFO:colcon.colcon_core.shell:Creating package script '/home/kien/colcon_ws/install/drl_vo_controller/share/drl_vo_controller/package.zsh'
[1.480s] Level 1:colcon.colcon_core.environment:create_file_with_runtime_dependencies(/home/kien/colcon_ws/install/drl_vo_controller/share/colcon-core/packages/drl_vo_controller)
[1.531s] DEBUG:colcon.colcon_core.event_handler.log_command:Invoked command in '/home/kien/colcon_ws/build/cnn_msgs' returned '0': CMAKE_PREFIX_PATH=${CMAKE_PREFIX_PATH}:/home/kien/colcon_ws/install/drl_vo_controller:/home/kien/colcon_ws/install/apf_python_example:/opt/ros/humble PS1=(.venv) \[\e]0;\u@\h: \w\a\]${debian_chroot:+($debian_chroot)}\[\033[01;32m\]\u@\h\[\033[00m\]:\[\033[01;34m\]\w\[\033[00m\]\$ /usr/bin/cmake /home/kien/colcon_ws/src/nav2_pyif/cnn_msgs -DAMENT_CMAKE_SYMLINK_INSTALL=1 -DCMAKE_INSTALL_PREFIX=/home/kien/colcon_ws/install/cnn_msgs
[1.533s] DEBUG:colcon.colcon_core.event_handler.log_command:Invoking command in '/home/kien/colcon_ws/build/cnn_msgs': CMAKE_PREFIX_PATH=${CMAKE_PREFIX_PATH}:/home/kien/colcon_ws/install/drl_vo_controller:/home/kien/colcon_ws/install/apf_python_example:/opt/ros/humble PS1=(.venv) \[\e]0;\u@\h: \w\a\]${debian_chroot:+($debian_chroot)}\[\033[01;32m\]\u@\h\[\033[00m\]:\[\033[01;34m\]\w\[\033[00m\]\$ /usr/bin/cmake --build /home/kien/colcon_ws/build/cnn_msgs -- -j16 -l16
[2.585s] DEBUG:colcon.colcon_core.event_handler.log_command:Invoked command in '/home/kien/colcon_ws/build/nav2_pyif_controller' returned '0': CMAKE_PREFIX_PATH=/home/kien/colcon_ws/install/nav2_pyif:/home/kien/colcon_ws/install/nav2_pyif_controller:/home/kien/colcon_ws/install/drl_vo_controller:/home/kien/colcon_ws/install/apf_python_example:/opt/ros/humble LD_LIBRARY_PATH=/home/kien/colcon_ws/install/nav2_pyif/lib:/home/kien/colcon_ws/install/nav2_pyif_controller/lib:/usr/lib/x86_64-linux-gnu/gazebo-11/plugins:/opt/ros/humble/opt/rviz_ogre_vendor/lib:/opt/ros/humble/lib/x86_64-linux-gnu:/opt/ros/humble/lib:/opt/ros/humble/lib/:/opt/ros/humble/lib/:/opt/ros/humble/lib/:/opt/ros/humble/lib/:/opt/ros/humble/lib/:/opt/ros/humble/lib/:/opt/ros/humble/lib/:/opt/ros/humble/lib/:/opt/ros/humble/lib/:/opt/ros/humble/lib/:/opt/ros/humble/lib/:/opt/ros/humble/lib/:/opt/ros/humble/lib/:/opt/ros/humble/lib/:/opt/ros/humble/lib/:/opt/ros/humble/lib/:/opt/ros/humble/lib/:/opt/ros/humble/lib/:/opt/ros/humble/lib/:/opt/ros/humble/lib/:/opt/ros/humble/lib/:/opt/ros/humble/lib/:/opt/ros/humble/lib/:/opt/ros/humble/lib/:/opt/ros/humble/lib/:/opt/ros/humble/lib/ PS1=(.venv) \[\e]0;\u@\h: \w\a\]${debian_chroot:+($debian_chroot)}\[\033[01;32m\]\u@\h\[\033[00m\]:\[\033[01;34m\]\w\[\033[00m\]\$ /usr/bin/cmake /home/kien/colcon_ws/src/nav2_pyif/nav2_pyif_controller -DAMENT_CMAKE_SYMLINK_INSTALL=1 -DCMAKE_INSTALL_PREFIX=/home/kien/colcon_ws/install/nav2_pyif_controller
[2.587s] DEBUG:colcon.colcon_core.event_handler.log_command:Invoking command in '/home/kien/colcon_ws/build/nav2_pyif_controller': CMAKE_PREFIX_PATH=/home/kien/colcon_ws/install/nav2_pyif:/home/kien/colcon_ws/install/nav2_pyif_controller:/home/kien/colcon_ws/install/drl_vo_controller:/home/kien/colcon_ws/install/apf_python_example:/opt/ros/humble LD_LIBRARY_PATH=/home/kien/colcon_ws/install/nav2_pyif/lib:/home/kien/colcon_ws/install/nav2_pyif_controller/lib:/usr/lib/x86_64-linux-gnu/gazebo-11/plugins:/opt/ros/humble/opt/rviz_ogre_vendor/lib:/opt/ros/humble/lib/x86_64-linux-gnu:/opt/ros/humble/lib:/opt/ros/humble/lib/:/opt/ros/humble/lib/:/opt/ros/humble/lib/:/opt/ros/humble/lib/:/opt/ros/humble/lib/:/opt/ros/humble/lib/:/opt/ros/humble/lib/:/opt/ros/humble/lib/:/opt/ros/humble/lib/:/opt/ros/humble/lib/:/opt/ros/humble/lib/:/opt/ros/humble/lib/:/opt/ros/humble/lib/:/opt/ros/humble/lib/:/opt/ros/humble/lib/:/opt/ros/humble/lib/:/opt/ros/humble/lib/:/opt/ros/humble/lib/:/opt/ros/humble/lib/:/opt/ros/humble/lib/:/opt/ros/humble/lib/:/opt/ros/humble/lib/:/opt/ros/humble/lib/:/opt/ros/humble/lib/:/opt/ros/humble/lib/:/opt/ros/humble/lib/ PS1=(.venv) \[\e]0;\u@\h: \w\a\]${debian_chroot:+($debian_chroot)}\[\033[01;32m\]\u@\h\[\033[00m\]:\[\033[01;34m\]\w\[\033[00m\]\$ /usr/bin/cmake --build /home/kien/colcon_ws/build/nav2_pyif_controller -- -j16 -l16
[3.422s] DEBUG:colcon.colcon_core.event_handler.log_command:Invoked command in '/home/kien/colcon_ws/build/cnn_msgs' returned '0': CMAKE_PREFIX_PATH=${CMAKE_PREFIX_PATH}:/home/kien/colcon_ws/install/drl_vo_controller:/home/kien/colcon_ws/install/apf_python_example:/opt/ros/humble PS1=(.venv) \[\e]0;\u@\h: \w\a\]${debian_chroot:+($debian_chroot)}\[\033[01;32m\]\u@\h\[\033[00m\]:\[\033[01;34m\]\w\[\033[00m\]\$ /usr/bin/cmake --build /home/kien/colcon_ws/build/cnn_msgs -- -j16 -l16
[3.424s] DEBUG:colcon.colcon_core.event_handler.log_command:Invoking command in '/home/kien/colcon_ws/build/cnn_msgs': CMAKE_PREFIX_PATH=${CMAKE_PREFIX_PATH}:/home/kien/colcon_ws/install/drl_vo_controller:/home/kien/colcon_ws/install/apf_python_example:/opt/ros/humble PS1=(.venv) \[\e]0;\u@\h: \w\a\]${debian_chroot:+($debian_chroot)}\[\033[01;32m\]\u@\h\[\033[00m\]:\[\033[01;34m\]\w\[\033[00m\]\$ /usr/bin/cmake --install /home/kien/colcon_ws/build/cnn_msgs
[4.077s] Level 1:colcon.colcon_core.environment:create_environment_scripts_only(cnn_msgs)
[4.078s] Level 1:colcon.colcon_core.environment:checking '/home/kien/colcon_ws/install/cnn_msgs' for CMake module files
[4.078s] DEBUG:colcon.colcon_core.event_handler.log_command:Invoked command in '/home/kien/colcon_ws/build/cnn_msgs' returned '0': CMAKE_PREFIX_PATH=${CMAKE_PREFIX_PATH}:/home/kien/colcon_ws/install/drl_vo_controller:/home/kien/colcon_ws/install/apf_python_example:/opt/ros/humble PS1=(.venv) \[\e]0;\u@\h: \w\a\]${debian_chroot:+($debian_chroot)}\[\033[01;32m\]\u@\h\[\033[00m\]:\[\033[01;34m\]\w\[\033[00m\]\$ /usr/bin/cmake --install /home/kien/colcon_ws/build/cnn_msgs
[4.079s] Level 1:colcon.colcon_core.environment:checking '/home/kien/colcon_ws/install/cnn_msgs' for CMake config files
[4.079s] Level 1:colcon.colcon_core.shell:create_environment_hook('cnn_msgs', 'cmake_prefix_path')
[4.079s] INFO:colcon.colcon_core.shell:Creating environment hook '/home/kien/colcon_ws/install/cnn_msgs/share/cnn_msgs/hook/cmake_prefix_path.ps1'
[4.080s] INFO:colcon.colcon_core.shell:Creating environment descriptor '/home/kien/colcon_ws/install/cnn_msgs/share/cnn_msgs/hook/cmake_prefix_path.dsv'
[4.080s] INFO:colcon.colcon_core.shell:Creating environment hook '/home/kien/colcon_ws/install/cnn_msgs/share/cnn_msgs/hook/cmake_prefix_path.sh'
[4.081s] Level 1:colcon.colcon_core.environment:checking '/home/kien/colcon_ws/install/cnn_msgs/lib'
[4.081s] Level 1:colcon.colcon_core.shell:create_environment_hook('cnn_msgs', 'ld_library_path_lib')
[4.081s] INFO:colcon.colcon_core.shell:Creating environment hook '/home/kien/colcon_ws/install/cnn_msgs/share/cnn_msgs/hook/ld_library_path_lib.ps1'
[4.081s] INFO:colcon.colcon_core.shell:Creating environment descriptor '/home/kien/colcon_ws/install/cnn_msgs/share/cnn_msgs/hook/ld_library_path_lib.dsv'
[4.082s] INFO:colcon.colcon_core.shell:Creating environment hook '/home/kien/colcon_ws/install/cnn_msgs/share/cnn_msgs/hook/ld_library_path_lib.sh'
[4.082s] Level 1:colcon.colcon_core.environment:checking '/home/kien/colcon_ws/install/cnn_msgs/bin'
[4.082s] Level 1:colcon.colcon_core.environment:checking '/home/kien/colcon_ws/install/cnn_msgs/lib/pkgconfig/cnn_msgs.pc'
[4.082s] Level 1:colcon.colcon_core.environment:checking '/home/kien/colcon_ws/install/cnn_msgs/lib/python3.10/site-packages'
[4.082s] Level 1:colcon.colcon_core.shell:create_environment_hook('cnn_msgs', 'pythonpath')
[4.082s] INFO:colcon.colcon_core.shell:Creating environment hook '/home/kien/colcon_ws/install/cnn_msgs/share/cnn_msgs/hook/pythonpath.ps1'
[4.083s] INFO:colcon.colcon_core.shell:Creating environment descriptor '/home/kien/colcon_ws/install/cnn_msgs/share/cnn_msgs/hook/pythonpath.dsv'
[4.083s] INFO:colcon.colcon_core.shell:Creating environment hook '/home/kien/colcon_ws/install/cnn_msgs/share/cnn_msgs/hook/pythonpath.sh'
[4.083s] Level 1:colcon.colcon_core.environment:checking '/home/kien/colcon_ws/install/cnn_msgs/bin'
[4.084s] INFO:colcon.colcon_core.shell:Creating package script '/home/kien/colcon_ws/install/cnn_msgs/share/cnn_msgs/package.ps1'
[4.084s] INFO:colcon.colcon_core.shell:Creating package descriptor '/home/kien/colcon_ws/install/cnn_msgs/share/cnn_msgs/package.dsv'
[4.085s] INFO:colcon.colcon_core.shell:Creating package script '/home/kien/colcon_ws/install/cnn_msgs/share/cnn_msgs/package.sh'
[4.085s] INFO:colcon.colcon_core.shell:Creating package script '/home/kien/colcon_ws/install/cnn_msgs/share/cnn_msgs/package.bash'
[4.086s] INFO:colcon.colcon_core.shell:Creating package script '/home/kien/colcon_ws/install/cnn_msgs/share/cnn_msgs/package.zsh'
[4.086s] Level 1:colcon.colcon_core.environment:create_file_with_runtime_dependencies(/home/kien/colcon_ws/install/cnn_msgs/share/colcon-core/packages/cnn_msgs)
[4.086s] Level 1:colcon.colcon_core.environment:create_environment_scripts_only(cnn_msgs)
[4.087s] Level 1:colcon.colcon_core.environment:checking '/home/kien/colcon_ws/install/cnn_msgs' for CMake module files
[4.087s] Level 1:colcon.colcon_core.environment:checking '/home/kien/colcon_ws/install/cnn_msgs' for CMake config files
[4.088s] Level 1:colcon.colcon_core.shell:create_environment_hook('cnn_msgs', 'cmake_prefix_path')
[4.088s] INFO:colcon.colcon_core.shell:Creating environment hook '/home/kien/colcon_ws/install/cnn_msgs/share/cnn_msgs/hook/cmake_prefix_path.ps1'
[4.089s] INFO:colcon.colcon_core.shell:Creating environment descriptor '/home/kien/colcon_ws/install/cnn_msgs/share/cnn_msgs/hook/cmake_prefix_path.dsv'
[4.089s] INFO:colcon.colcon_core.shell:Creating environment hook '/home/kien/colcon_ws/install/cnn_msgs/share/cnn_msgs/hook/cmake_prefix_path.sh'
[4.090s] Level 1:colcon.colcon_core.environment:checking '/home/kien/colcon_ws/install/cnn_msgs/lib'
[4.090s] Level 1:colcon.colcon_core.shell:create_environment_hook('cnn_msgs', 'ld_library_path_lib')
[4.090s] INFO:colcon.colcon_core.shell:Creating environment hook '/home/kien/colcon_ws/install/cnn_msgs/share/cnn_msgs/hook/ld_library_path_lib.ps1'
[4.090s] INFO:colcon.colcon_core.shell:Creating environment descriptor '/home/kien/colcon_ws/install/cnn_msgs/share/cnn_msgs/hook/ld_library_path_lib.dsv'
[4.091s] INFO:colcon.colcon_core.shell:Creating environment hook '/home/kien/colcon_ws/install/cnn_msgs/share/cnn_msgs/hook/ld_library_path_lib.sh'
[4.091s] Level 1:colcon.colcon_core.environment:checking '/home/kien/colcon_ws/install/cnn_msgs/bin'
[4.091s] Level 1:colcon.colcon_core.environment:checking '/home/kien/colcon_ws/install/cnn_msgs/lib/pkgconfig/cnn_msgs.pc'
[4.091s] Level 1:colcon.colcon_core.environment:checking '/home/kien/colcon_ws/install/cnn_msgs/lib/python3.10/site-packages'
[4.091s] Level 1:colcon.colcon_core.shell:create_environment_hook('cnn_msgs', 'pythonpath')
[4.091s] INFO:colcon.colcon_core.shell:Creating environment hook '/home/kien/colcon_ws/install/cnn_msgs/share/cnn_msgs/hook/pythonpath.ps1'
[4.092s] INFO:colcon.colcon_core.shell:Creating environment descriptor '/home/kien/colcon_ws/install/cnn_msgs/share/cnn_msgs/hook/pythonpath.dsv'
[4.092s] INFO:colcon.colcon_core.shell:Creating environment hook '/home/kien/colcon_ws/install/cnn_msgs/share/cnn_msgs/hook/pythonpath.sh'
[4.092s] Level 1:colcon.colcon_core.environment:checking '/home/kien/colcon_ws/install/cnn_msgs/bin'
[4.093s] INFO:colcon.colcon_core.shell:Creating package script '/home/kien/colcon_ws/install/cnn_msgs/share/cnn_msgs/package.ps1'
[4.093s] INFO:colcon.colcon_core.shell:Creating package descriptor '/home/kien/colcon_ws/install/cnn_msgs/share/cnn_msgs/package.dsv'
[4.094s] INFO:colcon.colcon_core.shell:Creating package script '/home/kien/colcon_ws/install/cnn_msgs/share/cnn_msgs/package.sh'
[4.094s] INFO:colcon.colcon_core.shell:Creating package script '/home/kien/colcon_ws/install/cnn_msgs/share/cnn_msgs/package.bash'
[4.094s] INFO:colcon.colcon_core.shell:Creating package script '/home/kien/colcon_ws/install/cnn_msgs/share/cnn_msgs/package.zsh'
[4.095s] Level 1:colcon.colcon_core.environment:create_file_with_runtime_dependencies(/home/kien/colcon_ws/install/cnn_msgs/share/colcon-core/packages/cnn_msgs)
[7.569s] DEBUG:colcon.colcon_core.event_handler.log_command:Invoked command in '/home/kien/colcon_ws/build/nav2_pyif_controller' returned '0': CMAKE_PREFIX_PATH=/home/kien/colcon_ws/install/nav2_pyif:/home/kien/colcon_ws/install/nav2_pyif_controller:/home/kien/colcon_ws/install/drl_vo_controller:/home/kien/colcon_ws/install/apf_python_example:/opt/ros/humble LD_LIBRARY_PATH=/home/kien/colcon_ws/install/nav2_pyif/lib:/home/kien/colcon_ws/install/nav2_pyif_controller/lib:/usr/lib/x86_64-linux-gnu/gazebo-11/plugins:/opt/ros/humble/opt/rviz_ogre_vendor/lib:/opt/ros/humble/lib/x86_64-linux-gnu:/opt/ros/humble/lib:/opt/ros/humble/lib/:/opt/ros/humble/lib/:/opt/ros/humble/lib/:/opt/ros/humble/lib/:/opt/ros/humble/lib/:/opt/ros/humble/lib/:/opt/ros/humble/lib/:/opt/ros/humble/lib/:/opt/ros/humble/lib/:/opt/ros/humble/lib/:/opt/ros/humble/lib/:/opt/ros/humble/lib/:/opt/ros/humble/lib/:/opt/ros/humble/lib/:/opt/ros/humble/lib/:/opt/ros/humble/lib/:/opt/ros/humble/lib/:/opt/ros/humble/lib/:/opt/ros/humble/lib/:/opt/ros/humble/lib/:/opt/ros/humble/lib/:/opt/ros/humble/lib/:/opt/ros/humble/lib/:/opt/ros/humble/lib/:/opt/ros/humble/lib/:/opt/ros/humble/lib/ PS1=(.venv) \[\e]0;\u@\h: \w\a\]${debian_chroot:+($debian_chroot)}\[\033[01;32m\]\u@\h\[\033[00m\]:\[\033[01;34m\]\w\[\033[00m\]\$ /usr/bin/cmake --build /home/kien/colcon_ws/build/nav2_pyif_controller -- -j16 -l16
[7.570s] DEBUG:colcon.colcon_core.event_handler.log_command:Invoking command in '/home/kien/colcon_ws/build/nav2_pyif_controller': CMAKE_PREFIX_PATH=/home/kien/colcon_ws/install/nav2_pyif:/home/kien/colcon_ws/install/nav2_pyif_controller:/home/kien/colcon_ws/install/drl_vo_controller:/home/kien/colcon_ws/install/apf_python_example:/opt/ros/humble LD_LIBRARY_PATH=/home/kien/colcon_ws/install/nav2_pyif/lib:/home/kien/colcon_ws/install/nav2_pyif_controller/lib:/usr/lib/x86_64-linux-gnu/gazebo-11/plugins:/opt/ros/humble/opt/rviz_ogre_vendor/lib:/opt/ros/humble/lib/x86_64-linux-gnu:/opt/ros/humble/lib:/opt/ros/humble/lib/:/opt/ros/humble/lib/:/opt/ros/humble/lib/:/opt/ros/humble/lib/:/opt/ros/humble/lib/:/opt/ros/humble/lib/:/opt/ros/humble/lib/:/opt/ros/humble/lib/:/opt/ros/humble/lib/:/opt/ros/humble/lib/:/opt/ros/humble/lib/:/opt/ros/humble/lib/:/opt/ros/humble/lib/:/opt/ros/humble/lib/:/opt/ros/humble/lib/:/opt/ros/humble/lib/:/opt/ros/humble/lib/:/opt/ros/humble/lib/:/opt/ros/humble/lib/:/opt/ros/humble/lib/:/opt/ros/humble/lib/:/opt/ros/humble/lib/:/opt/ros/humble/lib/:/opt/ros/humble/lib/:/opt/ros/humble/lib/:/opt/ros/humble/lib/ PS1=(.venv) \[\e]0;\u@\h: \w\a\]${debian_chroot:+($debian_chroot)}\[\033[01;32m\]\u@\h\[\033[00m\]:\[\033[01;34m\]\w\[\033[00m\]\$ /usr/bin/cmake --install /home/kien/colcon_ws/build/nav2_pyif_controller
[7.782s] Level 1:colcon.colcon_core.environment:create_environment_scripts_only(nav2_pyif_controller)
[7.783s] Level 1:colcon.colcon_core.environment:checking '/home/kien/colcon_ws/install/nav2_pyif_controller' for CMake module files
[7.783s] DEBUG:colcon.colcon_core.event_handler.log_command:Invoked command in '/home/kien/colcon_ws/build/nav2_pyif_controller' returned '0': CMAKE_PREFIX_PATH=/home/kien/colcon_ws/install/nav2_pyif:/home/kien/colcon_ws/install/nav2_pyif_controller:/home/kien/colcon_ws/install/drl_vo_controller:/home/kien/colcon_ws/install/apf_python_example:/opt/ros/humble LD_LIBRARY_PATH=/home/kien/colcon_ws/install/nav2_pyif/lib:/home/kien/colcon_ws/install/nav2_pyif_controller/lib:/usr/lib/x86_64-linux-gnu/gazebo-11/plugins:/opt/ros/humble/opt/rviz_ogre_vendor/lib:/opt/ros/humble/lib/x86_64-linux-gnu:/opt/ros/humble/lib:/opt/ros/humble/lib/:/opt/ros/humble/lib/:/opt/ros/humble/lib/:/opt/ros/humble/lib/:/opt/ros/humble/lib/:/opt/ros/humble/lib/:/opt/ros/humble/lib/:/opt/ros/humble/lib/:/opt/ros/humble/lib/:/opt/ros/humble/lib/:/opt/ros/humble/lib/:/opt/ros/humble/lib/:/opt/ros/humble/lib/:/opt/ros/humble/lib/:/opt/ros/humble/lib/:/opt/ros/humble/lib/:/opt/ros/humble/lib/:/opt/ros/humble/lib/:/opt/ros/humble/lib/:/opt/ros/humble/lib/:/opt/ros/humble/lib/:/opt/ros/humble/lib/:/opt/ros/humble/lib/:/opt/ros/humble/lib/:/opt/ros/humble/lib/:/opt/ros/humble/lib/ PS1=(.venv) \[\e]0;\u@\h: \w\a\]${debian_chroot:+($debian_chroot)}\[\033[01;32m\]\u@\h\[\033[00m\]:\[\033[01;34m\]\w\[\033[00m\]\$ /usr/bin/cmake --install /home/kien/colcon_ws/build/nav2_pyif_controller
[7.783s] Level 1:colcon.colcon_core.environment:checking '/home/kien/colcon_ws/install/nav2_pyif_controller' for CMake config files
[7.784s] Level 1:colcon.colcon_core.shell:create_environment_hook('nav2_pyif_controller', 'cmake_prefix_path')
[7.784s] INFO:colcon.colcon_core.shell:Creating environment hook '/home/kien/colcon_ws/install/nav2_pyif_controller/share/nav2_pyif_controller/hook/cmake_prefix_path.ps1'
[7.784s] INFO:colcon.colcon_core.shell:Creating environment descriptor '/home/kien/colcon_ws/install/nav2_pyif_controller/share/nav2_pyif_controller/hook/cmake_prefix_path.dsv'
[7.784s] INFO:colcon.colcon_core.shell:Creating environment hook '/home/kien/colcon_ws/install/nav2_pyif_controller/share/nav2_pyif_controller/hook/cmake_prefix_path.sh'
[7.785s] Level 1:colcon.colcon_core.environment:checking '/home/kien/colcon_ws/install/nav2_pyif_controller/lib'
[7.785s] Level 1:colcon.colcon_core.shell:create_environment_hook('nav2_pyif_controller', 'ld_library_path_lib')
[7.785s] INFO:colcon.colcon_core.shell:Creating environment hook '/home/kien/colcon_ws/install/nav2_pyif_controller/share/nav2_pyif_controller/hook/ld_library_path_lib.ps1'
[7.785s] INFO:colcon.colcon_core.shell:Creating environment descriptor '/home/kien/colcon_ws/install/nav2_pyif_controller/share/nav2_pyif_controller/hook/ld_library_path_lib.dsv'
[7.785s] INFO:colcon.colcon_core.shell:Creating environment hook '/home/kien/colcon_ws/install/nav2_pyif_controller/share/nav2_pyif_controller/hook/ld_library_path_lib.sh'
[7.786s] Level 1:colcon.colcon_core.environment:checking '/home/kien/colcon_ws/install/nav2_pyif_controller/bin'
[7.786s] Level 1:colcon.colcon_core.environment:checking '/home/kien/colcon_ws/install/nav2_pyif_controller/lib/pkgconfig/nav2_pyif_controller.pc'
[7.786s] Level 1:colcon.colcon_core.environment:checking '/home/kien/colcon_ws/install/nav2_pyif_controller/lib/python3.10/site-packages'
[7.786s] Level 1:colcon.colcon_core.environment:checking '/home/kien/colcon_ws/install/nav2_pyif_controller/bin'
[7.786s] INFO:colcon.colcon_core.shell:Creating package script '/home/kien/colcon_ws/install/nav2_pyif_controller/share/nav2_pyif_controller/package.ps1'
[7.787s] INFO:colcon.colcon_core.shell:Creating package descriptor '/home/kien/colcon_ws/install/nav2_pyif_controller/share/nav2_pyif_controller/package.dsv'
[7.787s] INFO:colcon.colcon_core.shell:Creating package script '/home/kien/colcon_ws/install/nav2_pyif_controller/share/nav2_pyif_controller/package.sh'
[7.787s] INFO:colcon.colcon_core.shell:Creating package script '/home/kien/colcon_ws/install/nav2_pyif_controller/share/nav2_pyif_controller/package.bash'
[7.787s] INFO:colcon.colcon_core.shell:Creating package script '/home/kien/colcon_ws/install/nav2_pyif_controller/share/nav2_pyif_controller/package.zsh'
[7.788s] Level 1:colcon.colcon_core.environment:create_file_with_runtime_dependencies(/home/kien/colcon_ws/install/nav2_pyif_controller/share/colcon-core/packages/nav2_pyif_controller)
[7.788s] Level 1:colcon.colcon_core.environment:create_environment_scripts_only(nav2_pyif_controller)
[7.788s] Level 1:colcon.colcon_core.environment:checking '/home/kien/colcon_ws/install/nav2_pyif_controller' for CMake module files
[7.789s] Level 1:colcon.colcon_core.environment:checking '/home/kien/colcon_ws/install/nav2_pyif_controller' for CMake config files
[7.789s] Level 1:colcon.colcon_core.shell:create_environment_hook('nav2_pyif_controller', 'cmake_prefix_path')
[7.789s] INFO:colcon.colcon_core.shell:Creating environment hook '/home/kien/colcon_ws/install/nav2_pyif_controller/share/nav2_pyif_controller/hook/cmake_prefix_path.ps1'
[7.789s] INFO:colcon.colcon_core.shell:Creating environment descriptor '/home/kien/colcon_ws/install/nav2_pyif_controller/share/nav2_pyif_controller/hook/cmake_prefix_path.dsv'
[7.790s] INFO:colcon.colcon_core.shell:Creating environment hook '/home/kien/colcon_ws/install/nav2_pyif_controller/share/nav2_pyif_controller/hook/cmake_prefix_path.sh'
[7.790s] Level 1:colcon.colcon_core.environment:checking '/home/kien/colcon_ws/install/nav2_pyif_controller/lib'
[7.790s] Level 1:colcon.colcon_core.shell:create_environment_hook('nav2_pyif_controller', 'ld_library_path_lib')
[7.790s] INFO:colcon.colcon_core.shell:Creating environment hook '/home/kien/colcon_ws/install/nav2_pyif_controller/share/nav2_pyif_controller/hook/ld_library_path_lib.ps1'
[7.791s] INFO:colcon.colcon_core.shell:Creating environment descriptor '/home/kien/colcon_ws/install/nav2_pyif_controller/share/nav2_pyif_controller/hook/ld_library_path_lib.dsv'
[7.791s] INFO:colcon.colcon_core.shell:Creating environment hook '/home/kien/colcon_ws/install/nav2_pyif_controller/share/nav2_pyif_controller/hook/ld_library_path_lib.sh'
[7.791s] Level 1:colcon.colcon_core.environment:checking '/home/kien/colcon_ws/install/nav2_pyif_controller/bin'
[7.791s] Level 1:colcon.colcon_core.environment:checking '/home/kien/colcon_ws/install/nav2_pyif_controller/lib/pkgconfig/nav2_pyif_controller.pc'
[7.791s] Level 1:colcon.colcon_core.environment:checking '/home/kien/colcon_ws/install/nav2_pyif_controller/lib/python3.10/site-packages'
[7.791s] Level 1:colcon.colcon_core.environment:checking '/home/kien/colcon_ws/install/nav2_pyif_controller/bin'
[7.792s] INFO:colcon.colcon_core.shell:Creating package script '/home/kien/colcon_ws/install/nav2_pyif_controller/share/nav2_pyif_controller/package.ps1'
[7.792s] INFO:colcon.colcon_core.shell:Creating package descriptor '/home/kien/colcon_ws/install/nav2_pyif_controller/share/nav2_pyif_controller/package.dsv'
[7.792s] INFO:colcon.colcon_core.shell:Creating package script '/home/kien/colcon_ws/install/nav2_pyif_controller/share/nav2_pyif_controller/package.sh'
[7.793s] INFO:colcon.colcon_core.shell:Creating package script '/home/kien/colcon_ws/install/nav2_pyif_controller/share/nav2_pyif_controller/package.bash'
[7.793s] INFO:colcon.colcon_core.shell:Creating package script '/home/kien/colcon_ws/install/nav2_pyif_controller/share/nav2_pyif_controller/package.zsh'
[7.793s] Level 1:colcon.colcon_core.environment:create_file_with_runtime_dependencies(/home/kien/colcon_ws/install/nav2_pyif_controller/share/colcon-core/packages/nav2_pyif_controller)
[7.793s] DEBUG:colcon.colcon_parallel_executor.executor.parallel:closing loop
[7.794s] DEBUG:colcon.colcon_parallel_executor.executor.parallel:loop closed
[7.794s] DEBUG:colcon.colcon_parallel_executor.executor.parallel:run_until_complete finished with '0'
[7.794s] DEBUG:colcon.colcon_core.event_reactor:joining thread
[7.798s] INFO:colcon.colcon_core.plugin_system:Skipping extension 'colcon_notification.desktop_notification.terminal_notifier': Not used on non-Darwin systems
[7.798s] INFO:colcon.colcon_core.plugin_system:Skipping extension 'colcon_notification.desktop_notification.win32': Not used on non-Windows systems
[7.798s] INFO:colcon.colcon_notification.desktop_notification:Sending desktop notification using 'notify2'
[7.808s] DEBUG:colcon.colcon_core.event_reactor:joined thread
[7.809s] INFO:colcon.colcon_core.shell:Creating prefix script '/home/kien/colcon_ws/install/local_setup.ps1'
[7.810s] INFO:colcon.colcon_core.shell:Creating prefix util module '/home/kien/colcon_ws/install/_local_setup_util_ps1.py'
[7.810s] INFO:colcon.colcon_core.shell:Creating prefix chain script '/home/kien/colcon_ws/install/setup.ps1'
[7.811s] INFO:colcon.colcon_core.shell:Creating prefix script '/home/kien/colcon_ws/install/local_setup.sh'
[7.812s] INFO:colcon.colcon_core.shell:Creating prefix util module '/home/kien/colcon_ws/install/_local_setup_util_sh.py'
[7.812s] INFO:colcon.colcon_core.shell:Creating prefix chain script '/home/kien/colcon_ws/install/setup.sh'
[7.813s] INFO:colcon.colcon_core.shell:Creating prefix script '/home/kien/colcon_ws/install/local_setup.bash'
[7.813s] INFO:colcon.colcon_core.shell:Creating prefix chain script '/home/kien/colcon_ws/install/setup.bash'
[7.814s] INFO:colcon.colcon_core.shell:Creating prefix script '/home/kien/colcon_ws/install/local_setup.zsh'
[7.814s] INFO:colcon.colcon_core.shell:Creating prefix chain script '/home/kien/colcon_ws/install/setup.zsh'
