[0.228s] Invoking command in '/home/kien/colcon_ws/build/cnn_msgs': CMAKE_PREFIX_PATH=${CMAKE_PREFIX_PATH}:/home/kien/colcon_ws/install/drl_vo_controller:/home/kien/colcon_ws/install/apf_python_example:/opt/ros/humble PS1=(.venv) \[\e]0;\u@\h: \w\a\]${debian_chroot:+($debian_chroot)}\[\033[01;32m\]\u@\h\[\033[00m\]:\[\033[01;34m\]\w\[\033[00m\]\$ /usr/bin/cmake /home/kien/colcon_ws/src/nav2_pyif/cnn_msgs -DAMENT_CMAKE_SYMLINK_INSTALL=1 -DCMAKE_INSTALL_PREFIX=/home/kien/colcon_ws/install/cnn_msgs
[0.277s] -- The C compiler identification is GNU 11.4.0
[0.327s] -- The CXX compiler identification is GNU 11.4.0
[0.334s] -- Detecting C compiler ABI info
[0.397s] -- Detecting C compiler ABI info - done
[0.403s] -- Check for working C compiler: /usr/bin/cc - skipped
[0.403s] -- Detecting C compile features
[0.403s] -- Detecting C compile features - done
[0.405s] -- Detecting CXX compiler ABI info
[0.482s] -- Detecting CXX compiler ABI info - done
[0.486s] -- Check for working CXX compiler: /usr/bin/c++ - skipped
[0.487s] -- Detecting CXX compile features
[0.487s] -- Detecting CXX compile features - done
[0.489s] -- Found ament_cmake: 1.3.11 (/opt/ros/humble/share/ament_cmake/cmake)
[0.628s] -- Found Python3: /home/kien/colcon_ws/.venv/bin/python3 (found version "3.10.12") found components: Interpreter 
[0.680s] -- Override CMake install command with custom implementation using symlinks instead of copying resources
[0.706s] -- Found rosidl_default_generators: 1.2.0 (/opt/ros/humble/share/rosidl_default_generators/cmake)
[0.708s] -- Using all available rosidl_typesupport_c: rosidl_typesupport_fastrtps_c;rosidl_typesupport_introspection_c
[0.714s] -- Found rosidl_adapter: 3.1.6 (/opt/ros/humble/share/rosidl_adapter/cmake)
[0.748s] -- Using all available rosidl_typesupport_cpp: rosidl_typesupport_fastrtps_cpp;rosidl_typesupport_introspection_cpp
[0.775s] -- Found std_msgs: 4.2.4 (/opt/ros/humble/share/std_msgs/cmake)
[1.018s] -- Found ament_cmake_ros: 0.10.0 (/opt/ros/humble/share/ament_cmake_ros/cmake)
[1.180s] -- Using all available rosidl_typesupport_c: rosidl_typesupport_fastrtps_c;rosidl_typesupport_introspection_c
[1.386s] -- Using all available rosidl_typesupport_cpp: rosidl_typesupport_fastrtps_cpp;rosidl_typesupport_introspection_cpp
[1.410s] -- Found PythonInterp: /home/kien/colcon_ws/.venv/bin/python3 (found suitable version "3.10.12", minimum required is "3.6") 
[1.412s] -- Found python_cmake_module: 0.10.0 (/opt/ros/humble/share/python_cmake_module/cmake)
[1.437s] -- Found PythonLibs: /usr/lib/x86_64-linux-gnu/libpython3.10.so (found suitable version "3.10.12", minimum required is "3.5") 
[1.437s] -- Using PYTHON_EXECUTABLE: /home/kien/colcon_ws/.venv/bin/python3
[1.437s] -- Using PYTHON_INCLUDE_DIRS: /usr/include/python3.10
[1.437s] -- Using PYTHON_LIBRARIES: /usr/lib/x86_64-linux-gnu/libpython3.10.so
[1.458s] -- Found PythonExtra: .so  
[1.489s] -- Found ament_lint_auto: 0.12.11 (/opt/ros/humble/share/ament_lint_auto/cmake)
[1.507s] -- Added test 'lint_cmake' to check CMake code style
[1.508s] -- Added test 'xmllint' to check XML markup files
[1.512s] -- Configuring done
[1.535s] -- Generating done
[1.543s] -- Build files have been written to: /home/kien/colcon_ws/build/cnn_msgs
