[0.230s] Invoking command in '/home/kien/colcon_ws/build/cnn_msgs': CMAKE_PREFIX_PATH=${CMAKE_PREFIX_PATH}:/home/kien/colcon_ws/install/drl_vo_controller:/home/kien/colcon_ws/install/apf_python_example:/opt/ros/humble PS1=(.venv) \[\e]0;\u@\h: \w\a\]${debian_chroot:+($debian_chroot)}\[\033[01;32m\]\u@\h\[\033[00m\]:\[\033[01;34m\]\w\[\033[00m\]\$ /usr/bin/cmake --build /home/kien/colcon_ws/build/cnn_msgs -- -j16 -l16
[0.277s] [  9%] Built target cnn_msgs__rosidl_generator_c
[0.277s] [ 12%] Built target cnn_msgs__cpp
[0.286s] [ 12%] Built target ament_cmake_python_symlink_cnn_msgs
[0.298s] [ 41%] Built target cnn_msgs__rosidl_typesupport_fastrtps_c
[0.299s] [ 41%] Built target cnn_msgs__rosidl_typesupport_introspection_cpp
[0.299s] [ 41%] Built target cnn_msgs__rosidl_typesupport_introspection_c
[0.299s] [ 51%] Built target cnn_msgs__rosidl_typesupport_c
[0.300s] [ 61%] Built target cnn_msgs__rosidl_typesupport_fastrtps_cpp
[0.308s] [ 70%] Built target cnn_msgs__rosidl_typesupport_cpp
[0.329s] [ 70%] Built target cnn_msgs
[0.352s] [ 74%] Built target cnn_msgs__py
[0.377s] [ 80%] Built target cnn_msgs__rosidl_generator_py
[0.399s] [100%] Built target cnn_msgs__rosidl_typesupport_c__pyext
[0.399s] [100%] Built target cnn_msgs__rosidl_typesupport_introspection_c__pyext
[0.399s] [100%] Built target cnn_msgs__rosidl_typesupport_fastrtps_c__pyext
[0.460s] running egg_info
[0.460s] writing cnn_msgs.egg-info/PKG-INFO
[0.460s] writing dependency_links to cnn_msgs.egg-info/dependency_links.txt
[0.460s] writing top-level names to cnn_msgs.egg-info/top_level.txt
[0.462s] reading manifest file 'cnn_msgs.egg-info/SOURCES.txt'
[0.462s] writing manifest file 'cnn_msgs.egg-info/SOURCES.txt'
[0.493s] [100%] Built target ament_cmake_python_build_cnn_msgs_egg
[0.512s] Invoked command in '/home/kien/colcon_ws/build/cnn_msgs' returned '0': CMAKE_PREFIX_PATH=${CMAKE_PREFIX_PATH}:/home/kien/colcon_ws/install/drl_vo_controller:/home/kien/colcon_ws/install/apf_python_example:/opt/ros/humble PS1=(.venv) \[\e]0;\u@\h: \w\a\]${debian_chroot:+($debian_chroot)}\[\033[01;32m\]\u@\h\[\033[00m\]:\[\033[01;34m\]\w\[\033[00m\]\$ /usr/bin/cmake --build /home/kien/colcon_ws/build/cnn_msgs -- -j16 -l16
[0.514s] Invoking command in '/home/kien/colcon_ws/build/cnn_msgs': CMAKE_PREFIX_PATH=${CMAKE_PREFIX_PATH}:/home/kien/colcon_ws/install/drl_vo_controller:/home/kien/colcon_ws/install/apf_python_example:/opt/ros/humble PS1=(.venv) \[\e]0;\u@\h: \w\a\]${debian_chroot:+($debian_chroot)}\[\033[01;32m\]\u@\h\[\033[00m\]:\[\033[01;34m\]\w\[\033[00m\]\$ /usr/bin/cmake --install /home/kien/colcon_ws/build/cnn_msgs
[0.521s] -- Install configuration: ""
[0.522s] -- Execute custom install script
[0.522s] -- Up-to-date symlink: /home/kien/colcon_ws/install/cnn_msgs/share/ament_index/resource_index/rosidl_interfaces/cnn_msgs
[0.522s] -- Up-to-date symlink: /home/kien/colcon_ws/install/cnn_msgs/include/cnn_msgs/cnn_msgs/msg/cnn_data.h
[0.522s] -- Up-to-date symlink: /home/kien/colcon_ws/install/cnn_msgs/include/cnn_msgs/cnn_msgs/msg/detail/cnn_data__functions.h
[0.523s] -- Up-to-date symlink: /home/kien/colcon_ws/install/cnn_msgs/include/cnn_msgs/cnn_msgs/msg/detail/cnn_data__struct.h
[0.523s] -- Up-to-date symlink: /home/kien/colcon_ws/install/cnn_msgs/include/cnn_msgs/cnn_msgs/msg/detail/cnn_data__type_support.h
[0.523s] -- Up-to-date symlink: /home/kien/colcon_ws/install/cnn_msgs/include/cnn_msgs/cnn_msgs/msg/rosidl_generator_c__visibility_control.h
[0.523s] -- Up-to-date symlink: /home/kien/colcon_ws/install/cnn_msgs/share/cnn_msgs/environment/library_path.sh
[0.523s] -- Up-to-date symlink: /home/kien/colcon_ws/install/cnn_msgs/share/cnn_msgs/environment/library_path.dsv
[0.523s] -- Up-to-date symlink: /home/kien/colcon_ws/install/cnn_msgs/include/cnn_msgs/cnn_msgs/msg/detail/cnn_data__rosidl_typesupport_fastrtps_c.h
[0.523s] -- Up-to-date symlink: /home/kien/colcon_ws/install/cnn_msgs/include/cnn_msgs/cnn_msgs/msg/rosidl_typesupport_fastrtps_c__visibility_control.h
[0.524s] -- Up-to-date symlink: /home/kien/colcon_ws/install/cnn_msgs/include/cnn_msgs/cnn_msgs/msg/detail/cnn_data__rosidl_typesupport_introspection_c.h
[0.524s] -- Up-to-date symlink: /home/kien/colcon_ws/install/cnn_msgs/include/cnn_msgs/cnn_msgs/msg/rosidl_typesupport_introspection_c__visibility_control.h
[0.524s] -- Up-to-date symlink: /home/kien/colcon_ws/install/cnn_msgs/include/cnn_msgs/cnn_msgs/msg/cnn_data.hpp
[0.524s] -- Up-to-date symlink: /home/kien/colcon_ws/install/cnn_msgs/include/cnn_msgs/cnn_msgs/msg/detail/cnn_data__builder.hpp
[0.524s] -- Up-to-date symlink: /home/kien/colcon_ws/install/cnn_msgs/include/cnn_msgs/cnn_msgs/msg/detail/cnn_data__struct.hpp
[0.524s] -- Up-to-date symlink: /home/kien/colcon_ws/install/cnn_msgs/include/cnn_msgs/cnn_msgs/msg/detail/cnn_data__traits.hpp
[0.524s] -- Up-to-date symlink: /home/kien/colcon_ws/install/cnn_msgs/include/cnn_msgs/cnn_msgs/msg/detail/cnn_data__type_support.hpp
[0.525s] -- Up-to-date symlink: /home/kien/colcon_ws/install/cnn_msgs/include/cnn_msgs/cnn_msgs/msg/rosidl_generator_cpp__visibility_control.hpp
[0.525s] -- Up-to-date symlink: /home/kien/colcon_ws/install/cnn_msgs/include/cnn_msgs/cnn_msgs/msg/detail/cnn_data__rosidl_typesupport_fastrtps_cpp.hpp
[0.525s] -- Up-to-date symlink: /home/kien/colcon_ws/install/cnn_msgs/include/cnn_msgs/cnn_msgs/msg/rosidl_typesupport_fastrtps_cpp__visibility_control.h
[0.525s] -- Up-to-date symlink: /home/kien/colcon_ws/install/cnn_msgs/include/cnn_msgs/cnn_msgs/msg/detail/cnn_data__rosidl_typesupport_introspection_cpp.hpp
[0.525s] -- Up-to-date symlink: /home/kien/colcon_ws/install/cnn_msgs/share/cnn_msgs/environment/pythonpath.sh
[0.526s] -- Up-to-date symlink: /home/kien/colcon_ws/install/cnn_msgs/share/cnn_msgs/environment/pythonpath.dsv
[0.526s] -- Up-to-date symlink: /home/kien/colcon_ws/install/cnn_msgs/lib/python3.10/site-packages/cnn_msgs-0.0.0-py3.10.egg-info/PKG-INFO
[0.526s] -- Up-to-date symlink: /home/kien/colcon_ws/install/cnn_msgs/lib/python3.10/site-packages/cnn_msgs-0.0.0-py3.10.egg-info/SOURCES.txt
[0.526s] -- Up-to-date symlink: /home/kien/colcon_ws/install/cnn_msgs/lib/python3.10/site-packages/cnn_msgs-0.0.0-py3.10.egg-info/dependency_links.txt
[0.526s] -- Up-to-date symlink: /home/kien/colcon_ws/install/cnn_msgs/lib/python3.10/site-packages/cnn_msgs-0.0.0-py3.10.egg-info/top_level.txt
[0.527s] -- Up-to-date symlink: /home/kien/colcon_ws/install/cnn_msgs/lib/python3.10/site-packages/cnn_msgs/__init__.py
[0.527s] -- Up-to-date symlink: /home/kien/colcon_ws/install/cnn_msgs/lib/python3.10/site-packages/cnn_msgs/_cnn_msgs_s.ep.rosidl_typesupport_c.c
[0.527s] -- Up-to-date symlink: /home/kien/colcon_ws/install/cnn_msgs/lib/python3.10/site-packages/cnn_msgs/_cnn_msgs_s.ep.rosidl_typesupport_fastrtps_c.c
[0.527s] -- Up-to-date symlink: /home/kien/colcon_ws/install/cnn_msgs/lib/python3.10/site-packages/cnn_msgs/_cnn_msgs_s.ep.rosidl_typesupport_introspection_c.c
[0.528s] -- Up-to-date symlink: /home/kien/colcon_ws/install/cnn_msgs/lib/python3.10/site-packages/cnn_msgs/cnn_msgs_s__rosidl_typesupport_c.cpython-310-x86_64-linux-gnu.so
[0.528s] -- Up-to-date symlink: /home/kien/colcon_ws/install/cnn_msgs/lib/python3.10/site-packages/cnn_msgs/cnn_msgs_s__rosidl_typesupport_fastrtps_c.cpython-310-x86_64-linux-gnu.so
[0.528s] -- Up-to-date symlink: /home/kien/colcon_ws/install/cnn_msgs/lib/python3.10/site-packages/cnn_msgs/cnn_msgs_s__rosidl_typesupport_introspection_c.cpython-310-x86_64-linux-gnu.so
[0.528s] -- Up-to-date symlink: /home/kien/colcon_ws/install/cnn_msgs/lib/python3.10/site-packages/cnn_msgs/libcnn_msgs__rosidl_generator_py.so
[0.528s] -- Up-to-date symlink: /home/kien/colcon_ws/install/cnn_msgs/lib/python3.10/site-packages/cnn_msgs/msg/__init__.py
[0.528s] -- Up-to-date symlink: /home/kien/colcon_ws/install/cnn_msgs/lib/python3.10/site-packages/cnn_msgs/msg/_cnn_data.py
[0.528s] -- Up-to-date symlink: /home/kien/colcon_ws/install/cnn_msgs/lib/python3.10/site-packages/cnn_msgs/msg/_cnn_data_s.c
[0.528s] -- Up-to-date symlink: /home/kien/colcon_ws/install/cnn_msgs/lib/python3.10/site-packages/cnn_msgs/cnn_msgs_s__rosidl_typesupport_fastrtps_c.cpython-310-x86_64-linux-gnu.so
[0.529s] -- Up-to-date symlink: /home/kien/colcon_ws/install/cnn_msgs/lib/python3.10/site-packages/cnn_msgs/cnn_msgs_s__rosidl_typesupport_introspection_c.cpython-310-x86_64-linux-gnu.so
[0.529s] -- Up-to-date symlink: /home/kien/colcon_ws/install/cnn_msgs/lib/python3.10/site-packages/cnn_msgs/cnn_msgs_s__rosidl_typesupport_c.cpython-310-x86_64-linux-gnu.so
[0.529s] -- Up-to-date symlink: /home/kien/colcon_ws/install/cnn_msgs/share/cnn_msgs/msg/CNNData.idl
[0.529s] -- Up-to-date symlink: /home/kien/colcon_ws/install/cnn_msgs/share/cnn_msgs/msg/CNNData.msg
[0.530s] -- Up-to-date symlink: /home/kien/colcon_ws/install/cnn_msgs/share/ament_index/resource_index/package_run_dependencies/cnn_msgs
[0.530s] -- Up-to-date symlink: /home/kien/colcon_ws/install/cnn_msgs/share/ament_index/resource_index/parent_prefix_path/cnn_msgs
[0.530s] -- Up-to-date symlink: /home/kien/colcon_ws/install/cnn_msgs/share/cnn_msgs/environment/ament_prefix_path.sh
[0.530s] -- Up-to-date symlink: /home/kien/colcon_ws/install/cnn_msgs/share/cnn_msgs/environment/ament_prefix_path.dsv
[0.530s] -- Up-to-date symlink: /home/kien/colcon_ws/install/cnn_msgs/share/cnn_msgs/environment/path.sh
[0.530s] -- Up-to-date symlink: /home/kien/colcon_ws/install/cnn_msgs/share/cnn_msgs/environment/path.dsv
[0.530s] -- Up-to-date symlink: /home/kien/colcon_ws/install/cnn_msgs/share/cnn_msgs/local_setup.bash
[0.531s] -- Up-to-date symlink: /home/kien/colcon_ws/install/cnn_msgs/share/cnn_msgs/local_setup.sh
[0.531s] -- Up-to-date symlink: /home/kien/colcon_ws/install/cnn_msgs/share/cnn_msgs/local_setup.zsh
[0.531s] -- Up-to-date symlink: /home/kien/colcon_ws/install/cnn_msgs/share/cnn_msgs/local_setup.dsv
[0.531s] -- Symlinking: /home/kien/colcon_ws/install/cnn_msgs/share/cnn_msgs/package.dsv
[0.540s] -- Up-to-date symlink: /home/kien/colcon_ws/install/cnn_msgs/share/ament_index/resource_index/packages/cnn_msgs
[0.540s] -- Up-to-date symlink: /home/kien/colcon_ws/install/cnn_msgs/share/cnn_msgs/cmake/rosidl_cmake-extras.cmake
[0.540s] -- Up-to-date symlink: /home/kien/colcon_ws/install/cnn_msgs/share/cnn_msgs/cmake/ament_cmake_export_include_directories-extras.cmake
[0.540s] -- Up-to-date symlink: /home/kien/colcon_ws/install/cnn_msgs/share/cnn_msgs/cmake/ament_cmake_export_libraries-extras.cmake
[0.541s] -- Up-to-date symlink: /home/kien/colcon_ws/install/cnn_msgs/share/cnn_msgs/cmake/ament_cmake_export_targets-extras.cmake
[0.541s] -- Up-to-date symlink: /home/kien/colcon_ws/install/cnn_msgs/share/cnn_msgs/cmake/rosidl_cmake_export_typesupport_targets-extras.cmake
[0.541s] -- Up-to-date symlink: /home/kien/colcon_ws/install/cnn_msgs/share/cnn_msgs/cmake/ament_cmake_export_dependencies-extras.cmake
[0.541s] -- Up-to-date symlink: /home/kien/colcon_ws/install/cnn_msgs/share/cnn_msgs/cmake/rosidl_cmake_export_typesupport_libraries-extras.cmake
[0.541s] -- Up-to-date symlink: /home/kien/colcon_ws/install/cnn_msgs/share/cnn_msgs/cmake/cnn_msgsConfig.cmake
[0.541s] -- Up-to-date symlink: /home/kien/colcon_ws/install/cnn_msgs/share/cnn_msgs/cmake/cnn_msgsConfig-version.cmake
[0.541s] -- Up-to-date symlink: /home/kien/colcon_ws/install/cnn_msgs/share/cnn_msgs/package.xml
[0.541s] -- Up-to-date: /home/kien/colcon_ws/install/cnn_msgs/lib/libcnn_msgs__rosidl_generator_c.so
[0.542s] -- Up-to-date: /home/kien/colcon_ws/install/cnn_msgs/lib/libcnn_msgs__rosidl_typesupport_fastrtps_c.so
[0.542s] -- Up-to-date: /home/kien/colcon_ws/install/cnn_msgs/lib/libcnn_msgs__rosidl_typesupport_introspection_c.so
[0.542s] -- Up-to-date: /home/kien/colcon_ws/install/cnn_msgs/lib/libcnn_msgs__rosidl_typesupport_c.so
[0.542s] -- Up-to-date: /home/kien/colcon_ws/install/cnn_msgs/lib/libcnn_msgs__rosidl_typesupport_fastrtps_cpp.so
[0.543s] -- Up-to-date: /home/kien/colcon_ws/install/cnn_msgs/lib/libcnn_msgs__rosidl_typesupport_introspection_cpp.so
[0.543s] -- Up-to-date: /home/kien/colcon_ws/install/cnn_msgs/lib/libcnn_msgs__rosidl_typesupport_cpp.so
[0.573s] Listing '/home/kien/colcon_ws/install/cnn_msgs/lib/python3.10/site-packages/cnn_msgs'...
[0.573s] Listing '/home/kien/colcon_ws/install/cnn_msgs/lib/python3.10/site-packages/cnn_msgs/msg'...
[0.578s] -- Up-to-date: /home/kien/colcon_ws/install/cnn_msgs/lib/libcnn_msgs__rosidl_generator_py.so
[0.578s] -- Up-to-date: /home/kien/colcon_ws/install/cnn_msgs/share/cnn_msgs/cmake/export_cnn_msgs__rosidl_generator_cExport.cmake
[0.578s] -- Up-to-date: /home/kien/colcon_ws/install/cnn_msgs/share/cnn_msgs/cmake/export_cnn_msgs__rosidl_generator_cExport-noconfig.cmake
[0.578s] -- Up-to-date: /home/kien/colcon_ws/install/cnn_msgs/share/cnn_msgs/cmake/export_cnn_msgs__rosidl_typesupport_fastrtps_cExport.cmake
[0.578s] -- Up-to-date: /home/kien/colcon_ws/install/cnn_msgs/share/cnn_msgs/cmake/export_cnn_msgs__rosidl_typesupport_fastrtps_cExport-noconfig.cmake
[0.578s] -- Up-to-date: /home/kien/colcon_ws/install/cnn_msgs/share/cnn_msgs/cmake/cnn_msgs__rosidl_typesupport_introspection_cExport.cmake
[0.578s] -- Up-to-date: /home/kien/colcon_ws/install/cnn_msgs/share/cnn_msgs/cmake/cnn_msgs__rosidl_typesupport_introspection_cExport-noconfig.cmake
[0.578s] -- Up-to-date: /home/kien/colcon_ws/install/cnn_msgs/share/cnn_msgs/cmake/cnn_msgs__rosidl_typesupport_cExport.cmake
[0.578s] -- Up-to-date: /home/kien/colcon_ws/install/cnn_msgs/share/cnn_msgs/cmake/cnn_msgs__rosidl_typesupport_cExport-noconfig.cmake
[0.579s] -- Up-to-date: /home/kien/colcon_ws/install/cnn_msgs/share/cnn_msgs/cmake/export_cnn_msgs__rosidl_generator_cppExport.cmake
[0.579s] -- Up-to-date: /home/kien/colcon_ws/install/cnn_msgs/share/cnn_msgs/cmake/export_cnn_msgs__rosidl_typesupport_fastrtps_cppExport.cmake
[0.579s] -- Up-to-date: /home/kien/colcon_ws/install/cnn_msgs/share/cnn_msgs/cmake/export_cnn_msgs__rosidl_typesupport_fastrtps_cppExport-noconfig.cmake
[0.579s] -- Up-to-date: /home/kien/colcon_ws/install/cnn_msgs/share/cnn_msgs/cmake/cnn_msgs__rosidl_typesupport_introspection_cppExport.cmake
[0.579s] -- Up-to-date: /home/kien/colcon_ws/install/cnn_msgs/share/cnn_msgs/cmake/cnn_msgs__rosidl_typesupport_introspection_cppExport-noconfig.cmake
[0.579s] -- Up-to-date: /home/kien/colcon_ws/install/cnn_msgs/share/cnn_msgs/cmake/cnn_msgs__rosidl_typesupport_cppExport.cmake
[0.579s] -- Up-to-date: /home/kien/colcon_ws/install/cnn_msgs/share/cnn_msgs/cmake/cnn_msgs__rosidl_typesupport_cppExport-noconfig.cmake
[0.579s] -- Up-to-date: /home/kien/colcon_ws/install/cnn_msgs/share/cnn_msgs/cmake/export_cnn_msgs__rosidl_generator_pyExport.cmake
[0.579s] -- Up-to-date: /home/kien/colcon_ws/install/cnn_msgs/share/cnn_msgs/cmake/export_cnn_msgs__rosidl_generator_pyExport-noconfig.cmake
[0.582s] Invoked command in '/home/kien/colcon_ws/build/cnn_msgs' returned '0': CMAKE_PREFIX_PATH=${CMAKE_PREFIX_PATH}:/home/kien/colcon_ws/install/drl_vo_controller:/home/kien/colcon_ws/install/apf_python_example:/opt/ros/humble PS1=(.venv) \[\e]0;\u@\h: \w\a\]${debian_chroot:+($debian_chroot)}\[\033[01;32m\]\u@\h\[\033[00m\]:\[\033[01;34m\]\w\[\033[00m\]\$ /usr/bin/cmake --install /home/kien/colcon_ws/build/cnn_msgs
