[0.010s] Invoking command in '/home/kien/colcon_ws/build/nav2_pyif_controller': AMENT_PREFIX_PATH=/home/kien/colcon_ws/install/nav2_pyif:${AMENT_PREFIX_PATH} CMAKE_PREFIX_PATH=/home/kien/colcon_ws/install/nav2_pyif:/opt/ros/humble LD_LIBRARY_PATH=/home/kien/colcon_ws/install/nav2_pyif/lib:${LD_LIBRARY_PATH} /usr/bin/cmake --build /home/kien/colcon_ws/build/nav2_pyif_controller -- -j16 -l16
[0.072s] [ 40%] Built target nav2_pyif_controller
[0.073s] [100%] Built target apf_test
[0.087s] Invoked command in '/home/kien/colcon_ws/build/nav2_pyif_controller' returned '0': AMENT_PREFIX_PATH=/home/kien/colcon_ws/install/nav2_pyif:${AMENT_PREFIX_PATH} CMAKE_PREFIX_PATH=/home/kien/colcon_ws/install/nav2_pyif:/opt/ros/humble LD_LIBRARY_PATH=/home/kien/colcon_ws/install/nav2_pyif/lib:${LD_LIBRARY_PATH} /usr/bin/cmake --build /home/kien/colcon_ws/build/nav2_pyif_controller -- -j16 -l16
[0.088s] Invoking command in '/home/kien/colcon_ws/build/nav2_pyif_controller': AMENT_PREFIX_PATH=/home/kien/colcon_ws/install/nav2_pyif:${AMENT_PREFIX_PATH} CMAKE_PREFIX_PATH=/home/kien/colcon_ws/install/nav2_pyif:/opt/ros/humble LD_LIBRARY_PATH=/home/kien/colcon_ws/install/nav2_pyif/lib:${LD_LIBRARY_PATH} /usr/bin/cmake --install /home/kien/colcon_ws/build/nav2_pyif_controller
[0.094s] -- Install configuration: "Release"
[0.094s] -- Execute custom install script
[0.094s] -- Up-to-date symlink: /home/kien/colcon_ws/install/nav2_pyif_controller/share/nav2_pyif_controller//nav2_pyif_controller.xml
[0.094s] -- Up-to-date symlink: /home/kien/colcon_ws/install/nav2_pyif_controller/include/nav2_pyif_controller/nav2_pyif_controller.hpp
[0.094s] -- Up-to-date symlink: /home/kien/colcon_ws/install/nav2_pyif_controller/share/nav2_pyif_controller/environment/library_path.sh
[0.095s] -- Up-to-date symlink: /home/kien/colcon_ws/install/nav2_pyif_controller/share/nav2_pyif_controller/environment/library_path.dsv
[0.095s] -- Up-to-date symlink: /home/kien/colcon_ws/install/nav2_pyif_controller/share/ament_index/resource_index/package_run_dependencies/nav2_pyif_controller
[0.095s] -- Up-to-date symlink: /home/kien/colcon_ws/install/nav2_pyif_controller/share/ament_index/resource_index/parent_prefix_path/nav2_pyif_controller
[0.095s] -- Up-to-date symlink: /home/kien/colcon_ws/install/nav2_pyif_controller/share/nav2_pyif_controller/environment/ament_prefix_path.sh
[0.095s] -- Up-to-date symlink: /home/kien/colcon_ws/install/nav2_pyif_controller/share/nav2_pyif_controller/environment/ament_prefix_path.dsv
[0.095s] -- Up-to-date symlink: /home/kien/colcon_ws/install/nav2_pyif_controller/share/nav2_pyif_controller/environment/path.sh
[0.095s] -- Up-to-date symlink: /home/kien/colcon_ws/install/nav2_pyif_controller/share/nav2_pyif_controller/environment/path.dsv
[0.096s] -- Up-to-date symlink: /home/kien/colcon_ws/install/nav2_pyif_controller/share/nav2_pyif_controller/local_setup.bash
[0.096s] -- Up-to-date symlink: /home/kien/colcon_ws/install/nav2_pyif_controller/share/nav2_pyif_controller/local_setup.sh
[0.096s] -- Up-to-date symlink: /home/kien/colcon_ws/install/nav2_pyif_controller/share/nav2_pyif_controller/local_setup.zsh
[0.096s] -- Up-to-date symlink: /home/kien/colcon_ws/install/nav2_pyif_controller/share/nav2_pyif_controller/local_setup.dsv
[0.096s] -- Symlinking: /home/kien/colcon_ws/install/nav2_pyif_controller/share/nav2_pyif_controller/package.dsv
[0.105s] -- Up-to-date symlink: /home/kien/colcon_ws/install/nav2_pyif_controller/share/ament_index/resource_index/packages/nav2_pyif_controller
[0.105s] -- Up-to-date symlink: /home/kien/colcon_ws/install/nav2_pyif_controller/share/ament_index/resource_index/nav2_core__pluginlib__plugin/nav2_pyif_controller
[0.105s] -- Up-to-date symlink: /home/kien/colcon_ws/install/nav2_pyif_controller/share/nav2_pyif_controller/cmake/ament_cmake_export_include_directories-extras.cmake
[0.105s] -- Up-to-date symlink: /home/kien/colcon_ws/install/nav2_pyif_controller/share/nav2_pyif_controller/cmake/ament_cmake_export_libraries-extras.cmake
[0.105s] -- Up-to-date symlink: /home/kien/colcon_ws/install/nav2_pyif_controller/share/nav2_pyif_controller/cmake/ament_cmake_export_dependencies-extras.cmake
[0.106s] -- Up-to-date symlink: /home/kien/colcon_ws/install/nav2_pyif_controller/share/nav2_pyif_controller/cmake/ament_cmake_export_targets-extras.cmake
[0.106s] -- Up-to-date symlink: /home/kien/colcon_ws/install/nav2_pyif_controller/share/nav2_pyif_controller/cmake/nav2_pyif_controllerConfig.cmake
[0.106s] -- Up-to-date symlink: /home/kien/colcon_ws/install/nav2_pyif_controller/share/nav2_pyif_controller/cmake/nav2_pyif_controllerConfig-version.cmake
[0.106s] -- Up-to-date symlink: /home/kien/colcon_ws/install/nav2_pyif_controller/share/nav2_pyif_controller/package.xml
[0.106s] -- Up-to-date: /home/kien/colcon_ws/install/nav2_pyif_controller/lib/libnav2_pyif_controller.so
[0.106s] -- Up-to-date: /home/kien/colcon_ws/install/nav2_pyif_controller/share/nav2_pyif_controller/cmake/export_nav2_pyif_controllerExport.cmake
[0.106s] -- Up-to-date: /home/kien/colcon_ws/install/nav2_pyif_controller/share/nav2_pyif_controller/cmake/export_nav2_pyif_controllerExport-release.cmake
[0.109s] Invoked command in '/home/kien/colcon_ws/build/nav2_pyif_controller' returned '0': AMENT_PREFIX_PATH=/home/kien/colcon_ws/install/nav2_pyif:${AMENT_PREFIX_PATH} CMAKE_PREFIX_PATH=/home/kien/colcon_ws/install/nav2_pyif:/opt/ros/humble LD_LIBRARY_PATH=/home/kien/colcon_ws/install/nav2_pyif/lib:${LD_LIBRARY_PATH} /usr/bin/cmake --install /home/kien/colcon_ws/build/nav2_pyif_controller
